Flow report for ALUUAPR
Thu Mar 15 14:02:03 2018
Quartus II Version 9.1 Build 350 03/24/2010 Service Pack 2 SJ Web Edition


---------------------
; Table of Contents ;
---------------------
  1. Legal Notice
  2. Flow Summary
  3. Flow Settings
  4. Flow Non-Default Global Settings
  5. Flow Elapsed Time
  6. Flow OS Summary
  7. Flow Log



----------------
; Legal Notice ;
----------------
Copyright (C) 1991-2010 Altera Corporation
Your use of Altera Corporation's design tools, logic functions 
and other software and tools, and its AMPP partner logic 
functions, and any output files from any of the foregoing 
(including device programming or simulation files), and any 
associated documentation or information are expressly subject 
to the terms and conditions of the Altera Program License 
Subscription Agreement, Altera MegaCore Function License 
Agreement, or other applicable license agreement, including, 
without limitation, that your use is for the sole purpose of 
programming logic devices manufactured by Altera and sold by 
Altera or its authorized distributors.  Please refer to the 
applicable agreement for further details.



+-----------------------------------------------------------------------------------+
; Flow Summary                                                                      ;
+------------------------------------+----------------------------------------------+
; Flow Status                        ; Successful - Thu Mar 15 14:01:57 2018        ;
; Quartus II Version                 ; 9.1 Build 350 03/24/2010 SP 2 SJ Web Edition ;
; Revision Name                      ; ALUUAPR                                      ;
; Top-level Entity Name              ; aluuapr                                      ;
; Family                             ; Cyclone III                                  ;
; Device                             ; EP3C5E144C7                                  ;
; Timing Models                      ; Final                                        ;
; Met timing requirements            ; N/A                                          ;
; Total logic elements               ; 482 / 5,136 ( 9 % )                          ;
;     Total combinational functions  ; 430 / 5,136 ( 8 % )                          ;
;     Dedicated logic registers      ; 305 / 5,136 ( 6 % )                          ;
; Total registers                    ; 305                                          ;
; Total pins                         ; 22 / 95 ( 23 % )                             ;
; Total virtual pins                 ; 0                                            ;
; Total memory bits                  ; 0 / 423,936 ( 0 % )                          ;
; Embedded Multiplier 9-bit elements ; 0 / 46 ( 0 % )                               ;
; Total PLLs                         ; 1 / 2 ( 50 % )                               ;
+------------------------------------+----------------------------------------------+


+-----------------------------------------+
; Flow Settings                           ;
+-------------------+---------------------+
; Option            ; Setting             ;
+-------------------+---------------------+
; Start date & time ; 03/15/2018 14:01:26 ;
; Main task         ; Compilation         ;
; Revision Name     ; ALUUAPR             ;
+-------------------+---------------------+


+---------------------------------------------------------------------------------------------------------------------+
; Flow Non-Default Global Settings                                                                                    ;
+-------------------------------------+--------------------------------+---------------+-------------+----------------+
; Assignment Name                     ; Value                          ; Default Value ; Entity Name ; Section Id     ;
+-------------------------------------+--------------------------------+---------------+-------------+----------------+
; COMPILER_SIGNATURE_ID               ; 66692967850914.152111168504132 ; --            ; --          ; --             ;
; IP_TOOL_NAME                        ; LPM_XOR                        ; --            ; --          ; --             ;
; IP_TOOL_NAME                        ; LPM_AND                        ; --            ; --          ; --             ;
; IP_TOOL_NAME                        ; LPM_OR                         ; --            ; --          ; --             ;
; IP_TOOL_NAME                        ; LPM_SHIFTREG                   ; --            ; --          ; --             ;
; IP_TOOL_NAME                        ; LPM_ADD_SUB                    ; --            ; --          ; --             ;
; IP_TOOL_NAME                        ; LPM_FF                         ; --            ; --          ; --             ;
; IP_TOOL_NAME                        ; LPM_ADD_SUB                    ; --            ; --          ; --             ;
; IP_TOOL_NAME                        ; LPM_COUNTER                    ; --            ; --          ; --             ;
; IP_TOOL_NAME                        ; LPM_OR                         ; --            ; --          ; --             ;
; IP_TOOL_NAME                        ; LPM_COUNTER                    ; --            ; --          ; --             ;
; IP_TOOL_NAME                        ; LPM_SHIFTREG                   ; --            ; --          ; --             ;
; IP_TOOL_NAME                        ; LPM_SHIFTREG                   ; --            ; --          ; --             ;
; IP_TOOL_NAME                        ; LPM_SHIFTREG                   ; --            ; --          ; --             ;
; IP_TOOL_VERSION                     ; 9.1                            ; --            ; --          ; --             ;
; IP_TOOL_VERSION                     ; 9.1                            ; --            ; --          ; --             ;
; IP_TOOL_VERSION                     ; 9.1                            ; --            ; --          ; --             ;
; IP_TOOL_VERSION                     ; 9.1                            ; --            ; --          ; --             ;
; IP_TOOL_VERSION                     ; 9.1                            ; --            ; --          ; --             ;
; IP_TOOL_VERSION                     ; 9.1                            ; --            ; --          ; --             ;
; IP_TOOL_VERSION                     ; 9.1                            ; --            ; --          ; --             ;
; IP_TOOL_VERSION                     ; 9.1                            ; --            ; --          ; --             ;
; IP_TOOL_VERSION                     ; 9.1                            ; --            ; --          ; --             ;
; IP_TOOL_VERSION                     ; 9.1                            ; --            ; --          ; --             ;
; IP_TOOL_VERSION                     ; 9.1                            ; --            ; --          ; --             ;
; IP_TOOL_VERSION                     ; 9.1                            ; --            ; --          ; --             ;
; IP_TOOL_VERSION                     ; 9.1                            ; --            ; --          ; --             ;
; MAX_CORE_JUNCTION_TEMP              ; 85                             ; --            ; --          ; --             ;
; MIN_CORE_JUNCTION_TEMP              ; 0                              ; --            ; --          ; --             ;
; MISC_FILE                           ; xor48.bsf                      ; --            ; --          ; --             ;
; MISC_FILE                           ; xor48_inst.v                   ; --            ; --          ; --             ;
; MISC_FILE                           ; xor48_bb.v                     ; --            ; --          ; --             ;
; MISC_FILE                           ; xor48.inc                      ; --            ; --          ; --             ;
; MISC_FILE                           ; and48.bsf                      ; --            ; --          ; --             ;
; MISC_FILE                           ; and48_inst.v                   ; --            ; --          ; --             ;
; MISC_FILE                           ; and48_bb.v                     ; --            ; --          ; --             ;
; MISC_FILE                           ; and48.inc                      ; --            ; --          ; --             ;
; MISC_FILE                           ; or24.tdf                       ; --            ; --          ; --             ;
; MISC_FILE                           ; or24.bsf                       ; --            ; --          ; --             ;
; MISC_FILE                           ; or24_inst.v                    ; --            ; --          ; --             ;
; MISC_FILE                           ; or24_bb.v                      ; --            ; --          ; --             ;
; MISC_FILE                           ; or24.inc                       ; --            ; --          ; --             ;
; MISC_FILE                           ; RG3.bsf                        ; --            ; --          ; --             ;
; MISC_FILE                           ; RG3_inst.v                     ; --            ; --          ; --             ;
; MISC_FILE                           ; RG3_bb.v                       ; --            ; --          ; --             ;
; MISC_FILE                           ; RG3.inc                        ; --            ; --          ; --             ;
; MISC_FILE                           ; SM1abs.bsf                     ; --            ; --          ; --             ;
; MISC_FILE                           ; SM1abs_inst.v                  ; --            ; --          ; --             ;
; MISC_FILE                           ; SM1abs_bb.v                    ; --            ; --          ; --             ;
; MISC_FILE                           ; SM1abs.inc                     ; --            ; --          ; --             ;
; MISC_FILE                           ; RG4.bsf                        ; --            ; --          ; --             ;
; MISC_FILE                           ; RG4_inst.v                     ; --            ; --          ; --             ;
; MISC_FILE                           ; RG4_bb.v                       ; --            ; --          ; --             ;
; MISC_FILE                           ; RG4.inc                        ; --            ; --          ; --             ;
; MISC_FILE                           ; SM2abs.bsf                     ; --            ; --          ; --             ;
; MISC_FILE                           ; SM2abs_inst.v                  ; --            ; --          ; --             ;
; MISC_FILE                           ; SM2abs_bb.v                    ; --            ; --          ; --             ;
; MISC_FILE                           ; SM2abs.inc                     ; --            ; --          ; --             ;
; MISC_FILE                           ; counter1.bsf                   ; --            ; --          ; --             ;
; MISC_FILE                           ; counter1_inst.v                ; --            ; --          ; --             ;
; MISC_FILE                           ; counter1_bb.v                  ; --            ; --          ; --             ;
; MISC_FILE                           ; counter1.inc                   ; --            ; --          ; --             ;
; MISC_FILE                           ; myor7.tdf                      ; --            ; --          ; --             ;
; MISC_FILE                           ; myor7.bsf                      ; --            ; --          ; --             ;
; MISC_FILE                           ; myor7_inst.v                   ; --            ; --          ; --             ;
; MISC_FILE                           ; myor7_bb.v                     ; --            ; --          ; --             ;
; MISC_FILE                           ; myor7.inc                      ; --            ; --          ; --             ;
; MISC_FILE                           ; counter2.bsf                   ; --            ; --          ; --             ;
; MISC_FILE                           ; counter2_inst.v                ; --            ; --          ; --             ;
; MISC_FILE                           ; counter2_bb.v                  ; --            ; --          ; --             ;
; MISC_FILE                           ; counter2.inc                   ; --            ; --          ; --             ;
; MISC_FILE                           ; reggg1.bsf                     ; --            ; --          ; --             ;
; MISC_FILE                           ; reggg1_inst.v                  ; --            ; --          ; --             ;
; MISC_FILE                           ; reggg1_bb.v                    ; --            ; --          ; --             ;
; MISC_FILE                           ; reggg1.inc                     ; --            ; --          ; --             ;
; MISC_FILE                           ; reggg2.bsf                     ; --            ; --          ; --             ;
; MISC_FILE                           ; reggg2_inst.v                  ; --            ; --          ; --             ;
; MISC_FILE                           ; reggg2_bb.v                    ; --            ; --          ; --             ;
; MISC_FILE                           ; reggg2.inc                     ; --            ; --          ; --             ;
; MISC_FILE                           ; regggg1.bsf                    ; --            ; --          ; --             ;
; MISC_FILE                           ; regggg1_inst.v                 ; --            ; --          ; --             ;
; MISC_FILE                           ; regggg1_bb.v                   ; --            ; --          ; --             ;
; MISC_FILE                           ; regggg1.inc                    ; --            ; --          ; --             ;
; NOMINAL_CORE_SUPPLY_VOLTAGE         ; 1.2V                           ; --            ; --          ; --             ;
; PARTITION_COLOR                     ; 16764057                       ; --            ; --          ; Top            ;
; PARTITION_COLOR                     ; 16764057                       ; --            ; test3       ; Top            ;
; PARTITION_FITTER_PRESERVATION_LEVEL ; PLACEMENT_AND_ROUTING          ; --            ; test3       ; Top            ;
; PARTITION_NETLIST_TYPE              ; SOURCE                         ; --            ; --          ; Top            ;
; PARTITION_NETLIST_TYPE              ; SOURCE                         ; --            ; test3       ; Top            ;
; USE_GENERATED_PHYSICAL_CONSTRAINTS  ; Off                            ; --            ; --          ; eda_blast_fpga ;
+-------------------------------------+--------------------------------+---------------+-------------+----------------+


+-------------------------------------------------------------------------------------------------------------------------------+
; Flow Elapsed Time                                                                                                             ;
+---------------------------+--------------+-------------------------+---------------------+------------------------------------+
; Module Name               ; Elapsed Time ; Average Processors Used ; Peak Virtual Memory ; Total CPU Time (on all processors) ;
+---------------------------+--------------+-------------------------+---------------------+------------------------------------+
; Analysis & Synthesis      ; 00:00:14     ; 1.0                     ; 318 MB              ; 00:00:14                           ;
; Fitter                    ; 00:00:12     ; 1.0                     ; 312 MB              ; 00:00:13                           ;
; TimeQuest Timing Analyzer ; 00:00:08     ; 1.0                     ; 279 MB              ; 00:00:07                           ;
; Assembler                 ; 00:00:02     ; 1.0                     ; 251 MB              ; 00:00:02                           ;
; Total                     ; 00:00:34     ; --                      ; --                  ; 00:00:34                           ;
+---------------------------+--------------+-------------------------+---------------------+------------------------------------+


+--------------------------------------------------------------------------------------------+
; Flow OS Summary                                                                            ;
+---------------------------+------------------+---------------+------------+----------------+
; Module Name               ; Machine Hostname ; OS Name       ; OS Version ; Processor type ;
+---------------------------+------------------+---------------+------------+----------------+
; Analysis & Synthesis      ; affl-PC          ; Windows Vista ; 6.1        ; x86_64         ;
; Fitter                    ; affl-PC          ; Windows Vista ; 6.1        ; x86_64         ;
; Assembler                 ; affl-PC          ; Windows Vista ; 6.1        ; x86_64         ;
; TimeQuest Timing Analyzer ; affl-PC          ; Windows Vista ; 6.1        ; x86_64         ;
+---------------------------+------------------+---------------+------------+----------------+


------------
; Flow Log ;
------------
quartus_map --read_settings_files=on --write_settings_files=off ALUUAPR -c ALUUAPR
quartus_fit --read_settings_files=off --write_settings_files=off ALUUAPR -c ALUUAPR
quartus_asm --read_settings_files=off --write_settings_files=off ALUUAPR -c ALUUAPR
quartus_sta ALUUAPR -c ALUUAPR



