количество нейронов в скрытом слое: 100
коэфициент контрастирования:   0.20
результаты распознавания
0	0	0	
__________________________________________________________
количество нейронов в скрытом слое: 50
коэфициент контрастирования:   0.20
результаты распознавания
0	42	31	
__________________________________________________________
количество нейронов в скрытом слое: 100
коэфициент контрастирования:   0.20
результаты распознавания
0	0	0	0	0	
__________________________________________________________
количество нейронов в скрытом слое: 100
коэфициент контрастирования:   0.20
результаты распознавания
100	5	23	22	33	
__________________________________________________________
количество нейронов в скрытом слое: 100
коэфициент контрастирования:   0.20
результаты распознавания
8	100	88	38	22	
__________________________________________________________
количество нейронов в скрытом слое: 100
коэфициент контрастирования:   0.20
результаты распознавания
30	51	100	45	24	
__________________________________________________________
количество нейронов в скрытом слое: 100
коэфициент контрастирования:   0.20
результаты распознавания
8	22	29	100	38	
__________________________________________________________
количество нейронов в скрытом слое: 100
коэфициент контрастирования:   0.20
результаты распознавания
38	21	24	33	100	
__________________________________________________________
количество нейронов в скрытом слое: 100
коэфициент контрастирования:   0.20
результаты распознавания
58	0	0	0	8	
__________________________________________________________
количество нейронов в скрытом слое: 100
коэфициент контрастирования:   0.20
результаты распознавания
0	0	0	0	0	
__________________________________________________________
количество нейронов в скрытом слое: 100
коэфициент контрастирования:   0.20
результаты распознавания
0	0	0	0	0	
__________________________________________________________
количество нейронов в скрытом слое: 100
коэфициент контрастирования:   0.20
результаты распознавания
8	100	88	38	22	
__________________________________________________________
количество нейронов в скрытом слое: 100
коэфициент контрастирования:   0.20
результаты распознавания
0	47	14	0	0	
__________________________________________________________
количество нейронов в скрытом слое: 100
коэфициент контрастирования:   0.20
результаты распознавания
0	4	0	0	0	
__________________________________________________________
количество нейронов в скрытом слое: 100
коэфициент контрастирования:   0.20
результаты распознавания
0	0	0	0	0	
__________________________________________________________
количество нейронов в скрытом слое: 100
коэфициент контрастирования:   0.20
результаты распознавания
30	51	100	45	24	
__________________________________________________________
количество нейронов в скрытом слое: 100
коэфициент контрастирования:   0.20
результаты распознавания
0	11	44	0	0	
__________________________________________________________
количество нейронов в скрытом слое: 100
коэфициент контрастирования:   0.20
результаты распознавания
0	0	0	0	0	
__________________________________________________________
количество нейронов в скрытом слое: 100
коэфициент контрастирования:   0.20
результаты распознавания
0	0	0	39	5	
__________________________________________________________
количество нейронов в скрытом слое: 100
коэфициент контрастирования:   0.20
результаты распознавания
0	0	0	0	0	
__________________________________________________________
количество нейронов в скрытом слое: 100
коэфициент контрастирования:   0.20
результаты распознавания
0	0	0	0	0	
__________________________________________________________
количество нейронов в скрытом слое: 100
коэфициент контрастирования:   0.20
результаты распознавания
0	0	0	51	15	
__________________________________________________________
количество нейронов в скрытом слое: 100
коэфициент контрастирования:   0.20
результаты распознавания
0	0	0	0	71	
__________________________________________________________
количество нейронов в скрытом слое: 100
коэфициент контрастирования:   0.20
результаты распознавания
0	0	0	0	41	
__________________________________________________________
количество нейронов в скрытом слое: 100
коэфициент контрастирования:   0.30
результаты распознавания
0	0	0	0	8	
__________________________________________________________
количество нейронов в скрытом слое: 100
коэфициент контрастирования:   0.30
результаты распознавания
100	1	26	0	26	
__________________________________________________________
количество нейронов в скрытом слое: 100
коэфициент контрастирования:   0.30
результаты распознавания
36	0	0	0	0	
__________________________________________________________
количество нейронов в скрытом слое: 100
коэфициент контрастирования:   0.30
результаты распознавания
0	0	0	0	0	
__________________________________________________________
количество нейронов в скрытом слое: 100
коэфициент контрастирования:   0.30
результаты распознавания
0	0	0	0	0	
__________________________________________________________
количество нейронов в скрытом слое: 100
коэфициент контрастирования:   0.30
результаты распознавания
0	0	0	0	0	
__________________________________________________________
количество нейронов в скрытом слое: 100
коэфициент контрастирования:   0.30
результаты распознавания
0	100	60	40	24	
__________________________________________________________
количество нейронов в скрытом слое: 100
коэфициент контрастирования:   0.30
результаты распознавания
0	0	0	0	0	
__________________________________________________________
количество нейронов в скрытом слое: 100
коэфициент контрастирования:   0.30
результаты распознавания
42	67	100	47	3	
__________________________________________________________
количество нейронов в скрытом слое: 100
коэфициент контрастирования:   0.30
результаты распознавания
0	0	10	0	0	
__________________________________________________________
количество нейронов в скрытом слое: 100
коэфициент контрастирования:   0.30
результаты распознавания
0	0	0	0	0	
__________________________________________________________
количество нейронов в скрытом слое: 100
коэфициент контрастирования:   0.30
результаты распознавания
10	10	21	100	24	
__________________________________________________________
количество нейронов в скрытом слое: 100
коэфициент контрастирования:   0.30
результаты распознавания
0	0	0	0	0	
__________________________________________________________
количество нейронов в скрытом слое: 100
коэфициент контрастирования:   0.30
результаты распознавания
20	0	0	0	100	
__________________________________________________________
количество нейронов в скрытом слое: 100
коэфициент контрастирования:   0.30
результаты распознавания
0	0	0	0	56	
__________________________________________________________
количество нейронов в скрытом слое: 100
коэфициент контрастирования:   0.30
результаты распознавания
0	0	0	0	3	
__________________________________________________________
количество нейронов в скрытом слое: 100
коэфициент контрастирования:   0.40
результаты распознавания
0	0	0	0	0	
__________________________________________________________
количество нейронов в скрытом слое: 100
коэфициент контрастирования:   0.40
результаты распознавания
100	0	29	8	0	
__________________________________________________________
количество нейронов в скрытом слое: 100
коэфициент контрастирования:   0.40
результаты распознавания
47	0	0	0	0	
__________________________________________________________
количество нейронов в скрытом слое: 100
коэфициент контрастирования:   0.40
результаты распознавания
0	0	0	0	0	
__________________________________________________________
количество нейронов в скрытом слое: 100
коэфициент контрастирования:   0.40
результаты распознавания
3	100	66	0	0	
__________________________________________________________
количество нейронов в скрытом слое: 100
коэфициент контрастирования:   0.40
результаты распознавания
0	14	0	0	0	
__________________________________________________________
количество нейронов в скрытом слое: 100
коэфициент контрастирования:   0.40
результаты распознавания
0	0	0	0	0	
__________________________________________________________
количество нейронов в скрытом слое: 100
коэфициент контрастирования:   0.40
результаты распознавания
11	40	100	14	6	
__________________________________________________________
количество нейронов в скрытом слое: 100
коэфициент контрастирования:   0.40
результаты распознавания
0	0	6	0	0	
__________________________________________________________
количество нейронов в скрытом слое: 100
коэфициент контрастирования:   0.40
результаты распознавания
23	0	12	100	32	
__________________________________________________________
количество нейронов в скрытом слое: 100
коэфициент контрастирования:   0.40
результаты распознавания
0	0	0	13	0	
__________________________________________________________
количество нейронов в скрытом слое: 100
коэфициент контрастирования:   0.40
результаты распознавания
0	0	0	0	0	
__________________________________________________________
количество нейронов в скрытом слое: 100
коэфициент контрастирования:   0.40
результаты распознавания
34	0	0	22	100	
__________________________________________________________
количество нейронов в скрытом слое: 100
коэфициент контрастирования:   0.40
результаты распознавания
0	0	0	0	18	
__________________________________________________________
количество нейронов в скрытом слое: 100
коэфициент контрастирования:   0.60
результаты распознавания
0	0	0	0	0	
__________________________________________________________
количество нейронов в скрытом слое: 100
коэфициент контрастирования:   0.60
результаты распознавания
100	0	0	0	0	
__________________________________________________________
количество нейронов в скрытом слое: 100
коэфициент контрастирования:   0.60
результаты распознавания
0	0	0	0	0	
__________________________________________________________
количество нейронов в скрытом слое: 100
коэфициент контрастирования:   0.60
результаты распознавания
0	0	0	0	0	
__________________________________________________________
количество нейронов в скрытом слое: 100
коэфициент контрастирования:   0.60
результаты распознавания
2	100	61	0	0	
__________________________________________________________
количество нейронов в скрытом слое: 100
коэфициент контрастирования:   0.60
результаты распознавания
19	39	100	0	0	
__________________________________________________________
количество нейронов в скрытом слое: 100
коэфициент контрастирования:   0.60
результаты распознавания
0	0	0	0	0	
__________________________________________________________
количество нейронов в скрытом слое: 100
коэфициент контрастирования:   0.60
результаты распознавания
0	0	0	100	6	
__________________________________________________________
количество нейронов в скрытом слое: 100
коэфициент контрастирования:   0.60
результаты распознавания
0	0	0	0	0	
__________________________________________________________
количество нейронов в скрытом слое: 100
коэфициент контрастирования:   0.60
результаты распознавания
18	0	0	0	100	
__________________________________________________________
количество нейронов в скрытом слое: 100
коэфициент контрастирования:   0.80
результаты распознавания
0	0	0	0	0	
__________________________________________________________
количество нейронов в скрытом слое: 100
коэфициент контрастирования:   0.80
результаты распознавания
100	0	0	0	0	
__________________________________________________________
количество нейронов в скрытом слое: 100
коэфициент контрастирования:   0.80
результаты распознавания
0	100	58	0	0	
__________________________________________________________
количество нейронов в скрытом слое: 100
коэфициент контрастирования:   0.80
результаты распознавания
100	0	0	0	0	
__________________________________________________________
количество нейронов в скрытом слое: 100
коэфициент контрастирования:   0.80
результаты распознавания
0	0	0	0	0	
__________________________________________________________
количество нейронов в скрытом слое: 100
коэфициент контрастирования:   0.80
результаты распознавания
0	100	58	0	0	
__________________________________________________________
количество нейронов в скрытом слое: 100
коэфициент контрастирования:   0.80
результаты распознавания
0	0	0	0	0	
__________________________________________________________
количество нейронов в скрытом слое: 100
коэфициент контрастирования:   0.80
результаты распознавания
0	26	100	0	0	
__________________________________________________________
количество нейронов в скрытом слое: 100
коэфициент контрастирования:   0.80
результаты распознавания
0	0	0	0	0	
__________________________________________________________
количество нейронов в скрытом слое: 100
коэфициент контрастирования:   0.80
результаты распознавания
0	0	0	100	0	
__________________________________________________________
количество нейронов в скрытом слое: 100
коэфициент контрастирования:   0.80
результаты распознавания
0	0	0	0	0	
__________________________________________________________
количество нейронов в скрытом слое: 100
коэфициент контрастирования:   0.80
результаты распознавания
0	0	0	0	100	
__________________________________________________________
количество нейронов в скрытом слое: 1000
коэфициент контрастирования:   0.20
результаты распознавания
0	0	0	
__________________________________________________________
количество нейронов в скрытом слое: 1000
коэфициент контрастирования:   0.20
результаты распознавания
0	0	0	
__________________________________________________________
количество нейронов в скрытом слое: 1000
коэфициент контрастирования:   0.20
результаты распознавания
0	0	0	
__________________________________________________________
количество нейронов в скрытом слое: 1000
коэфициент контрастирования:   0.20
результаты распознавания
0	0	0	
__________________________________________________________
количество нейронов в скрытом слое: 1000
коэфициент контрастирования:   0.20
результаты распознавания
0	0	0	
__________________________________________________________
количество нейронов в скрытом слое: 74
коэфициент контрастирования:   0.20
результаты распознавания
0	58	0	0	0	
__________________________________________________________
количество нейронов в скрытом слое: 74
коэфициент контрастирования:   0.20
результаты распознавания
11	25	100	26	7	
__________________________________________________________
количество нейронов в скрытом слое: 74
коэфициент контрастирования:   0.20
результаты распознавания
5	40	9	100	52	
__________________________________________________________
количество нейронов в скрытом слое: 74
коэфициент контрастирования:   0.20
результаты распознавания
0	51	0	51	100	
__________________________________________________________
