Analysis & Synthesis report for Ob
Sat Mar 10 15:12:24 2018
Quartus II Version 9.1 Build 350 03/24/2010 Service Pack 2 SJ Web Edition


---------------------
; Table of Contents ;
---------------------
  1. Legal Notice
  2. Analysis & Synthesis Summary
  3. Analysis & Synthesis Settings
  4. Parallel Compilation
  5. Analysis & Synthesis Source Files Read
  6. Analysis & Synthesis Resource Usage Summary
  7. Analysis & Synthesis Resource Utilization by Entity
  8. Registers Removed During Synthesis
  9. General Register Statistics
 10. Inverted Register Statistics
 11. Multiplexer Restructuring Statistics (Restructuring Performed)
 12. Source assignments for CT2:inst33|lpm_counter:lpm_counter_component
 13. Source assignments for CT1:inst28|lpm_counter:lpm_counter_component
 14. Parameter Settings for User Entity Instance: FF:inst62|lpm_ff:lpm_ff_component
 15. Parameter Settings for User Entity Instance: RG1:inst2|lpm_shiftreg:lpm_shiftreg_component
 16. Parameter Settings for User Entity Instance: KC3:inst22|lpm_or:lpm_or_component
 17. Parameter Settings for User Entity Instance: RG3:inst13|lpm_ff:lpm_ff_component
 18. Parameter Settings for User Entity Instance: My:inst11|lpm_mux:lpm_mux_component
 19. Parameter Settings for User Entity Instance: SM1:inst9|lpm_add_sub:lpm_add_sub_component
 20. Parameter Settings for User Entity Instance: KS2:inst8|lpm_xor:lpm_xor_component
 21. Parameter Settings for User Entity Instance: My:inst16|lpm_mux:lpm_mux_component
 22. Parameter Settings for User Entity Instance: CT2:inst33|lpm_counter:lpm_counter_component
 23. Parameter Settings for User Entity Instance: SM2:inst31|lpm_add_sub:lpm_add_sub_component
 24. Parameter Settings for User Entity Instance: KS1:inst30|lpm_xor:lpm_xor_component
 25. Parameter Settings for User Entity Instance: CT1:inst28|lpm_counter:lpm_counter_component
 26. Parameter Settings for User Entity Instance: KS4:inst40|lpm_or:lpm_or_component
 27. Parameter Settings for User Entity Instance: RG2:inst23|lpm_shiftreg:lpm_shiftreg_component
 28. Parameter Settings for User Entity Instance: KS5:inst24|lpm_or:lpm_or_component
 29. Parameter Settings for User Entity Instance: lpm_compare0:inst46|lpm_compare:lpm_compare_component
 30. lpm_shiftreg Parameter Settings by Entity Instance
 31. Analysis & Synthesis Messages



----------------
; Legal Notice ;
----------------
Copyright (C) 1991-2010 Altera Corporation
Your use of Altera Corporation's design tools, logic functions 
and other software and tools, and its AMPP partner logic 
functions, and any output files from any of the foregoing 
(including device programming or simulation files), and any 
associated documentation or information are expressly subject 
to the terms and conditions of the Altera Program License 
Subscription Agreement, Altera MegaCore Function License 
Agreement, or other applicable license agreement, including, 
without limitation, that your use is for the sole purpose of 
programming logic devices manufactured by Altera and sold by 
Altera or its authorized distributors.  Please refer to the 
applicable agreement for further details.



+-----------------------------------------------------------------------------------+
; Analysis & Synthesis Summary                                                      ;
+------------------------------------+----------------------------------------------+
; Analysis & Synthesis Status        ; Successful - Sat Mar 10 15:12:23 2018        ;
; Quartus II Version                 ; 9.1 Build 350 03/24/2010 SP 2 SJ Web Edition ;
; Revision Name                      ; Ob                                           ;
; Top-level Entity Name              ; Ob                                           ;
; Family                             ; Cyclone III                                  ;
; Total logic elements               ; 1,638                                        ;
;     Total combinational functions  ; 1,635                                        ;
;     Dedicated logic registers      ; 199                                          ;
; Total registers                    ; 199                                          ;
; Total pins                         ; 114                                          ;
; Total virtual pins                 ; 0                                            ;
; Total memory bits                  ; 0                                            ;
; Embedded Multiplier 9-bit elements ; 0                                            ;
; Total PLLs                         ; 0                                            ;
+------------------------------------+----------------------------------------------+


+----------------------------------------------------------------------------------------------------------------------+
; Analysis & Synthesis Settings                                                                                        ;
+----------------------------------------------------------------------------+--------------------+--------------------+
; Option                                                                     ; Setting            ; Default Value      ;
+----------------------------------------------------------------------------+--------------------+--------------------+
; Device                                                                     ; EP3C5F256C6        ;                    ;
; Top-level entity name                                                      ; Ob                 ; Ob                 ;
; Family name                                                                ; Cyclone III        ; Stratix II         ;
; Use Generated Physical Constraints File                                    ; Off                ;                    ;
; Use smart compilation                                                      ; Off                ; Off                ;
; Enable parallel Assembler and TimeQuest Timing Analyzer during compilation ; On                 ; On                 ;
; Enable compact report table                                                ; Off                ; Off                ;
; Restructure Multiplexers                                                   ; Auto               ; Auto               ;
; Create Debugging Nodes for IP Cores                                        ; Off                ; Off                ;
; Preserve fewer node names                                                  ; On                 ; On                 ;
; Disable OpenCore Plus hardware evaluation                                  ; Off                ; Off                ;
; Verilog Version                                                            ; Verilog_2001       ; Verilog_2001       ;
; VHDL Version                                                               ; VHDL_1993          ; VHDL_1993          ;
; State Machine Processing                                                   ; Auto               ; Auto               ;
; Safe State Machine                                                         ; Off                ; Off                ;
; Extract Verilog State Machines                                             ; On                 ; On                 ;
; Extract VHDL State Machines                                                ; On                 ; On                 ;
; Ignore Verilog initial constructs                                          ; Off                ; Off                ;
; Iteration limit for constant Verilog loops                                 ; 5000               ; 5000               ;
; Iteration limit for non-constant Verilog loops                             ; 250                ; 250                ;
; Add Pass-Through Logic to Inferred RAMs                                    ; On                 ; On                 ;
; Parallel Synthesis                                                         ; On                 ; On                 ;
; DSP Block Balancing                                                        ; Auto               ; Auto               ;
; NOT Gate Push-Back                                                         ; On                 ; On                 ;
; Power-Up Don't Care                                                        ; On                 ; On                 ;
; Remove Redundant Logic Cells                                               ; Off                ; Off                ;
; Remove Duplicate Registers                                                 ; On                 ; On                 ;
; Ignore CARRY Buffers                                                       ; Off                ; Off                ;
; Ignore CASCADE Buffers                                                     ; Off                ; Off                ;
; Ignore GLOBAL Buffers                                                      ; Off                ; Off                ;
; Ignore ROW GLOBAL Buffers                                                  ; Off                ; Off                ;
; Ignore LCELL Buffers                                                       ; Off                ; Off                ;
; Ignore SOFT Buffers                                                        ; On                 ; On                 ;
; Limit AHDL Integers to 32 Bits                                             ; Off                ; Off                ;
; Optimization Technique                                                     ; Balanced           ; Balanced           ;
; Carry Chain Length                                                         ; 70                 ; 70                 ;
; Auto Carry Chains                                                          ; On                 ; On                 ;
; Auto Open-Drain Pins                                                       ; On                 ; On                 ;
; Perform WYSIWYG Primitive Resynthesis                                      ; Off                ; Off                ;
; Auto ROM Replacement                                                       ; On                 ; On                 ;
; Auto RAM Replacement                                                       ; On                 ; On                 ;
; Auto DSP Block Replacement                                                 ; On                 ; On                 ;
; Auto Shift Register Replacement                                            ; Auto               ; Auto               ;
; Auto Clock Enable Replacement                                              ; On                 ; On                 ;
; Strict RAM Replacement                                                     ; Off                ; Off                ;
; Allow Synchronous Control Signals                                          ; On                 ; On                 ;
; Force Use of Synchronous Clear Signals                                     ; Off                ; Off                ;
; Auto RAM Block Balancing                                                   ; On                 ; On                 ;
; Auto RAM to Logic Cell Conversion                                          ; Off                ; Off                ;
; Auto Resource Sharing                                                      ; Off                ; Off                ;
; Allow Any RAM Size For Recognition                                         ; Off                ; Off                ;
; Allow Any ROM Size For Recognition                                         ; Off                ; Off                ;
; Allow Any Shift Register Size For Recognition                              ; Off                ; Off                ;
; Use LogicLock Constraints during Resource Balancing                        ; On                 ; On                 ;
; Ignore translate_off and synthesis_off directives                          ; Off                ; Off                ;
; Timing-Driven Synthesis                                                    ; On                 ; On                 ;
; Show Parameter Settings Tables in Synthesis Report                         ; On                 ; On                 ;
; Ignore Maximum Fan-Out Assignments                                         ; Off                ; Off                ;
; Synchronization Register Chain Length                                      ; 2                  ; 2                  ;
; PowerPlay Power Optimization                                               ; Normal compilation ; Normal compilation ;
; HDL message level                                                          ; Level2             ; Level2             ;
; Suppress Register Optimization Related Messages                            ; Off                ; Off                ;
; Number of Removed Registers Reported in Synthesis Report                   ; 5000               ; 5000               ;
; Number of Inverted Registers Reported in Synthesis Report                  ; 100                ; 100                ;
; Clock MUX Protection                                                       ; On                 ; On                 ;
; Auto Gated Clock Conversion                                                ; Off                ; Off                ;
; Block Design Naming                                                        ; Auto               ; Auto               ;
; SDC constraint protection                                                  ; Off                ; Off                ;
; Synthesis Effort                                                           ; Auto               ; Auto               ;
; Shift Register Replacement - Allow Asynchronous Clear Signal               ; On                 ; On                 ;
; Analysis & Synthesis Message Level                                         ; Medium             ; Medium             ;
; Disable Register Merging Across Hierarchies                                ; Auto               ; Auto               ;
; Resource Aware Inference For Block RAM                                     ; On                 ; On                 ;
+----------------------------------------------------------------------------+--------------------+--------------------+


Parallel compilation was disabled, but you have multiple processors available. Enable parallel compilation to reduce compilation time.
+-------------------------------------+
; Parallel Compilation                ;
+----------------------------+--------+
; Processors                 ; Number ;
+----------------------------+--------+
; Number detected on machine ; 4      ;
; Maximum allowed            ; 1      ;
+----------------------------+--------+


+---------------------------------------------------------------------------------------------------------------------------------------------------------------------+
; Analysis & Synthesis Source Files Read                                                                                                                              ;
+----------------------------------+-----------------+------------------------------------+---------------------------------------------------------------------------+
; File Name with User-Entered Path ; Used in Netlist ; File Type                          ; File Name with Absolute Path                                              ;
+----------------------------------+-----------------+------------------------------------+---------------------------------------------------------------------------+
; RG1.v                            ; yes             ; User Wizard-Generated File         ; F:/курсова€ ѕцу/итог/ALU/ALU с UA/RG1.v                                   ;
; KS2.v                            ; yes             ; User Wizard-Generated File         ; F:/курсова€ ѕцу/итог/ALU/ALU с UA/KS2.v                                   ;
; SM1.v                            ; yes             ; User Wizard-Generated File         ; F:/курсова€ ѕцу/итог/ALU/ALU с UA/SM1.v                                   ;
; My.v                             ; yes             ; User Wizard-Generated File         ; F:/курсова€ ѕцу/итог/ALU/ALU с UA/My.v                                    ;
; RG3.v                            ; yes             ; User Wizard-Generated File         ; F:/курсова€ ѕцу/итог/ALU/ALU с UA/RG3.v                                   ;
; RG2.v                            ; yes             ; User Wizard-Generated File         ; F:/курсова€ ѕцу/итог/ALU/ALU с UA/RG2.v                                   ;
; CT1.v                            ; yes             ; User Wizard-Generated File         ; F:/курсова€ ѕцу/итог/ALU/ALU с UA/CT1.v                                   ;
; KS1.v                            ; yes             ; User Wizard-Generated File         ; F:/курсова€ ѕцу/итог/ALU/ALU с UA/KS1.v                                   ;
; SM2.v                            ; yes             ; User Wizard-Generated File         ; F:/курсова€ ѕцу/итог/ALU/ALU с UA/SM2.v                                   ;
; CT2.v                            ; yes             ; User Wizard-Generated File         ; F:/курсова€ ѕцу/итог/ALU/ALU с UA/CT2.v                                   ;
; lpm_compare0.v                   ; yes             ; User Wizard-Generated File         ; F:/курсова€ ѕцу/итог/ALU/ALU с UA/lpm_compare0.v                          ;
; Ob.bdf                           ; yes             ; User Block Diagram/Schematic File  ; F:/курсова€ ѕцу/итог/ALU/ALU с UA/Ob.bdf                                  ;
; UA].v                            ; yes             ; User Verilog HDL File              ; F:/курсова€ ѕцу/итог/ALU/ALU с UA/UA].v                                   ;
; FF.v                             ; yes             ; User Wizard-Generated File         ; F:/курсова€ ѕцу/итог/ALU/ALU с UA/FF.v                                    ;
; lpm_ff.tdf                       ; yes             ; Megafunction                       ; d:/programs/altera/91sp2/quartus/libraries/megafunctions/lpm_ff.tdf       ;
; lpm_shiftreg.tdf                 ; yes             ; Megafunction                       ; d:/programs/altera/91sp2/quartus/libraries/megafunctions/lpm_shiftreg.tdf ;
; kc3.tdf                          ; yes             ; Auto-Found Wizard-Generated File   ; F:/курсова€ ѕцу/итог/ALU/ALU с UA/kc3.tdf                                 ;
; lpm_or.inc                       ; yes             ; Auto-Found AHDL File               ; d:/programs/altera/91sp2/quartus/libraries/megafunctions/lpm_or.inc       ;
; lpm_or.tdf                       ; yes             ; Megafunction                       ; d:/programs/altera/91sp2/quartus/libraries/megafunctions/lpm_or.tdf       ;
; lpm_mux.tdf                      ; yes             ; Megafunction                       ; d:/programs/altera/91sp2/quartus/libraries/megafunctions/lpm_mux.tdf      ;
; db/mux_orc.tdf                   ; yes             ; Auto-Generated Megafunction        ; F:/курсова€ ѕцу/итог/ALU/ALU с UA/db/mux_orc.tdf                          ;
; lpm_add_sub.tdf                  ; yes             ; Megafunction                       ; d:/programs/altera/91sp2/quartus/libraries/megafunctions/lpm_add_sub.tdf  ;
; db/add_sub_tii.tdf               ; yes             ; Auto-Generated Megafunction        ; F:/курсова€ ѕцу/итог/ALU/ALU с UA/db/add_sub_tii.tdf                      ;
; lpm_xor.tdf                      ; yes             ; Megafunction                       ; d:/programs/altera/91sp2/quartus/libraries/megafunctions/lpm_xor.tdf      ;
; lpm_counter.tdf                  ; yes             ; Megafunction                       ; d:/programs/altera/91sp2/quartus/libraries/megafunctions/lpm_counter.tdf  ;
; db/cntr_9ii.tdf                  ; yes             ; Auto-Generated Megafunction        ; F:/курсова€ ѕцу/итог/ALU/ALU с UA/db/cntr_9ii.tdf                         ;
; db/add_sub_ahi.tdf               ; yes             ; Auto-Generated Megafunction        ; F:/курсова€ ѕцу/итог/ALU/ALU с UA/db/add_sub_ahi.tdf                      ;
; db/cntr_8ii.tdf                  ; yes             ; Auto-Generated Megafunction        ; F:/курсова€ ѕцу/итог/ALU/ALU с UA/db/cntr_8ii.tdf                         ;
; ks4.tdf                          ; yes             ; Auto-Found Wizard-Generated File   ; F:/курсова€ ѕцу/итог/ALU/ALU с UA/ks4.tdf                                 ;
; ks5.tdf                          ; yes             ; Auto-Found Wizard-Generated File   ; F:/курсова€ ѕцу/итог/ALU/ALU с UA/ks5.tdf                                 ;
; lpm_compare.tdf                  ; yes             ; Megafunction                       ; d:/programs/altera/91sp2/quartus/libraries/megafunctions/lpm_compare.tdf  ;
; db/cmpr_0vg.tdf                  ; yes             ; Auto-Generated Megafunction        ; F:/курсова€ ѕцу/итог/ALU/ALU с UA/db/cmpr_0vg.tdf                         ;
+----------------------------------+-----------------+------------------------------------+---------------------------------------------------------------------------+


+---------------------------------------------------------+
; Analysis & Synthesis Resource Usage Summary             ;
+---------------------------------------------+-----------+
; Resource                                    ; Usage     ;
+---------------------------------------------+-----------+
; Estimated Total logic elements              ; 1,638     ;
;                                             ;           ;
; Total combinational functions               ; 1635      ;
; Logic element usage by number of LUT inputs ;           ;
;     -- 4 input functions                    ; 707       ;
;     -- 3 input functions                    ; 661       ;
;     -- <=2 input functions                  ; 267       ;
;                                             ;           ;
; Logic elements by mode                      ;           ;
;     -- normal mode                          ; 1039      ;
;     -- arithmetic mode                      ; 596       ;
;                                             ;           ;
; Total registers                             ; 199       ;
;     -- Dedicated logic registers            ; 199       ;
;     -- I/O registers                        ; 0         ;
;                                             ;           ;
; I/O pins                                    ; 114       ;
; Maximum fan-out node                        ; clk~input ;
; Maximum fan-out                             ; 196       ;
; Total fan-out                               ; 6168      ;
; Average fan-out                             ; 2.99      ;
+---------------------------------------------+-----------+


+------------------------------------------------------------------------------------------------------------------------------------------------------------------------------------------------------------------------------------------------------------+
; Analysis & Synthesis Resource Utilization by Entity                                                                                                                                                                                                        ;
+---------------------------------------------+-------------------+--------------+-------------+--------------+---------+-----------+------+--------------+-----------------------------------------------------------------------------------+--------------+
; Compilation Hierarchy Node                  ; LC Combinationals ; LC Registers ; Memory Bits ; DSP Elements ; DSP 9x9 ; DSP 18x18 ; Pins ; Virtual Pins ; Full Hierarchy Name                                                               ; Library Name ;
+---------------------------------------------+-------------------+--------------+-------------+--------------+---------+-----------+------+--------------+-----------------------------------------------------------------------------------+--------------+
; |Ob                                         ; 1635 (19)         ; 199 (4)      ; 0           ; 0            ; 0       ; 0         ; 114  ; 0            ; |Ob                                                                               ; work         ;
;    |CT1:inst28|                             ; 9 (0)             ; 8 (0)        ; 0           ; 0            ; 0       ; 0         ; 0    ; 0            ; |Ob|CT1:inst28                                                                    ; work         ;
;       |lpm_counter:lpm_counter_component|   ; 9 (0)             ; 8 (0)        ; 0           ; 0            ; 0       ; 0         ; 0    ; 0            ; |Ob|CT1:inst28|lpm_counter:lpm_counter_component                                  ; work         ;
;          |cntr_8ii:auto_generated|          ; 9 (9)             ; 8 (8)        ; 0           ; 0            ; 0       ; 0         ; 0    ; 0            ; |Ob|CT1:inst28|lpm_counter:lpm_counter_component|cntr_8ii:auto_generated          ;              ;
;    |CT2:inst33|                             ; 11 (0)            ; 9 (0)        ; 0           ; 0            ; 0       ; 0         ; 0    ; 0            ; |Ob|CT2:inst33                                                                    ;              ;
;       |lpm_counter:lpm_counter_component|   ; 11 (0)            ; 9 (0)        ; 0           ; 0            ; 0       ; 0         ; 0    ; 0            ; |Ob|CT2:inst33|lpm_counter:lpm_counter_component                                  ; work         ;
;          |cntr_9ii:auto_generated|          ; 11 (11)           ; 9 (9)        ; 0           ; 0            ; 0       ; 0         ; 0    ; 0            ; |Ob|CT2:inst33|lpm_counter:lpm_counter_component|cntr_9ii:auto_generated          ; work         ;
;    |FF:inst62|                              ; 0 (0)             ; 2 (0)        ; 0           ; 0            ; 0       ; 0         ; 0    ; 0            ; |Ob|FF:inst62                                                                     ; work         ;
;       |lpm_ff:lpm_ff_component|             ; 0 (0)             ; 2 (2)        ; 0           ; 0            ; 0       ; 0         ; 0    ; 0            ; |Ob|FF:inst62|lpm_ff:lpm_ff_component                                             ; work         ;
;    |KC3:inst22|                             ; 8 (0)             ; 0 (0)        ; 0           ; 0            ; 0       ; 0         ; 0    ; 0            ; |Ob|KC3:inst22                                                                    ; work         ;
;       |lpm_or:lpm_or_component|             ; 8 (8)             ; 0 (0)        ; 0           ; 0            ; 0       ; 0         ; 0    ; 0            ; |Ob|KC3:inst22|lpm_or:lpm_or_component                                            ; work         ;
;    |KS1:inst30|                             ; 8 (0)             ; 0 (0)        ; 0           ; 0            ; 0       ; 0         ; 0    ; 0            ; |Ob|KS1:inst30                                                                    ; work         ;
;       |lpm_xor:lpm_xor_component|           ; 8 (8)             ; 0 (0)        ; 0           ; 0            ; 0       ; 0         ; 0    ; 0            ; |Ob|KS1:inst30|lpm_xor:lpm_xor_component                                          ; work         ;
;    |KS2:inst8|                              ; 46 (0)            ; 0 (0)        ; 0           ; 0            ; 0       ; 0         ; 0    ; 0            ; |Ob|KS2:inst8                                                                     ; work         ;
;       |lpm_xor:lpm_xor_component|           ; 46 (46)           ; 0 (0)        ; 0           ; 0            ; 0       ; 0         ; 0    ; 0            ; |Ob|KS2:inst8|lpm_xor:lpm_xor_component                                           ;              ;
;    |KS5:inst24|                             ; 8 (0)             ; 0 (0)        ; 0           ; 0            ; 0       ; 0         ; 0    ; 0            ; |Ob|KS5:inst24                                                                    ; work         ;
;       |lpm_or:lpm_or_component|             ; 8 (8)             ; 0 (0)        ; 0           ; 0            ; 0       ; 0         ; 0    ; 0            ; |Ob|KS5:inst24|lpm_or:lpm_or_component                                            ; work         ;
;    |My:inst11|                              ; 93 (0)            ; 0 (0)        ; 0           ; 0            ; 0       ; 0         ; 0    ; 0            ; |Ob|My:inst11                                                                     ; work         ;
;       |lpm_mux:lpm_mux_component|           ; 93 (0)            ; 0 (0)        ; 0           ; 0            ; 0       ; 0         ; 0    ; 0            ; |Ob|My:inst11|lpm_mux:lpm_mux_component                                           ;              ;
;          |mux_orc:auto_generated|           ; 93 (93)           ; 0 (0)        ; 0           ; 0            ; 0       ; 0         ; 0    ; 0            ; |Ob|My:inst11|lpm_mux:lpm_mux_component|mux_orc:auto_generated                    ; work         ;
;    |RG1:inst2|                              ; 46 (0)            ; 47 (0)       ; 0           ; 0            ; 0       ; 0         ; 0    ; 0            ; |Ob|RG1:inst2                                                                     ; work         ;
;       |lpm_shiftreg:lpm_shiftreg_component| ; 46 (46)           ; 47 (47)      ; 0           ; 0            ; 0       ; 0         ; 0    ; 0            ; |Ob|RG1:inst2|lpm_shiftreg:lpm_shiftreg_component                                 ;              ;
;    |RG2:inst23|                             ; 24 (0)            ; 24 (0)       ; 0           ; 0            ; 0       ; 0         ; 0    ; 0            ; |Ob|RG2:inst23                                                                    ; work         ;
;       |lpm_shiftreg:lpm_shiftreg_component| ; 24 (24)           ; 24 (24)      ; 0           ; 0            ; 0       ; 0         ; 0    ; 0            ; |Ob|RG2:inst23|lpm_shiftreg:lpm_shiftreg_component                                ;              ;
;    |RG3:inst13|                             ; 0 (0)             ; 47 (0)       ; 0           ; 0            ; 0       ; 0         ; 0    ; 0            ; |Ob|RG3:inst13                                                                    ;              ;
;       |lpm_ff:lpm_ff_component|             ; 0 (0)             ; 47 (47)      ; 0           ; 0            ; 0       ; 0         ; 0    ; 0            ; |Ob|RG3:inst13|lpm_ff:lpm_ff_component                                            ; work         ;
;    |SM1:inst9|                              ; 49 (0)            ; 0 (0)        ; 0           ; 0            ; 0       ; 0         ; 0    ; 0            ; |Ob|SM1:inst9                                                                     ; work         ;
;       |lpm_add_sub:lpm_add_sub_component|   ; 49 (0)            ; 0 (0)        ; 0           ; 0            ; 0       ; 0         ; 0    ; 0            ; |Ob|SM1:inst9|lpm_add_sub:lpm_add_sub_component                                   ;              ;
;          |add_sub_tii:auto_generated|       ; 49 (49)           ; 0 (0)        ; 0           ; 0            ; 0       ; 0         ; 0    ; 0            ; |Ob|SM1:inst9|lpm_add_sub:lpm_add_sub_component|add_sub_tii:auto_generated        ; work         ;
;    |SM2:inst31|                             ; 19 (0)            ; 0 (0)        ; 0           ; 0            ; 0       ; 0         ; 0    ; 0            ; |Ob|SM2:inst31                                                                    ; work         ;
;       |lpm_add_sub:lpm_add_sub_component|   ; 19 (0)            ; 0 (0)        ; 0           ; 0            ; 0       ; 0         ; 0    ; 0            ; |Ob|SM2:inst31|lpm_add_sub:lpm_add_sub_component                                  ;              ;
;          |add_sub_ahi:auto_generated|       ; 19 (19)           ; 0 (0)        ; 0           ; 0            ; 0       ; 0         ; 0    ; 0            ; |Ob|SM2:inst31|lpm_add_sub:lpm_add_sub_component|add_sub_ahi:auto_generated       ; work         ;
;    |block_name:inst14|                      ; 1280 (1280)       ; 58 (58)      ; 0           ; 0            ; 0       ; 0         ; 0    ; 0            ; |Ob|block_name:inst14                                                             ;              ;
;    |lpm_compare0:inst46|                    ; 15 (0)            ; 0 (0)        ; 0           ; 0            ; 0       ; 0         ; 0    ; 0            ; |Ob|lpm_compare0:inst46                                                           ; work         ;
;       |lpm_compare:lpm_compare_component|   ; 15 (0)            ; 0 (0)        ; 0           ; 0            ; 0       ; 0         ; 0    ; 0            ; |Ob|lpm_compare0:inst46|lpm_compare:lpm_compare_component                         ;              ;
;          |cmpr_0vg:auto_generated|          ; 15 (15)           ; 0 (0)        ; 0           ; 0            ; 0       ; 0         ; 0    ; 0            ; |Ob|lpm_compare0:inst46|lpm_compare:lpm_compare_component|cmpr_0vg:auto_generated ; work         ;
+---------------------------------------------+-------------------+--------------+-------------+--------------+---------+-----------+------+--------------+-----------------------------------------------------------------------------------+--------------+
Note: For table entries with two numbers listed, the numbers in parentheses indicate the number of resources of the given type used by the specific entity alone. The numbers listed outside of parentheses indicate the total resources of the given type used by the specific entity and all of its sub-entities in the hierarchy.


+--------------------------------------------------------------------------------+
; Registers Removed During Synthesis                                             ;
+---------------------------------------+----------------------------------------+
; Register name                         ; Reason for Removal                     ;
+---------------------------------------+----------------------------------------+
; block_name:inst14|y[1,3]              ; Stuck at GND due to stuck port data_in ;
; inst34                                ; Stuck at VCC due to stuck port preset  ;
; inst43~_emulated                      ; Stuck at GND due to stuck port clock   ;
; Total Number of Removed Registers = 4 ;                                        ;
+---------------------------------------+----------------------------------------+


+------------------------------------------------------+
; General Register Statistics                          ;
+----------------------------------------------+-------+
; Statistic                                    ; Value ;
+----------------------------------------------+-------+
; Total registers                              ; 199   ;
; Number of registers using Synchronous Clear  ; 71    ;
; Number of registers using Synchronous Load   ; 18    ;
; Number of registers using Asynchronous Clear ; 4     ;
; Number of registers using Asynchronous Load  ; 0     ;
; Number of registers using Clock Enable       ; 137   ;
; Number of registers using Preset             ; 0     ;
+----------------------------------------------+-------+


+--------------------------------------------------+
; Inverted Register Statistics                     ;
+----------------------------------------+---------+
; Inverted Register                      ; Fan out ;
+----------------------------------------+---------+
; block_name:inst14|pc[0]                ; 20      ;
; Total number of inverted registers = 1 ;         ;
+----------------------------------------+---------+


+----------------------------------------------------------------------------------------------------------------------------------------------------------------------------------------------+
; Multiplexer Restructuring Statistics (Restructuring Performed)                                                                                                                               ;
+--------------------+-----------+---------------+----------------------+------------------------+------------+--------------------------------------------------------------------------------+
; Multiplexer Inputs ; Bus Width ; Baseline Area ; Area if Restructured ; Saving if Restructured ; Registered ; Example Multiplexer Output                                                     ;
+--------------------+-----------+---------------+----------------------+------------------------+------------+--------------------------------------------------------------------------------+
; 37:1               ; 25 bits   ; 600 LEs       ; 450 LEs              ; 150 LEs                ; Yes        ; |Ob|block_name:inst14|pc[22]                                                   ;
; 3:1                ; 46 bits   ; 92 LEs        ; 92 LEs               ; 0 LEs                  ; No         ; |Ob|My:inst11|lpm_mux:lpm_mux_component|mux_orc:auto_generated|result_node[29] ;
; 3:1                ; 27 bits   ; 54 LEs        ; 54 LEs               ; 0 LEs                  ; No         ; |Ob|block_name:inst14|pc                                                       ;
+--------------------+-----------+---------------+----------------------+------------------------+------------+--------------------------------------------------------------------------------+


+---------------------------------------------------------------------+
; Source assignments for CT2:inst33|lpm_counter:lpm_counter_component ;
+---------------------------+-------+------+--------------------------+
; Assignment                ; Value ; From ; To                       ;
+---------------------------+-------+------+--------------------------+
; SUPPRESS_DA_RULE_INTERNAL ; a101  ; -    ; -                        ;
; SUPPRESS_DA_RULE_INTERNAL ; s102  ; -    ; -                        ;
; SUPPRESS_DA_RULE_INTERNAL ; s103  ; -    ; -                        ;
+---------------------------+-------+------+--------------------------+


+---------------------------------------------------------------------+
; Source assignments for CT1:inst28|lpm_counter:lpm_counter_component ;
+---------------------------+-------+------+--------------------------+
; Assignment                ; Value ; From ; To                       ;
+---------------------------+-------+------+--------------------------+
; SUPPRESS_DA_RULE_INTERNAL ; a101  ; -    ; -                        ;
; SUPPRESS_DA_RULE_INTERNAL ; s102  ; -    ; -                        ;
; SUPPRESS_DA_RULE_INTERNAL ; s103  ; -    ; -                        ;
+---------------------------+-------+------+--------------------------+


+--------------------------------------------------------------------------------+
; Parameter Settings for User Entity Instance: FF:inst62|lpm_ff:lpm_ff_component ;
+------------------------+-------------+-----------------------------------------+
; Parameter Name         ; Value       ; Type                                    ;
+------------------------+-------------+-----------------------------------------+
; LPM_WIDTH              ; 2           ; Signed Integer                          ;
; LPM_AVALUE             ; UNUSED      ; Untyped                                 ;
; LPM_SVALUE             ; UNUSED      ; Untyped                                 ;
; LPM_FFTYPE             ; DFF         ; Untyped                                 ;
; DEVICE_FAMILY          ; Cyclone III ; Untyped                                 ;
; CBXI_PARAMETER         ; NOTHING     ; Untyped                                 ;
; AUTO_CARRY_CHAINS      ; ON          ; AUTO_CARRY                              ;
; IGNORE_CARRY_BUFFERS   ; OFF         ; IGNORE_CARRY                            ;
; AUTO_CASCADE_CHAINS    ; ON          ; AUTO_CASCADE                            ;
; IGNORE_CASCADE_BUFFERS ; OFF         ; IGNORE_CASCADE                          ;
+------------------------+-------------+-----------------------------------------+
Note: In order to hide this table in the UI and the text report file, please set the "Show Parameter Settings Tables in Synthesis Report" option in "Analysis and Synthesis Settings -> More Settings" to "Off".


+--------------------------------------------------------------------------------------------+
; Parameter Settings for User Entity Instance: RG1:inst2|lpm_shiftreg:lpm_shiftreg_component ;
+------------------------+-------------+-----------------------------------------------------+
; Parameter Name         ; Value       ; Type                                                ;
+------------------------+-------------+-----------------------------------------------------+
; LPM_WIDTH              ; 47          ; Signed Integer                                      ;
; LPM_DIRECTION          ; RIGHT       ; Untyped                                             ;
; LPM_AVALUE             ; UNUSED      ; Untyped                                             ;
; LPM_SVALUE             ; UNUSED      ; Untyped                                             ;
; DEVICE_FAMILY          ; Cyclone III ; Untyped                                             ;
; AUTO_CARRY_CHAINS      ; ON          ; AUTO_CARRY                                          ;
; IGNORE_CARRY_BUFFERS   ; OFF         ; IGNORE_CARRY                                        ;
; AUTO_CASCADE_CHAINS    ; ON          ; AUTO_CASCADE                                        ;
; IGNORE_CASCADE_BUFFERS ; OFF         ; IGNORE_CASCADE                                      ;
+------------------------+-------------+-----------------------------------------------------+
Note: In order to hide this table in the UI and the text report file, please set the "Show Parameter Settings Tables in Synthesis Report" option in "Analysis and Synthesis Settings -> More Settings" to "Off".


+---------------------------------------------------------------------------------+
; Parameter Settings for User Entity Instance: KC3:inst22|lpm_or:lpm_or_component ;
+------------------------+-------------+------------------------------------------+
; Parameter Name         ; Value       ; Type                                     ;
+------------------------+-------------+------------------------------------------+
; AUTO_CARRY_CHAINS      ; ON          ; AUTO_CARRY                               ;
; IGNORE_CARRY_BUFFERS   ; OFF         ; IGNORE_CARRY                             ;
; AUTO_CASCADE_CHAINS    ; ON          ; AUTO_CASCADE                             ;
; IGNORE_CASCADE_BUFFERS ; OFF         ; IGNORE_CASCADE                           ;
; LPM_WIDTH              ; 1           ; Untyped                                  ;
; LPM_SIZE               ; 23          ; Untyped                                  ;
; CARRY_CHAIN_LENGTH     ; 48          ; CARRY_CHAIN_LENGTH                       ;
; CARRY_CHAIN            ; MANUAL      ; Untyped                                  ;
; CASCADE_CHAIN          ; MANUAL      ; Untyped                                  ;
; DEVICE_FAMILY          ; Cyclone III ; Untyped                                  ;
+------------------------+-------------+------------------------------------------+
Note: In order to hide this table in the UI and the text report file, please set the "Show Parameter Settings Tables in Synthesis Report" option in "Analysis and Synthesis Settings -> More Settings" to "Off".


+---------------------------------------------------------------------------------+
; Parameter Settings for User Entity Instance: RG3:inst13|lpm_ff:lpm_ff_component ;
+------------------------+-------------+------------------------------------------+
; Parameter Name         ; Value       ; Type                                     ;
+------------------------+-------------+------------------------------------------+
; LPM_WIDTH              ; 47          ; Signed Integer                           ;
; LPM_AVALUE             ; UNUSED      ; Untyped                                  ;
; LPM_SVALUE             ; UNUSED      ; Untyped                                  ;
; LPM_FFTYPE             ; DFF         ; Untyped                                  ;
; DEVICE_FAMILY          ; Cyclone III ; Untyped                                  ;
; CBXI_PARAMETER         ; NOTHING     ; Untyped                                  ;
; AUTO_CARRY_CHAINS      ; ON          ; AUTO_CARRY                               ;
; IGNORE_CARRY_BUFFERS   ; OFF         ; IGNORE_CARRY                             ;
; AUTO_CASCADE_CHAINS    ; ON          ; AUTO_CASCADE                             ;
; IGNORE_CASCADE_BUFFERS ; OFF         ; IGNORE_CASCADE                           ;
+------------------------+-------------+------------------------------------------+
Note: In order to hide this table in the UI and the text report file, please set the "Show Parameter Settings Tables in Synthesis Report" option in "Analysis and Synthesis Settings -> More Settings" to "Off".


+----------------------------------------------------------------------------------+
; Parameter Settings for User Entity Instance: My:inst11|lpm_mux:lpm_mux_component ;
+------------------------+-------------+-------------------------------------------+
; Parameter Name         ; Value       ; Type                                      ;
+------------------------+-------------+-------------------------------------------+
; AUTO_CARRY_CHAINS      ; ON          ; AUTO_CARRY                                ;
; IGNORE_CARRY_BUFFERS   ; OFF         ; IGNORE_CARRY                              ;
; AUTO_CASCADE_CHAINS    ; ON          ; AUTO_CASCADE                              ;
; IGNORE_CASCADE_BUFFERS ; OFF         ; IGNORE_CASCADE                            ;
; LPM_WIDTH              ; 47          ; Signed Integer                            ;
; LPM_SIZE               ; 2           ; Signed Integer                            ;
; LPM_WIDTHS             ; 1           ; Signed Integer                            ;
; LPM_PIPELINE           ; 0           ; Untyped                                   ;
; CBXI_PARAMETER         ; mux_orc     ; Untyped                                   ;
; DEVICE_FAMILY          ; Cyclone III ; Untyped                                   ;
+------------------------+-------------+-------------------------------------------+
Note: In order to hide this table in the UI and the text report file, please set the "Show Parameter Settings Tables in Synthesis Report" option in "Analysis and Synthesis Settings -> More Settings" to "Off".


+------------------------------------------------------------------------------------------+
; Parameter Settings for User Entity Instance: SM1:inst9|lpm_add_sub:lpm_add_sub_component ;
+------------------------+-------------+---------------------------------------------------+
; Parameter Name         ; Value       ; Type                                              ;
+------------------------+-------------+---------------------------------------------------+
; LPM_WIDTH              ; 47          ; Signed Integer                                    ;
; LPM_REPRESENTATION     ; UNSIGNED    ; Untyped                                           ;
; LPM_DIRECTION          ; ADD         ; Untyped                                           ;
; ONE_INPUT_IS_CONSTANT  ; NO          ; Untyped                                           ;
; LPM_PIPELINE           ; 0           ; Untyped                                           ;
; MAXIMIZE_SPEED         ; 5           ; Untyped                                           ;
; REGISTERED_AT_END      ; 0           ; Untyped                                           ;
; OPTIMIZE_FOR_SPEED     ; 5           ; Untyped                                           ;
; USE_CS_BUFFERS         ; 1           ; Untyped                                           ;
; CARRY_CHAIN            ; MANUAL      ; Untyped                                           ;
; CARRY_CHAIN_LENGTH     ; 48          ; CARRY_CHAIN_LENGTH                                ;
; DEVICE_FAMILY          ; Cyclone III ; Untyped                                           ;
; USE_WYS                ; OFF         ; Untyped                                           ;
; STYLE                  ; FAST        ; Untyped                                           ;
; CBXI_PARAMETER         ; add_sub_tii ; Untyped                                           ;
; AUTO_CARRY_CHAINS      ; ON          ; AUTO_CARRY                                        ;
; IGNORE_CARRY_BUFFERS   ; OFF         ; IGNORE_CARRY                                      ;
; AUTO_CASCADE_CHAINS    ; ON          ; AUTO_CASCADE                                      ;
; IGNORE_CASCADE_BUFFERS ; OFF         ; IGNORE_CASCADE                                    ;
+------------------------+-------------+---------------------------------------------------+
Note: In order to hide this table in the UI and the text report file, please set the "Show Parameter Settings Tables in Synthesis Report" option in "Analysis and Synthesis Settings -> More Settings" to "Off".


+----------------------------------------------------------------------------------+
; Parameter Settings for User Entity Instance: KS2:inst8|lpm_xor:lpm_xor_component ;
+----------------+-------+---------------------------------------------------------+
; Parameter Name ; Value ; Type                                                    ;
+----------------+-------+---------------------------------------------------------+
; LPM_WIDTH      ; 47    ; Signed Integer                                          ;
; LPM_SIZE       ; 2     ; Signed Integer                                          ;
+----------------+-------+---------------------------------------------------------+
Note: In order to hide this table in the UI and the text report file, please set the "Show Parameter Settings Tables in Synthesis Report" option in "Analysis and Synthesis Settings -> More Settings" to "Off".


+----------------------------------------------------------------------------------+
; Parameter Settings for User Entity Instance: My:inst16|lpm_mux:lpm_mux_component ;
+------------------------+-------------+-------------------------------------------+
; Parameter Name         ; Value       ; Type                                      ;
+------------------------+-------------+-------------------------------------------+
; AUTO_CARRY_CHAINS      ; ON          ; AUTO_CARRY                                ;
; IGNORE_CARRY_BUFFERS   ; OFF         ; IGNORE_CARRY                              ;
; AUTO_CASCADE_CHAINS    ; ON          ; AUTO_CASCADE                              ;
; IGNORE_CASCADE_BUFFERS ; OFF         ; IGNORE_CASCADE                            ;
; LPM_WIDTH              ; 47          ; Signed Integer                            ;
; LPM_SIZE               ; 2           ; Signed Integer                            ;
; LPM_WIDTHS             ; 1           ; Signed Integer                            ;
; LPM_PIPELINE           ; 0           ; Untyped                                   ;
; CBXI_PARAMETER         ; mux_orc     ; Untyped                                   ;
; DEVICE_FAMILY          ; Cyclone III ; Untyped                                   ;
+------------------------+-------------+-------------------------------------------+
Note: In order to hide this table in the UI and the text report file, please set the "Show Parameter Settings Tables in Synthesis Report" option in "Analysis and Synthesis Settings -> More Settings" to "Off".


+-------------------------------------------------------------------------------------------+
; Parameter Settings for User Entity Instance: CT2:inst33|lpm_counter:lpm_counter_component ;
+------------------------+-------------+----------------------------------------------------+
; Parameter Name         ; Value       ; Type                                               ;
+------------------------+-------------+----------------------------------------------------+
; AUTO_CARRY_CHAINS      ; ON          ; AUTO_CARRY                                         ;
; IGNORE_CARRY_BUFFERS   ; OFF         ; IGNORE_CARRY                                       ;
; AUTO_CASCADE_CHAINS    ; ON          ; AUTO_CASCADE                                       ;
; IGNORE_CASCADE_BUFFERS ; OFF         ; IGNORE_CASCADE                                     ;
; LPM_WIDTH              ; 9           ; Signed Integer                                     ;
; LPM_DIRECTION          ; DEFAULT     ; Untyped                                            ;
; LPM_MODULUS            ; 0           ; Untyped                                            ;
; LPM_AVALUE             ; UNUSED      ; Untyped                                            ;
; LPM_SVALUE             ; UNUSED      ; Untyped                                            ;
; LPM_PORT_UPDOWN        ; PORT_USED   ; Untyped                                            ;
; DEVICE_FAMILY          ; Cyclone III ; Untyped                                            ;
; CARRY_CHAIN            ; MANUAL      ; Untyped                                            ;
; CARRY_CHAIN_LENGTH     ; 48          ; CARRY_CHAIN_LENGTH                                 ;
; NOT_GATE_PUSH_BACK     ; ON          ; NOT_GATE_PUSH_BACK                                 ;
; CARRY_CNT_EN           ; SMART       ; Untyped                                            ;
; LABWIDE_SCLR           ; ON          ; Untyped                                            ;
; USE_NEW_VERSION        ; TRUE        ; Untyped                                            ;
; CBXI_PARAMETER         ; cntr_9ii    ; Untyped                                            ;
+------------------------+-------------+----------------------------------------------------+
Note: In order to hide this table in the UI and the text report file, please set the "Show Parameter Settings Tables in Synthesis Report" option in "Analysis and Synthesis Settings -> More Settings" to "Off".


+-------------------------------------------------------------------------------------------+
; Parameter Settings for User Entity Instance: SM2:inst31|lpm_add_sub:lpm_add_sub_component ;
+------------------------+-------------+----------------------------------------------------+
; Parameter Name         ; Value       ; Type                                               ;
+------------------------+-------------+----------------------------------------------------+
; LPM_WIDTH              ; 8           ; Signed Integer                                     ;
; LPM_REPRESENTATION     ; UNSIGNED    ; Untyped                                            ;
; LPM_DIRECTION          ; ADD         ; Untyped                                            ;
; ONE_INPUT_IS_CONSTANT  ; NO          ; Untyped                                            ;
; LPM_PIPELINE           ; 0           ; Untyped                                            ;
; MAXIMIZE_SPEED         ; 5           ; Untyped                                            ;
; REGISTERED_AT_END      ; 0           ; Untyped                                            ;
; OPTIMIZE_FOR_SPEED     ; 5           ; Untyped                                            ;
; USE_CS_BUFFERS         ; 1           ; Untyped                                            ;
; CARRY_CHAIN            ; MANUAL      ; Untyped                                            ;
; CARRY_CHAIN_LENGTH     ; 48          ; CARRY_CHAIN_LENGTH                                 ;
; DEVICE_FAMILY          ; Cyclone III ; Untyped                                            ;
; USE_WYS                ; OFF         ; Untyped                                            ;
; STYLE                  ; FAST        ; Untyped                                            ;
; CBXI_PARAMETER         ; add_sub_ahi ; Untyped                                            ;
; AUTO_CARRY_CHAINS      ; ON          ; AUTO_CARRY                                         ;
; IGNORE_CARRY_BUFFERS   ; OFF         ; IGNORE_CARRY                                       ;
; AUTO_CASCADE_CHAINS    ; ON          ; AUTO_CASCADE                                       ;
; IGNORE_CASCADE_BUFFERS ; OFF         ; IGNORE_CASCADE                                     ;
+------------------------+-------------+----------------------------------------------------+
Note: In order to hide this table in the UI and the text report file, please set the "Show Parameter Settings Tables in Synthesis Report" option in "Analysis and Synthesis Settings -> More Settings" to "Off".


+-----------------------------------------------------------------------------------+
; Parameter Settings for User Entity Instance: KS1:inst30|lpm_xor:lpm_xor_component ;
+----------------+-------+----------------------------------------------------------+
; Parameter Name ; Value ; Type                                                     ;
+----------------+-------+----------------------------------------------------------+
; LPM_WIDTH      ; 8     ; Signed Integer                                           ;
; LPM_SIZE       ; 2     ; Signed Integer                                           ;
+----------------+-------+----------------------------------------------------------+
Note: In order to hide this table in the UI and the text report file, please set the "Show Parameter Settings Tables in Synthesis Report" option in "Analysis and Synthesis Settings -> More Settings" to "Off".


+-------------------------------------------------------------------------------------------+
; Parameter Settings for User Entity Instance: CT1:inst28|lpm_counter:lpm_counter_component ;
+------------------------+-------------+----------------------------------------------------+
; Parameter Name         ; Value       ; Type                                               ;
+------------------------+-------------+----------------------------------------------------+
; AUTO_CARRY_CHAINS      ; ON          ; AUTO_CARRY                                         ;
; IGNORE_CARRY_BUFFERS   ; OFF         ; IGNORE_CARRY                                       ;
; AUTO_CASCADE_CHAINS    ; ON          ; AUTO_CASCADE                                       ;
; IGNORE_CASCADE_BUFFERS ; OFF         ; IGNORE_CASCADE                                     ;
; LPM_WIDTH              ; 8           ; Signed Integer                                     ;
; LPM_DIRECTION          ; DEFAULT     ; Untyped                                            ;
; LPM_MODULUS            ; 0           ; Untyped                                            ;
; LPM_AVALUE             ; UNUSED      ; Untyped                                            ;
; LPM_SVALUE             ; UNUSED      ; Untyped                                            ;
; LPM_PORT_UPDOWN        ; PORT_USED   ; Untyped                                            ;
; DEVICE_FAMILY          ; Cyclone III ; Untyped                                            ;
; CARRY_CHAIN            ; MANUAL      ; Untyped                                            ;
; CARRY_CHAIN_LENGTH     ; 48          ; CARRY_CHAIN_LENGTH                                 ;
; NOT_GATE_PUSH_BACK     ; ON          ; NOT_GATE_PUSH_BACK                                 ;
; CARRY_CNT_EN           ; SMART       ; Untyped                                            ;
; LABWIDE_SCLR           ; ON          ; Untyped                                            ;
; USE_NEW_VERSION        ; TRUE        ; Untyped                                            ;
; CBXI_PARAMETER         ; cntr_8ii    ; Untyped                                            ;
+------------------------+-------------+----------------------------------------------------+
Note: In order to hide this table in the UI and the text report file, please set the "Show Parameter Settings Tables in Synthesis Report" option in "Analysis and Synthesis Settings -> More Settings" to "Off".


+---------------------------------------------------------------------------------+
; Parameter Settings for User Entity Instance: KS4:inst40|lpm_or:lpm_or_component ;
+------------------------+-------------+------------------------------------------+
; Parameter Name         ; Value       ; Type                                     ;
+------------------------+-------------+------------------------------------------+
; AUTO_CARRY_CHAINS      ; ON          ; AUTO_CARRY                               ;
; IGNORE_CARRY_BUFFERS   ; OFF         ; IGNORE_CARRY                             ;
; AUTO_CASCADE_CHAINS    ; ON          ; AUTO_CASCADE                             ;
; IGNORE_CASCADE_BUFFERS ; OFF         ; IGNORE_CASCADE                           ;
; LPM_WIDTH              ; 1           ; Untyped                                  ;
; LPM_SIZE               ; 7           ; Untyped                                  ;
; CARRY_CHAIN_LENGTH     ; 48          ; CARRY_CHAIN_LENGTH                       ;
; CARRY_CHAIN            ; MANUAL      ; Untyped                                  ;
; CASCADE_CHAIN          ; MANUAL      ; Untyped                                  ;
; DEVICE_FAMILY          ; Cyclone III ; Untyped                                  ;
+------------------------+-------------+------------------------------------------+
Note: In order to hide this table in the UI and the text report file, please set the "Show Parameter Settings Tables in Synthesis Report" option in "Analysis and Synthesis Settings -> More Settings" to "Off".


+---------------------------------------------------------------------------------------------+
; Parameter Settings for User Entity Instance: RG2:inst23|lpm_shiftreg:lpm_shiftreg_component ;
+------------------------+-------------+------------------------------------------------------+
; Parameter Name         ; Value       ; Type                                                 ;
+------------------------+-------------+------------------------------------------------------+
; LPM_WIDTH              ; 24          ; Signed Integer                                       ;
; LPM_DIRECTION          ; LEFT        ; Untyped                                              ;
; LPM_AVALUE             ; UNUSED      ; Untyped                                              ;
; LPM_SVALUE             ; UNUSED      ; Untyped                                              ;
; DEVICE_FAMILY          ; Cyclone III ; Untyped                                              ;
; AUTO_CARRY_CHAINS      ; ON          ; AUTO_CARRY                                           ;
; IGNORE_CARRY_BUFFERS   ; OFF         ; IGNORE_CARRY                                         ;
; AUTO_CASCADE_CHAINS    ; ON          ; AUTO_CASCADE                                         ;
; IGNORE_CASCADE_BUFFERS ; OFF         ; IGNORE_CASCADE                                       ;
+------------------------+-------------+------------------------------------------------------+
Note: In order to hide this table in the UI and the text report file, please set the "Show Parameter Settings Tables in Synthesis Report" option in "Analysis and Synthesis Settings -> More Settings" to "Off".


+---------------------------------------------------------------------------------+
; Parameter Settings for User Entity Instance: KS5:inst24|lpm_or:lpm_or_component ;
+------------------------+-------------+------------------------------------------+
; Parameter Name         ; Value       ; Type                                     ;
+------------------------+-------------+------------------------------------------+
; AUTO_CARRY_CHAINS      ; ON          ; AUTO_CARRY                               ;
; IGNORE_CARRY_BUFFERS   ; OFF         ; IGNORE_CARRY                             ;
; AUTO_CASCADE_CHAINS    ; ON          ; AUTO_CASCADE                             ;
; IGNORE_CASCADE_BUFFERS ; OFF         ; IGNORE_CASCADE                           ;
; LPM_WIDTH              ; 1           ; Untyped                                  ;
; LPM_SIZE               ; 24          ; Untyped                                  ;
; CARRY_CHAIN_LENGTH     ; 48          ; CARRY_CHAIN_LENGTH                       ;
; CARRY_CHAIN            ; MANUAL      ; Untyped                                  ;
; CASCADE_CHAIN          ; MANUAL      ; Untyped                                  ;
; DEVICE_FAMILY          ; Cyclone III ; Untyped                                  ;
+------------------------+-------------+------------------------------------------+
Note: In order to hide this table in the UI and the text report file, please set the "Show Parameter Settings Tables in Synthesis Report" option in "Analysis and Synthesis Settings -> More Settings" to "Off".


+----------------------------------------------------------------------------------------------------+
; Parameter Settings for User Entity Instance: lpm_compare0:inst46|lpm_compare:lpm_compare_component ;
+------------------------+-------------+-------------------------------------------------------------+
; Parameter Name         ; Value       ; Type                                                        ;
+------------------------+-------------+-------------------------------------------------------------+
; lpm_width              ; 8           ; Signed Integer                                              ;
; LPM_REPRESENTATION     ; UNSIGNED    ; Untyped                                                     ;
; LPM_PIPELINE           ; 0           ; Untyped                                                     ;
; CHAIN_SIZE             ; 8           ; Untyped                                                     ;
; ONE_INPUT_IS_CONSTANT  ; NO          ; Untyped                                                     ;
; CARRY_CHAIN            ; MANUAL      ; Untyped                                                     ;
; CASCADE_CHAIN          ; MANUAL      ; Untyped                                                     ;
; CARRY_CHAIN_LENGTH     ; 48          ; CARRY_CHAIN_LENGTH                                          ;
; CASCADE_CHAIN_LENGTH   ; 2           ; CASCADE_CHAIN_LENGTH                                        ;
; DEVICE_FAMILY          ; Cyclone III ; Untyped                                                     ;
; CBXI_PARAMETER         ; cmpr_0vg    ; Untyped                                                     ;
; AUTO_CARRY_CHAINS      ; ON          ; AUTO_CARRY                                                  ;
; IGNORE_CARRY_BUFFERS   ; OFF         ; IGNORE_CARRY                                                ;
; AUTO_CASCADE_CHAINS    ; ON          ; AUTO_CASCADE                                                ;
; IGNORE_CASCADE_BUFFERS ; OFF         ; IGNORE_CASCADE                                              ;
+------------------------+-------------+-------------------------------------------------------------+
Note: In order to hide this table in the UI and the text report file, please set the "Show Parameter Settings Tables in Synthesis Report" option in "Analysis and Synthesis Settings -> More Settings" to "Off".


+-----------------------------------------------------------------------------+
; lpm_shiftreg Parameter Settings by Entity Instance                          ;
+----------------------------+------------------------------------------------+
; Name                       ; Value                                          ;
+----------------------------+------------------------------------------------+
; Number of entity instances ; 2                                              ;
; Entity Instance            ; RG1:inst2|lpm_shiftreg:lpm_shiftreg_component  ;
;     -- LPM_WIDTH           ; 47                                             ;
;     -- LPM_DIRECTION       ; RIGHT                                          ;
; Entity Instance            ; RG2:inst23|lpm_shiftreg:lpm_shiftreg_component ;
;     -- LPM_WIDTH           ; 24                                             ;
;     -- LPM_DIRECTION       ; LEFT                                           ;
+----------------------------+------------------------------------------------+


+-------------------------------+
; Analysis & Synthesis Messages ;
+-------------------------------+
Info: *******************************************************************
Info: Running Quartus II Analysis & Synthesis
    Info: Version 9.1 Build 350 03/24/2010 Service Pack 2 SJ Web Edition
    Info: Processing started: Sat Mar 10 15:11:52 2018
Info: Command: quartus_map --read_settings_files=on --write_settings_files=off Ob -c Ob
Info: Found 1 design units, including 1 entities, in source file rg1.v
    Info: Found entity 1: RG1
Info: Found 1 design units, including 1 entities, in source file ks2.v
    Info: Found entity 1: KS2
Info: Found 1 design units, including 1 entities, in source file sm1.v
    Info: Found entity 1: SM1
Info: Found 1 design units, including 1 entities, in source file my.v
    Info: Found entity 1: My
Info: Found 1 design units, including 1 entities, in source file rg3.v
    Info: Found entity 1: RG3
Info: Found 1 design units, including 1 entities, in source file rg3s.v
    Info: Found entity 1: RG3S
Info: Found 1 design units, including 1 entities, in source file rg2.v
    Info: Found entity 1: RG2
Info: Found 1 design units, including 1 entities, in source file ct1.v
    Info: Found entity 1: CT1
Info: Found 1 design units, including 1 entities, in source file ks1.v
    Info: Found entity 1: KS1
Info: Found 1 design units, including 1 entities, in source file sm2.v
    Info: Found entity 1: SM2
Info: Found 1 design units, including 1 entities, in source file ct2.v
    Info: Found entity 1: CT2
Info: Found 1 design units, including 1 entities, in source file lpm_compare0.v
    Info: Found entity 1: lpm_compare0
Info: Found 1 design units, including 1 entities, in source file ob.bdf
    Info: Found entity 1: Ob
Info: Found 1 design units, including 1 entities, in source file ua].v
    Info: Found entity 1: block_name
Info: Found 1 design units, including 1 entities, in source file or32.v
    Info: Found entity 1: Or32
Info: Found 1 design units, including 1 entities, in source file and32.v
    Info: Found entity 1: And32
Info: Found 1 design units, including 1 entities, in source file and33.v
    Info: Found entity 1: AND33
Info: Found 1 design units, including 1 entities, in source file ff.v
    Info: Found entity 1: FF
Info: Found 1 design units, including 1 entities, in source file gon.v
    Info: Found entity 1: gon
Info: Elaborating entity "Ob" for the top level hierarchy
Warning: Primitive "VCC" of instance "inst1" not used
Info: Elaborating entity "block_name" for hierarchy "block_name:inst14"
Warning (10036): Verilog HDL or VHDL warning at UA].v(45): object "QQ" assigned a value but never read
Warning (10762): Verilog HDL Case Statement warning at UA].v(51): can't check case statement for completeness because the case expression has too many possible states
Info: Elaborating entity "FF" for hierarchy "FF:inst62"
Info: Elaborating entity "lpm_ff" for hierarchy "FF:inst62|lpm_ff:lpm_ff_component"
Info: Elaborated megafunction instantiation "FF:inst62|lpm_ff:lpm_ff_component"
Info: Instantiated megafunction "FF:inst62|lpm_ff:lpm_ff_component" with the following parameter:
    Info: Parameter "lpm_fftype" = "DFF"
    Info: Parameter "lpm_type" = "LPM_FF"
    Info: Parameter "lpm_width" = "2"
Info: Elaborating entity "RG1" for hierarchy "RG1:inst2"
Info: Elaborating entity "lpm_shiftreg" for hierarchy "RG1:inst2|lpm_shiftreg:lpm_shiftreg_component"
Info: Elaborated megafunction instantiation "RG1:inst2|lpm_shiftreg:lpm_shiftreg_component"
Info: Instantiated megafunction "RG1:inst2|lpm_shiftreg:lpm_shiftreg_component" with the following parameter:
    Info: Parameter "lpm_direction" = "RIGHT"
    Info: Parameter "lpm_type" = "LPM_SHIFTREG"
    Info: Parameter "lpm_width" = "47"
Warning: Using design file kc3.tdf, which is not specified as a design file for the current project, but contains definitions for 1 design units and 1 entities in project
    Info: Found entity 1: KC3
Info: Elaborating entity "KC3" for hierarchy "KC3:inst22"
Info: Elaborating entity "lpm_or" for hierarchy "KC3:inst22|lpm_or:lpm_or_component"
Info: Elaborated megafunction instantiation "KC3:inst22|lpm_or:lpm_or_component"
Info: Instantiated megafunction "KC3:inst22|lpm_or:lpm_or_component" with the following parameter:
    Info: Parameter "LPM_TYPE" = "LPM_OR"
    Info: Parameter "LPM_WIDTH" = "1"
    Info: Parameter "LPM_SIZE" = "23"
Info: Elaborating entity "RG3" for hierarchy "RG3:inst13"
Info: Elaborating entity "lpm_ff" for hierarchy "RG3:inst13|lpm_ff:lpm_ff_component"
Info: Elaborated megafunction instantiation "RG3:inst13|lpm_ff:lpm_ff_component"
Info: Instantiated megafunction "RG3:inst13|lpm_ff:lpm_ff_component" with the following parameter:
    Info: Parameter "lpm_fftype" = "DFF"
    Info: Parameter "lpm_type" = "LPM_FF"
    Info: Parameter "lpm_width" = "47"
Info: Elaborating entity "My" for hierarchy "My:inst11"
Info: Elaborating entity "lpm_mux" for hierarchy "My:inst11|lpm_mux:lpm_mux_component"
Info: Elaborated megafunction instantiation "My:inst11|lpm_mux:lpm_mux_component"
Info: Instantiated megafunction "My:inst11|lpm_mux:lpm_mux_component" with the following parameter:
    Info: Parameter "lpm_size" = "2"
    Info: Parameter "lpm_type" = "LPM_MUX"
    Info: Parameter "lpm_width" = "47"
    Info: Parameter "lpm_widths" = "1"
Info: Found 1 design units, including 1 entities, in source file db/mux_orc.tdf
    Info: Found entity 1: mux_orc
Info: Elaborating entity "mux_orc" for hierarchy "My:inst11|lpm_mux:lpm_mux_component|mux_orc:auto_generated"
Info: Elaborating entity "SM1" for hierarchy "SM1:inst9"
Info: Elaborating entity "lpm_add_sub" for hierarchy "SM1:inst9|lpm_add_sub:lpm_add_sub_component"
Info: Elaborated megafunction instantiation "SM1:inst9|lpm_add_sub:lpm_add_sub_component"
Info: Instantiated megafunction "SM1:inst9|lpm_add_sub:lpm_add_sub_component" with the following parameter:
    Info: Parameter "lpm_direction" = "ADD"
    Info: Parameter "lpm_hint" = "ONE_INPUT_IS_CONSTANT=NO,CIN_USED=YES"
    Info: Parameter "lpm_representation" = "UNSIGNED"
    Info: Parameter "lpm_type" = "LPM_ADD_SUB"
    Info: Parameter "lpm_width" = "47"
Info: Found 1 design units, including 1 entities, in source file db/add_sub_tii.tdf
    Info: Found entity 1: add_sub_tii
Info: Elaborating entity "add_sub_tii" for hierarchy "SM1:inst9|lpm_add_sub:lpm_add_sub_component|add_sub_tii:auto_generated"
Info: Elaborating entity "KS2" for hierarchy "KS2:inst8"
Info: Elaborating entity "lpm_xor" for hierarchy "KS2:inst8|lpm_xor:lpm_xor_component"
Info: Elaborated megafunction instantiation "KS2:inst8|lpm_xor:lpm_xor_component"
Info: Instantiated megafunction "KS2:inst8|lpm_xor:lpm_xor_component" with the following parameter:
    Info: Parameter "lpm_size" = "2"
    Info: Parameter "lpm_type" = "LPM_XOR"
    Info: Parameter "lpm_width" = "47"
Info: Elaborating entity "CT2" for hierarchy "CT2:inst33"
Info: Elaborating entity "lpm_counter" for hierarchy "CT2:inst33|lpm_counter:lpm_counter_component"
Info: Elaborated megafunction instantiation "CT2:inst33|lpm_counter:lpm_counter_component"
Info: Instantiated megafunction "CT2:inst33|lpm_counter:lpm_counter_component" with the following parameter:
    Info: Parameter "lpm_direction" = "UNUSED"
    Info: Parameter "lpm_port_updown" = "PORT_USED"
    Info: Parameter "lpm_type" = "LPM_COUNTER"
    Info: Parameter "lpm_width" = "9"
Info: Found 1 design units, including 1 entities, in source file db/cntr_9ii.tdf
    Info: Found entity 1: cntr_9ii
Info: Elaborating entity "cntr_9ii" for hierarchy "CT2:inst33|lpm_counter:lpm_counter_component|cntr_9ii:auto_generated"
Info: Elaborating entity "SM2" for hierarchy "SM2:inst31"
Info: Elaborating entity "lpm_add_sub" for hierarchy "SM2:inst31|lpm_add_sub:lpm_add_sub_component"
Info: Elaborated megafunction instantiation "SM2:inst31|lpm_add_sub:lpm_add_sub_component"
Info: Instantiated megafunction "SM2:inst31|lpm_add_sub:lpm_add_sub_component" with the following parameter:
    Info: Parameter "lpm_direction" = "ADD"
    Info: Parameter "lpm_hint" = "ONE_INPUT_IS_CONSTANT=NO,CIN_USED=YES"
    Info: Parameter "lpm_representation" = "UNSIGNED"
    Info: Parameter "lpm_type" = "LPM_ADD_SUB"
    Info: Parameter "lpm_width" = "8"
Info: Found 1 design units, including 1 entities, in source file db/add_sub_ahi.tdf
    Info: Found entity 1: add_sub_ahi
Info: Elaborating entity "add_sub_ahi" for hierarchy "SM2:inst31|lpm_add_sub:lpm_add_sub_component|add_sub_ahi:auto_generated"
Info: Elaborating entity "KS1" for hierarchy "KS1:inst30"
Info: Elaborating entity "lpm_xor" for hierarchy "KS1:inst30|lpm_xor:lpm_xor_component"
Info: Elaborated megafunction instantiation "KS1:inst30|lpm_xor:lpm_xor_component"
Info: Instantiated megafunction "KS1:inst30|lpm_xor:lpm_xor_component" with the following parameter:
    Info: Parameter "lpm_size" = "2"
    Info: Parameter "lpm_type" = "LPM_XOR"
    Info: Parameter "lpm_width" = "8"
Info: Elaborating entity "CT1" for hierarchy "CT1:inst28"
Info: Elaborating entity "lpm_counter" for hierarchy "CT1:inst28|lpm_counter:lpm_counter_component"
Info: Elaborated megafunction instantiation "CT1:inst28|lpm_counter:lpm_counter_component"
Info: Instantiated megafunction "CT1:inst28|lpm_counter:lpm_counter_component" with the following parameter:
    Info: Parameter "lpm_direction" = "UNUSED"
    Info: Parameter "lpm_port_updown" = "PORT_USED"
    Info: Parameter "lpm_type" = "LPM_COUNTER"
    Info: Parameter "lpm_width" = "8"
Info: Found 1 design units, including 1 entities, in source file db/cntr_8ii.tdf
    Info: Found entity 1: cntr_8ii
Info: Elaborating entity "cntr_8ii" for hierarchy "CT1:inst28|lpm_counter:lpm_counter_component|cntr_8ii:auto_generated"
Warning: Using design file ks4.tdf, which is not specified as a design file for the current project, but contains definitions for 1 design units and 1 entities in project
    Info: Found entity 1: KS4
Info: Elaborating entity "KS4" for hierarchy "KS4:inst40"
Info: Elaborating entity "lpm_or" for hierarchy "KS4:inst40|lpm_or:lpm_or_component"
Info: Elaborated megafunction instantiation "KS4:inst40|lpm_or:lpm_or_component"
Info: Instantiated megafunction "KS4:inst40|lpm_or:lpm_or_component" with the following parameter:
    Info: Parameter "LPM_TYPE" = "LPM_OR"
    Info: Parameter "LPM_WIDTH" = "1"
    Info: Parameter "LPM_SIZE" = "7"
Info: Elaborating entity "RG2" for hierarchy "RG2:inst23"
Info: Elaborating entity "lpm_shiftreg" for hierarchy "RG2:inst23|lpm_shiftreg:lpm_shiftreg_component"
Info: Elaborated megafunction instantiation "RG2:inst23|lpm_shiftreg:lpm_shiftreg_component"
Info: Instantiated megafunction "RG2:inst23|lpm_shiftreg:lpm_shiftreg_component" with the following parameter:
    Info: Parameter "lpm_direction" = "LEFT"
    Info: Parameter "lpm_type" = "LPM_SHIFTREG"
    Info: Parameter "lpm_width" = "24"
Warning: Using design file ks5.tdf, which is not specified as a design file for the current project, but contains definitions for 1 design units and 1 entities in project
    Info: Found entity 1: KS5
Info: Elaborating entity "KS5" for hierarchy "KS5:inst24"
Info: Elaborating entity "lpm_or" for hierarchy "KS5:inst24|lpm_or:lpm_or_component"
Info: Elaborated megafunction instantiation "KS5:inst24|lpm_or:lpm_or_component"
Info: Instantiated megafunction "KS5:inst24|lpm_or:lpm_or_component" with the following parameter:
    Info: Parameter "LPM_TYPE" = "LPM_OR"
    Info: Parameter "LPM_WIDTH" = "1"
    Info: Parameter "LPM_SIZE" = "24"
Info: Elaborating entity "lpm_compare0" for hierarchy "lpm_compare0:inst46"
Info: Elaborating entity "lpm_compare" for hierarchy "lpm_compare0:inst46|lpm_compare:lpm_compare_component"
Info: Elaborated megafunction instantiation "lpm_compare0:inst46|lpm_compare:lpm_compare_component"
Info: Instantiated megafunction "lpm_compare0:inst46|lpm_compare:lpm_compare_component" with the following parameter:
    Info: Parameter "lpm_representation" = "UNSIGNED"
    Info: Parameter "lpm_type" = "LPM_COMPARE"
    Info: Parameter "lpm_width" = "8"
Info: Found 1 design units, including 1 entities, in source file db/cmpr_0vg.tdf
    Info: Found entity 1: cmpr_0vg
Info: Elaborating entity "cmpr_0vg" for hierarchy "lpm_compare0:inst46|lpm_compare:lpm_compare_component|cmpr_0vg:auto_generated"
Warning: Presettable and clearable registers converted to equivalent circuits with latches. Registers power-up to an undefined state, and DEVCLRn places the registers in an undefined state.
    Warning (13310): Register "inst43" is converted into an equivalent circuit using register "inst43~_emulated" and latch "inst43~latch"
Warning: Output pins are stuck at VCC or GND
    Warning (13410): Pin "Y[3]" is stuck at GND
    Warning (13410): Pin "Y[1]" is stuck at GND
Info: Timing-Driven Synthesis is running
Info: Implemented 1761 device resources after synthesis - the final resource count might be different
    Info: Implemented 38 input pins
    Info: Implemented 76 output pins
    Info: Implemented 1647 logic cells
Info: Quartus II Analysis & Synthesis was successful. 0 errors, 11 warnings
    Info: Peak virtual memory: 232 megabytes
    Info: Processing ended: Sat Mar 10 15:12:25 2018
    Info: Elapsed time: 00:00:33
    Info: Total CPU time (on all processors): 00:00:10


