0	1	mikroc8051.exe -MSF -DBG -pAT89S8252 -ES -DL -O11111114 -fo10 -N"D:\ЛЕКЦИИ\LP\4\8\sapr\Системы автоматизированного проектирования\Лабораторные работы\Lab1\Source code\mikroC project\mikroC project\mikroC project.mcp51" -SP"C:\Users\Public\Documents\Mikroelektronika\mikroC PRO for 8051\defs\" -SP"D:\ЛЕКЦИИ\LP\4\8\sapr\Системы автоматизированного проектирования\Лабораторные работы\Lab1\Source code\mikroC project\mikroC project\" -SP"C:\Users\ali\mikroC project\" -SP"D:\Microelektronika\mikroC PRO for 8051\defs\" -SP"C:\Documents and Settings\stud\Рабочий стол\mikroC project 2\" -SP"D:\Microelektronika\mikroC PRO for 8051\Uses\ATMEL\" -SP"E:\mikroC project 2\" -SP"\\Mac\Home\Desktop\mikroC project\" -SP"\\Mac\Home\Dropbox\Учёба\САПР\Labs\Lab1\Source code\mikroC project\" -SP"C:\Users\Dev\Dropbox\Учёба\САПР\Labs\Lab1\Source code\mikroC project\" -SP"C:\Users\Public\Documents\Mikroelektronika\mikroC PRO for 8051\Uses\ATMEL\" -SP"C:\Users\Dev\Dropbox\Учёба\САПР\Labs\Lab1\Source code\" -IP"C:\Users\Dev\Dropbox\Учёба\САПР\Labs\Lab1\Source code\mikroC project\" -IP"\\Mac\Home\Dropbox\Учёба\САПР\Labs\Lab1\Source code\mikroC project\" -IP"\\Mac\Home\Desktop\mikroC project\" -IP"C:\Users\ali\mikroC project\" -IP"E:\mikroC project 2\" -IP"C:\Documents and Settings\stud\Рабочий стол\mikroC project 2\" -IP"D:\ЛЕКЦИИ\LP\4\8\sapr\Системы автоматизированного проектирования\Лабораторные работы\Lab1\Source code\mikroC project\mikroC project\" "mikroC project.c" "Drv.c" "__Lib_Math.mcl" "__Lib_MathDouble.mcl" "__Lib_System.mcl" "__Lib_Delays.mcl" "__Lib_EEPROM_rw.mcl" "__Lib_SPI_SPCR.mcl" "__Lib_UART_Timer1.mcl" "__Lib_CType.mcl" "__Lib_CString.mcl" "__Lib_CStdlib.mcl" "__Lib_CMath.mcl" "__Lib_Conversions.mcl" "__Lib_Sprintf.mcl" "__Lib_PrintOut.mcl" "__Lib_Sprinti.mcl" "__Lib_Sprintl.mcl" "__Lib_Time.mcl" "__Lib_Trigonometry.mcl" "__Lib_Button.mcl" "__Lib_Keypad4x4.mcl" "__Lib_Manchester.mcl" "__Lib_OneWire.mcl" "__Lib_PS2.mcl" "__Lib_Sound.mcl" "__Lib_SoftI2C.mcl" "__Lib_SoftSPI.mcl" "__Lib_SoftUART.mcl" "__Lib_PortExpander.mcl" "__Lib_CANSPI.mcl" "__Lib_GlcdFonts.mcl" "__Lib_Glcd.mcl" "__Lib_LcdConsts.mcl" "__Lib_Lcd.mcl" "__Lib_RS485.mcl" "__Lib_T6963C.mcl" "__Lib_SPIGlcd.mcl" "__Lib_SPILcd.mcl" "__Lib_SPILcd8.mcl" "__Lib_SPIT6963C.mcl" "__Lib_EthEnc28j60.mcl"	 
warning: 0	1501	Specified search path does not exist: 'C:\Users\ali\mikroC project'	 
warning: 0	1501	Specified search path does not exist: 'D:\Microelektronika\mikroC PRO for 8051\defs'	 
warning: 0	1501	Specified search path does not exist: 'C:\Documents and Settings\stud\Рабочий стол\mikroC project 2'	 
warning: 0	1501	Specified search path does not exist: 'D:\Microelektronika\mikroC PRO for 8051\Uses\ATMEL'	 
warning: 0	1501	Specified search path does not exist: 'E:\mikroC project 2'	 
warning: 0	1501	Specified search path does not exist: '\\Mac\Home\Desktop\mikroC project'	 
warning: 0	1501	Specified search path does not exist: '\\Mac\Home\Dropbox\Учёба\САПР\Labs\Lab1\Source code\mikroC project'	 
warning: 0	1501	Specified search path does not exist: 'C:\Users\Dev\Dropbox\Учёба\САПР\Labs\Lab1\Source code\mikroC project'	 
warning: 0	1501	Specified search path does not exist: 'C:\Users\Dev\Dropbox\Учёба\САПР\Labs\Lab1\Source code'	 
warning: 0	1502	Specified include path does not exist: 'C:\Users\Dev\Dropbox\Учёба\САПР\Labs\Lab1\Source code\mikroC project'	 
warning: 0	1502	Specified include path does not exist: '\\Mac\Home\Dropbox\Учёба\САПР\Labs\Lab1\Source code\mikroC project'	 
warning: 0	1502	Specified include path does not exist: '\\Mac\Home\Desktop\mikroC project'	 
warning: 0	1502	Specified include path does not exist: 'C:\Users\ali\mikroC project'	 
warning: 0	1502	Specified include path does not exist: 'E:\mikroC project 2'	 
warning: 0	1502	Specified include path does not exist: 'C:\Documents and Settings\stud\Рабочий стол\mikroC project 2'	 
diagnostics: 0	122	Compilation Started	drv.h
warning: 29	1506	Implicit conversion of pointer to int	mikroC project.c
warning: 29	1506	Implicit conversion of pointer to int	mikroC project.c
warning: 29	1506	Implicit conversion of pointer to int	mikroC project.c
warning: 29	1506	Implicit conversion of pointer to int	mikroC project.c
warning: 30	1506	Implicit conversion of pointer to int	mikroC project.c
warning: 30	1506	Implicit conversion of pointer to int	mikroC project.c
warning: 30	1506	Implicit conversion of pointer to int	mikroC project.c
warning: 30	1506	Implicit conversion of pointer to int	mikroC project.c
warning: 31	1506	Implicit conversion of pointer to int	mikroC project.c
warning: 31	1506	Implicit conversion of pointer to int	mikroC project.c
warning: 32	1506	Implicit conversion of pointer to int	mikroC project.c
warning: 32	1506	Implicit conversion of pointer to int	mikroC project.c
warning: 32	1506	Implicit conversion of pointer to int	mikroC project.c
warning: 32	1506	Implicit conversion of pointer to int	mikroC project.c
warning: 32	1506	Implicit conversion of pointer to int	mikroC project.c
warning: 32	1506	Implicit conversion of pointer to int	mikroC project.c
warning: 32	1506	Implicit conversion of pointer to int	mikroC project.c
warning: 32	1506	Implicit conversion of pointer to int	mikroC project.c
warning: 33	1506	Implicit conversion of pointer to int	mikroC project.c
warning: 33	1506	Implicit conversion of pointer to int	mikroC project.c
warning: 33	1506	Implicit conversion of pointer to int	mikroC project.c
warning: 33	1506	Implicit conversion of pointer to int	mikroC project.c
warning: 33	1506	Implicit conversion of pointer to int	mikroC project.c
warning: 33	1506	Implicit conversion of pointer to int	mikroC project.c
warning: 33	1506	Implicit conversion of pointer to int	mikroC project.c
warning: 33	1506	Implicit conversion of pointer to int	mikroC project.c
warning: 34	1506	Implicit conversion of pointer to int	mikroC project.c
warning: 34	1506	Implicit conversion of pointer to int	mikroC project.c
warning: 35	1506	Implicit conversion of pointer to int	mikroC project.c
warning: 35	1506	Implicit conversion of pointer to int	mikroC project.c
warning: 36	1506	Implicit conversion of pointer to int	mikroC project.c
warning: 36	1506	Implicit conversion of pointer to int	mikroC project.c
warning: 36	1506	Implicit conversion of pointer to int	mikroC project.c
warning: 97	1506	Implicit conversion of pointer to int	mikroC project.c
diagnostics: 215	123	Compiled Successfully	mikroC project.c
diagnostics: 0	122	Compilation Started	drv.h
diagnostics: 203	123	Compiled Successfully	Drv.c
diagnostics: 0	127	All files Compiled in 156 ms	 
hint: 0	1144	Used BDATA RAM (bytes): 0 (1%) Free BDATA RAM (bytes): 16 (99%)	Used BDATA RAM (bytes): 0 (1%) Free BDATA RAM (bytes): 16 (99%)
hint: 0	1144	Used DATA RAM (bytes): 54 (52%) Free DATA RAM (bytes): 50 (48%)	Used DATA RAM (bytes): 54 (52%) Free DATA RAM (bytes): 50 (48%)
hint: 0	1144	Used IDATA RAM (bytes): 0 (1%) Free IDATA RAM (bytes): 128 (99%)	Used IDATA RAM (bytes): 0 (1%) Free IDATA RAM (bytes): 128 (99%)
hint: 0	1144	Used ROM (bytes): 1617 (20%)  Free ROM (bytes): 6575 (80%)	Used ROM (bytes): 1617 (20%)  Free ROM (bytes): 6575 (80%)
diagnostics: 0	125	Project Linked Successfully	mikroC project.mcp51
diagnostics: 0	128	Linked in 63 ms	 
diagnostics: 0	129	Project 'mikroC project.mcp51' completed: 281 ms	 
diagnostics: 0	103	Finished successfully: 02 мар 2024, 15:02:08	mikroC project.mcp51
