Analysis & Synthesis report for KP
Tue May 17 20:52:22 2022
Quartus II Version 9.1 Build 350 03/24/2010 Service Pack 2 SJ Web Edition


---------------------
; Table of Contents ;
---------------------
  1. Legal Notice
  2. Analysis & Synthesis Summary
  3. Analysis & Synthesis Settings
  4. Parallel Compilation
  5. Analysis & Synthesis Source Files Read
  6. Analysis & Synthesis Resource Usage Summary
  7. Analysis & Synthesis Resource Utilization by Entity
  8. General Register Statistics
  9. Source assignments for test2:inst3|ct4pm:UAinst38|lpm_counter:lpm_counter_component
 10. Source assignments for test2:inst3|ct4pm:UAinst38|lpm_counter:lpm_counter_component|cntr_ihi:auto_generated
 11. Source assignments for ct1:inst17|lpm_counter:lpm_counter_component
 12. Source assignments for ct2:inst15|lpm_counter:lpm_counter_component
 13. Parameter Settings for User Entity Instance: test2:inst3|dc4:UAinst28|lpm_decode:lpm_decode_component
 14. Parameter Settings for User Entity Instance: test2:inst3|ct4pm:UAinst38|lpm_counter:lpm_counter_component
 15. Parameter Settings for User Entity Instance: test2:inst3|ili9:inst25|LPM_OR:lpm_or_component
 16. Parameter Settings for User Entity Instance: test2:inst3|reg:inst27|lpm_ff:lpm_ff_component
 17. Parameter Settings for User Entity Instance: test2:inst3|ili5:inst16|LPM_OR:lpm_or_component
 18. Parameter Settings for User Entity Instance: ili6:inst21|LPM_OR:lpm_or_component
 19. Parameter Settings for User Entity Instance: ct1:inst17|lpm_counter:lpm_counter_component
 20. Parameter Settings for User Entity Instance: sm2:inst9|lpm_add_sub:lpm_add_sub_component
 21. Parameter Settings for User Entity Instance: rg4:inst8|lpm_ff:lpm_ff_component
 22. Parameter Settings for User Entity Instance: ct2:inst15|lpm_counter:lpm_counter_component
 23. Parameter Settings for User Entity Instance: rg3:inst13|lpm_shiftreg:lpm_shiftreg_component
 24. Parameter Settings for User Entity Instance: sm1:inst11|lpm_add_sub:lpm_add_sub_component
 25. Parameter Settings for User Entity Instance: rg2:inst6|lpm_ff:lpm_ff_component
 26. Parameter Settings for User Entity Instance: rg1:inst|lpm_shiftreg:lpm_shiftreg_component
 27. Parameter Settings for User Entity Instance: ili10:inst10|LPM_OR:lpm_or_component
 28. lpm_shiftreg Parameter Settings by Entity Instance
 29. Analysis & Synthesis Messages



----------------
; Legal Notice ;
----------------
Copyright (C) 1991-2010 Altera Corporation
Your use of Altera Corporation's design tools, logic functions 
and other software and tools, and its AMPP partner logic 
functions, and any output files from any of the foregoing 
(including device programming or simulation files), and any 
associated documentation or information are expressly subject 
to the terms and conditions of the Altera Program License 
Subscription Agreement, Altera MegaCore Function License 
Agreement, or other applicable license agreement, including, 
without limitation, that your use is for the sole purpose of 
programming logic devices manufactured by Altera and sold by 
Altera or its authorized distributors.  Please refer to the 
applicable agreement for further details.



+-----------------------------------------------------------------------------------+
; Analysis & Synthesis Summary                                                      ;
+------------------------------------+----------------------------------------------+
; Analysis & Synthesis Status        ; Successful - Tue May 17 20:52:22 2022        ;
; Quartus II Version                 ; 9.1 Build 350 03/24/2010 SP 2 SJ Web Edition ;
; Revision Name                      ; KP                                           ;
; Top-level Entity Name              ; KP                                           ;
; Family                             ; Cyclone III                                  ;
; Total logic elements               ; 148                                          ;
;     Total combinational functions  ; 130                                          ;
;     Dedicated logic registers      ; 77                                           ;
; Total registers                    ; 77                                           ;
; Total pins                         ; 81                                           ;
; Total virtual pins                 ; 0                                            ;
; Total memory bits                  ; 0                                            ;
; Embedded Multiplier 9-bit elements ; 0                                            ;
; Total PLLs                         ; 0                                            ;
+------------------------------------+----------------------------------------------+


+----------------------------------------------------------------------------------------------------------------------+
; Analysis & Synthesis Settings                                                                                        ;
+----------------------------------------------------------------------------+--------------------+--------------------+
; Option                                                                     ; Setting            ; Default Value      ;
+----------------------------------------------------------------------------+--------------------+--------------------+
; Device                                                                     ; EP3C5E144C8        ;                    ;
; Top-level entity name                                                      ; KP                 ; KP                 ;
; Family name                                                                ; Cyclone III        ; Stratix II         ;
; Use Generated Physical Constraints File                                    ; Off                ;                    ;
; Use smart compilation                                                      ; Off                ; Off                ;
; Enable parallel Assembler and TimeQuest Timing Analyzer during compilation ; On                 ; On                 ;
; Enable compact report table                                                ; Off                ; Off                ;
; Restructure Multiplexers                                                   ; Auto               ; Auto               ;
; Create Debugging Nodes for IP Cores                                        ; Off                ; Off                ;
; Preserve fewer node names                                                  ; On                 ; On                 ;
; Disable OpenCore Plus hardware evaluation                                  ; Off                ; Off                ;
; Verilog Version                                                            ; Verilog_2001       ; Verilog_2001       ;
; VHDL Version                                                               ; VHDL_1993          ; VHDL_1993          ;
; State Machine Processing                                                   ; Auto               ; Auto               ;
; Safe State Machine                                                         ; Off                ; Off                ;
; Extract Verilog State Machines                                             ; On                 ; On                 ;
; Extract VHDL State Machines                                                ; On                 ; On                 ;
; Ignore Verilog initial constructs                                          ; Off                ; Off                ;
; Iteration limit for constant Verilog loops                                 ; 5000               ; 5000               ;
; Iteration limit for non-constant Verilog loops                             ; 250                ; 250                ;
; Add Pass-Through Logic to Inferred RAMs                                    ; On                 ; On                 ;
; Parallel Synthesis                                                         ; On                 ; On                 ;
; DSP Block Balancing                                                        ; Auto               ; Auto               ;
; NOT Gate Push-Back                                                         ; On                 ; On                 ;
; Power-Up Don't Care                                                        ; On                 ; On                 ;
; Remove Redundant Logic Cells                                               ; Off                ; Off                ;
; Remove Duplicate Registers                                                 ; On                 ; On                 ;
; Ignore CARRY Buffers                                                       ; Off                ; Off                ;
; Ignore CASCADE Buffers                                                     ; Off                ; Off                ;
; Ignore GLOBAL Buffers                                                      ; Off                ; Off                ;
; Ignore ROW GLOBAL Buffers                                                  ; Off                ; Off                ;
; Ignore LCELL Buffers                                                       ; Off                ; Off                ;
; Ignore SOFT Buffers                                                        ; On                 ; On                 ;
; Limit AHDL Integers to 32 Bits                                             ; Off                ; Off                ;
; Optimization Technique                                                     ; Balanced           ; Balanced           ;
; Carry Chain Length                                                         ; 70                 ; 70                 ;
; Auto Carry Chains                                                          ; On                 ; On                 ;
; Auto Open-Drain Pins                                                       ; On                 ; On                 ;
; Perform WYSIWYG Primitive Resynthesis                                      ; Off                ; Off                ;
; Auto ROM Replacement                                                       ; On                 ; On                 ;
; Auto RAM Replacement                                                       ; On                 ; On                 ;
; Auto DSP Block Replacement                                                 ; On                 ; On                 ;
; Auto Shift Register Replacement                                            ; Auto               ; Auto               ;
; Auto Clock Enable Replacement                                              ; On                 ; On                 ;
; Strict RAM Replacement                                                     ; Off                ; Off                ;
; Allow Synchronous Control Signals                                          ; On                 ; On                 ;
; Force Use of Synchronous Clear Signals                                     ; Off                ; Off                ;
; Auto RAM Block Balancing                                                   ; On                 ; On                 ;
; Auto RAM to Logic Cell Conversion                                          ; Off                ; Off                ;
; Auto Resource Sharing                                                      ; Off                ; Off                ;
; Allow Any RAM Size For Recognition                                         ; Off                ; Off                ;
; Allow Any ROM Size For Recognition                                         ; Off                ; Off                ;
; Allow Any Shift Register Size For Recognition                              ; Off                ; Off                ;
; Use LogicLock Constraints during Resource Balancing                        ; On                 ; On                 ;
; Ignore translate_off and synthesis_off directives                          ; Off                ; Off                ;
; Timing-Driven Synthesis                                                    ; On                 ; On                 ;
; Show Parameter Settings Tables in Synthesis Report                         ; On                 ; On                 ;
; Ignore Maximum Fan-Out Assignments                                         ; Off                ; Off                ;
; Synchronization Register Chain Length                                      ; 2                  ; 2                  ;
; PowerPlay Power Optimization                                               ; Normal compilation ; Normal compilation ;
; HDL message level                                                          ; Level2             ; Level2             ;
; Suppress Register Optimization Related Messages                            ; Off                ; Off                ;
; Number of Removed Registers Reported in Synthesis Report                   ; 5000               ; 5000               ;
; Number of Inverted Registers Reported in Synthesis Report                  ; 100                ; 100                ;
; Clock MUX Protection                                                       ; On                 ; On                 ;
; Auto Gated Clock Conversion                                                ; Off                ; Off                ;
; Block Design Naming                                                        ; Auto               ; Auto               ;
; SDC constraint protection                                                  ; Off                ; Off                ;
; Synthesis Effort                                                           ; Auto               ; Auto               ;
; Shift Register Replacement - Allow Asynchronous Clear Signal               ; On                 ; On                 ;
; Analysis & Synthesis Message Level                                         ; Medium             ; Medium             ;
; Disable Register Merging Across Hierarchies                                ; Auto               ; Auto               ;
; Resource Aware Inference For Block RAM                                     ; On                 ; On                 ;
+----------------------------------------------------------------------------+--------------------+--------------------+


Parallel compilation was disabled, but you have multiple processors available. Enable parallel compilation to reduce compilation time.
+-------------------------------------+
; Parallel Compilation                ;
+----------------------------+--------+
; Processors                 ; Number ;
+----------------------------+--------+
; Number detected on machine ; 12     ;
; Maximum allowed            ; 1      ;
+----------------------------+--------+


+------------------------------------------------------------------------------------------------------------------------------------------------------------------------+
; Analysis & Synthesis Source Files Read                                                                                                                                 ;
+------------------------------------+-----------------+------------------------------------+----------------------------------------------------------------------------+
; File Name with User-Entered Path   ; Used in Netlist ; File Type                          ; File Name with Absolute Path                                               ;
+------------------------------------+-----------------+------------------------------------+----------------------------------------------------------------------------+
; ../Квартус УА/UA/ProbeUA/ct4pm.vhd ; yes             ; User Wizard-Generated File         ; D:/ЛЕКЦИИ/LP/2 Курс/4 семестр/Курсовая ТА/Квартус УА/UA/ProbeUA/ct4pm.vhd  ;
; ../Квартус УА/UA/ProbeUA/dc4.vhd   ; yes             ; User Wizard-Generated File         ; D:/ЛЕКЦИИ/LP/2 Курс/4 семестр/Курсовая ТА/Квартус УА/UA/ProbeUA/dc4.vhd    ;
; ../Квартус УА/UA/ProbeUA/ili5.vhd  ; yes             ; User Wizard-Generated File         ; D:/ЛЕКЦИИ/LP/2 Курс/4 семестр/Курсовая ТА/Квартус УА/UA/ProbeUA/ili5.vhd   ;
; ../Квартус УА/UA/ProbeUA/ili9.vhd  ; yes             ; User Wizard-Generated File         ; D:/ЛЕКЦИИ/LP/2 Курс/4 семестр/Курсовая ТА/Квартус УА/UA/ProbeUA/ili9.vhd   ;
; ../Квартус УА/UA/ProbeUA/reg.vhd   ; yes             ; User Wizard-Generated File         ; D:/ЛЕКЦИИ/LP/2 Курс/4 семестр/Курсовая ТА/Квартус УА/UA/ProbeUA/reg.vhd    ;
; sm1.vhd                            ; yes             ; User Wizard-Generated File         ; D:/ЛЕКЦИИ/LP/2 Курс/4 семестр/Курсовая ТА/Квартус ОА+УА/sm1.vhd            ;
; rg3.vhd                            ; yes             ; User Wizard-Generated File         ; D:/ЛЕКЦИИ/LP/2 Курс/4 семестр/Курсовая ТА/Квартус ОА+УА/rg3.vhd            ;
; ct2.vhd                            ; yes             ; User Wizard-Generated File         ; D:/ЛЕКЦИИ/LP/2 Курс/4 семестр/Курсовая ТА/Квартус ОА+УА/ct2.vhd            ;
; ct1.vhd                            ; yes             ; User Wizard-Generated File         ; D:/ЛЕКЦИИ/LP/2 Курс/4 семестр/Курсовая ТА/Квартус ОА+УА/ct1.vhd            ;
; ili6.vhd                           ; yes             ; User Wizard-Generated File         ; D:/ЛЕКЦИИ/LP/2 Курс/4 семестр/Курсовая ТА/Квартус ОА+УА/ili6.vhd           ;
; KP.bdf                             ; yes             ; User Block Diagram/Schematic File  ; D:/ЛЕКЦИИ/LP/2 Курс/4 семестр/Курсовая ТА/Квартус ОА+УА/KP.bdf             ;
; ili10.vhd                          ; yes             ; User Wizard-Generated File         ; D:/ЛЕКЦИИ/LP/2 Курс/4 семестр/Курсовая ТА/Квартус ОА+УА/ili10.vhd          ;
; test2.bdf                          ; yes             ; User Block Diagram/Schematic File  ; D:/ЛЕКЦИИ/LP/2 Курс/4 семестр/Курсовая ТА/Квартус ОА+УА/test2.bdf          ;
; lpm_decode.tdf                     ; yes             ; Megafunction                       ; c:/altera/91sp2/quartus/libraries/megafunctions/lpm_decode.tdf             ;
; db/decode_lbf.tdf                  ; yes             ; Auto-Generated Megafunction        ; D:/ЛЕКЦИИ/LP/2 Курс/4 семестр/Курсовая ТА/Квартус ОА+УА/db/decode_lbf.tdf  ;
; lpm_counter.tdf                    ; yes             ; Megafunction                       ; c:/altera/91sp2/quartus/libraries/megafunctions/lpm_counter.tdf            ;
; db/cntr_ihi.tdf                    ; yes             ; Auto-Generated Megafunction        ; D:/ЛЕКЦИИ/LP/2 Курс/4 семестр/Курсовая ТА/Квартус ОА+УА/db/cntr_ihi.tdf    ;
; lpm_or.tdf                         ; yes             ; Megafunction                       ; c:/altera/91sp2/quartus/libraries/megafunctions/lpm_or.tdf                 ;
; lpm_ff.tdf                         ; yes             ; Megafunction                       ; c:/altera/91sp2/quartus/libraries/megafunctions/lpm_ff.tdf                 ;
; db/cntr_e1k.tdf                    ; yes             ; Auto-Generated Megafunction        ; D:/ЛЕКЦИИ/LP/2 Курс/4 семестр/Курсовая ТА/Квартус ОА+УА/db/cntr_e1k.tdf    ;
; sm2.vhd                            ; yes             ; Auto-Found Wizard-Generated File   ; D:/ЛЕКЦИИ/LP/2 Курс/4 семестр/Курсовая ТА/Квартус ОА+УА/sm2.vhd            ;
; lpm_add_sub.tdf                    ; yes             ; Megafunction                       ; c:/altera/91sp2/quartus/libraries/megafunctions/lpm_add_sub.tdf            ;
; db/add_sub_d6i.tdf                 ; yes             ; Auto-Generated Megafunction        ; D:/ЛЕКЦИИ/LP/2 Курс/4 семестр/Курсовая ТА/Квартус ОА+УА/db/add_sub_d6i.tdf ;
; rg4.vhd                            ; yes             ; Auto-Found Wizard-Generated File   ; D:/ЛЕКЦИИ/LP/2 Курс/4 семестр/Курсовая ТА/Квартус ОА+УА/rg4.vhd            ;
; db/cntr_6cj.tdf                    ; yes             ; Auto-Generated Megafunction        ; D:/ЛЕКЦИИ/LP/2 Курс/4 семестр/Курсовая ТА/Квартус ОА+УА/db/cntr_6cj.tdf    ;
; lpm_shiftreg.tdf                   ; yes             ; Megafunction                       ; c:/altera/91sp2/quartus/libraries/megafunctions/lpm_shiftreg.tdf           ;
; db/add_sub_voh.tdf                 ; yes             ; Auto-Generated Megafunction        ; D:/ЛЕКЦИИ/LP/2 Курс/4 семестр/Курсовая ТА/Квартус ОА+УА/db/add_sub_voh.tdf ;
; rg2.vhd                            ; yes             ; Auto-Found Wizard-Generated File   ; D:/ЛЕКЦИИ/LP/2 Курс/4 семестр/Курсовая ТА/Квартус ОА+УА/rg2.vhd            ;
; rg1.vhd                            ; yes             ; Auto-Found Wizard-Generated File   ; D:/ЛЕКЦИИ/LP/2 Курс/4 семестр/Курсовая ТА/Квартус ОА+УА/rg1.vhd            ;
+------------------------------------+-----------------+------------------------------------+----------------------------------------------------------------------------+


+------------------------------------------------------+
; Analysis & Synthesis Resource Usage Summary          ;
+---------------------------------------------+--------+
; Resource                                    ; Usage  ;
+---------------------------------------------+--------+
; Estimated Total logic elements              ; 148    ;
;                                             ;        ;
; Total combinational functions               ; 130    ;
; Logic element usage by number of LUT inputs ;        ;
;     -- 4 input functions                    ; 24     ;
;     -- 3 input functions                    ; 63     ;
;     -- <=2 input functions                  ; 43     ;
;                                             ;        ;
; Logic elements by mode                      ;        ;
;     -- normal mode                          ; 94     ;
;     -- arithmetic mode                      ; 36     ;
;                                             ;        ;
; Total registers                             ; 77     ;
;     -- Dedicated logic registers            ; 77     ;
;     -- I/O registers                        ; 0      ;
;                                             ;        ;
; I/O pins                                    ; 81     ;
; Maximum fan-out node                        ; inst34 ;
; Maximum fan-out                             ; 77     ;
; Total fan-out                               ; 794    ;
; Average fan-out                             ; 2.15   ;
+---------------------------------------------+--------+


+--------------------------------------------------------------------------------------------------------------------------------------------------------------------------------------------------------------------------------------------------------------------+
; Analysis & Synthesis Resource Utilization by Entity                                                                                                                                                                                                                ;
+----------------------------------------------+-------------------+--------------+-------------+--------------+---------+-----------+------+--------------+------------------------------------------------------------------------------------------+--------------+
; Compilation Hierarchy Node                   ; LC Combinationals ; LC Registers ; Memory Bits ; DSP Elements ; DSP 9x9 ; DSP 18x18 ; Pins ; Virtual Pins ; Full Hierarchy Name                                                                      ; Library Name ;
+----------------------------------------------+-------------------+--------------+-------------+--------------+---------+-----------+------+--------------+------------------------------------------------------------------------------------------+--------------+
; |KP                                          ; 130 (11)          ; 77 (3)       ; 0           ; 0            ; 0       ; 0         ; 81   ; 0            ; |KP                                                                                      ; work         ;
;    |ct1:inst17|                              ; 8 (0)             ; 6 (0)        ; 0           ; 0            ; 0       ; 0         ; 0    ; 0            ; |KP|ct1:inst17                                                                           ; work         ;
;       |lpm_counter:lpm_counter_component|    ; 8 (0)             ; 6 (0)        ; 0           ; 0            ; 0       ; 0         ; 0    ; 0            ; |KP|ct1:inst17|lpm_counter:lpm_counter_component                                         ; work         ;
;          |cntr_e1k:auto_generated|           ; 8 (8)             ; 6 (6)        ; 0           ; 0            ; 0       ; 0         ; 0    ; 0            ; |KP|ct1:inst17|lpm_counter:lpm_counter_component|cntr_e1k:auto_generated                 ; work         ;
;    |ct2:inst15|                              ; 6 (0)             ; 5 (0)        ; 0           ; 0            ; 0       ; 0         ; 0    ; 0            ; |KP|ct2:inst15                                                                           ; work         ;
;       |lpm_counter:lpm_counter_component|    ; 6 (0)             ; 5 (0)        ; 0           ; 0            ; 0       ; 0         ; 0    ; 0            ; |KP|ct2:inst15|lpm_counter:lpm_counter_component                                         ; work         ;
;          |cntr_6cj:auto_generated|           ; 6 (6)             ; 5 (5)        ; 0           ; 0            ; 0       ; 0         ; 0    ; 0            ; |KP|ct2:inst15|lpm_counter:lpm_counter_component|cntr_6cj:auto_generated                 ; work         ;
;    |rg1:inst|                                ; 11 (0)            ; 11 (0)       ; 0           ; 0            ; 0       ; 0         ; 0    ; 0            ; |KP|rg1:inst                                                                             ; work         ;
;       |lpm_shiftreg:lpm_shiftreg_component|  ; 11 (11)           ; 11 (11)      ; 0           ; 0            ; 0       ; 0         ; 0    ; 0            ; |KP|rg1:inst|lpm_shiftreg:lpm_shiftreg_component                                         ; work         ;
;    |rg2:inst6|                               ; 0 (0)             ; 11 (0)       ; 0           ; 0            ; 0       ; 0         ; 0    ; 0            ; |KP|rg2:inst6                                                                            ; work         ;
;       |lpm_ff:lpm_ff_component|              ; 0 (0)             ; 11 (11)      ; 0           ; 0            ; 0       ; 0         ; 0    ; 0            ; |KP|rg2:inst6|lpm_ff:lpm_ff_component                                                    ; work         ;
;    |rg3:inst13|                              ; 21 (0)            ; 21 (0)       ; 0           ; 0            ; 0       ; 0         ; 0    ; 0            ; |KP|rg3:inst13                                                                           ; work         ;
;       |lpm_shiftreg:lpm_shiftreg_component|  ; 21 (21)           ; 21 (21)      ; 0           ; 0            ; 0       ; 0         ; 0    ; 0            ; |KP|rg3:inst13|lpm_shiftreg:lpm_shiftreg_component                                       ; work         ;
;    |rg4:inst8|                               ; 0 (0)             ; 5 (0)        ; 0           ; 0            ; 0       ; 0         ; 0    ; 0            ; |KP|rg4:inst8                                                                            ; work         ;
;       |lpm_ff:lpm_ff_component|              ; 0 (0)             ; 5 (5)        ; 0           ; 0            ; 0       ; 0         ; 0    ; 0            ; |KP|rg4:inst8|lpm_ff:lpm_ff_component                                                    ; work         ;
;    |sm1:inst11|                              ; 20 (0)            ; 0 (0)        ; 0           ; 0            ; 0       ; 0         ; 0    ; 0            ; |KP|sm1:inst11                                                                           ; work         ;
;       |lpm_add_sub:lpm_add_sub_component|    ; 20 (0)            ; 0 (0)        ; 0           ; 0            ; 0       ; 0         ; 0    ; 0            ; |KP|sm1:inst11|lpm_add_sub:lpm_add_sub_component                                         ; work         ;
;          |add_sub_voh:auto_generated|        ; 20 (20)           ; 0 (0)        ; 0           ; 0            ; 0       ; 0         ; 0    ; 0            ; |KP|sm1:inst11|lpm_add_sub:lpm_add_sub_component|add_sub_voh:auto_generated              ; work         ;
;    |sm2:inst9|                               ; 12 (0)            ; 0 (0)        ; 0           ; 0            ; 0       ; 0         ; 0    ; 0            ; |KP|sm2:inst9                                                                            ; work         ;
;       |lpm_add_sub:lpm_add_sub_component|    ; 12 (0)            ; 0 (0)        ; 0           ; 0            ; 0       ; 0         ; 0    ; 0            ; |KP|sm2:inst9|lpm_add_sub:lpm_add_sub_component                                          ; work         ;
;          |add_sub_d6i:auto_generated|        ; 12 (12)           ; 0 (0)        ; 0           ; 0            ; 0       ; 0         ; 0    ; 0            ; |KP|sm2:inst9|lpm_add_sub:lpm_add_sub_component|add_sub_d6i:auto_generated               ; work         ;
;    |test2:inst3|                             ; 41 (23)           ; 15 (0)       ; 0           ; 0            ; 0       ; 0         ; 0    ; 0            ; |KP|test2:inst3                                                                          ;              ;
;       |ct4pm:UAinst38|                       ; 9 (0)             ; 4 (0)        ; 0           ; 0            ; 0       ; 0         ; 0    ; 0            ; |KP|test2:inst3|ct4pm:UAinst38                                                           ; work         ;
;          |lpm_counter:lpm_counter_component| ; 9 (0)             ; 4 (0)        ; 0           ; 0            ; 0       ; 0         ; 0    ; 0            ; |KP|test2:inst3|ct4pm:UAinst38|lpm_counter:lpm_counter_component                         ; work         ;
;             |cntr_ihi:auto_generated|        ; 9 (9)             ; 4 (4)        ; 0           ; 0            ; 0       ; 0         ; 0    ; 0            ; |KP|test2:inst3|ct4pm:UAinst38|lpm_counter:lpm_counter_component|cntr_ihi:auto_generated ; work         ;
;       |dc4:UAinst28|                         ; 6 (0)             ; 0 (0)        ; 0           ; 0            ; 0       ; 0         ; 0    ; 0            ; |KP|test2:inst3|dc4:UAinst28                                                             ; work         ;
;          |lpm_decode:lpm_decode_component|   ; 6 (0)             ; 0 (0)        ; 0           ; 0            ; 0       ; 0         ; 0    ; 0            ; |KP|test2:inst3|dc4:UAinst28|lpm_decode:lpm_decode_component                             ; work         ;
;             |decode_lbf:auto_generated|      ; 6 (6)             ; 0 (0)        ; 0           ; 0            ; 0       ; 0         ; 0    ; 0            ; |KP|test2:inst3|dc4:UAinst28|lpm_decode:lpm_decode_component|decode_lbf:auto_generated   ; work         ;
;       |ili5:inst16|                          ; 1 (0)             ; 0 (0)        ; 0           ; 0            ; 0       ; 0         ; 0    ; 0            ; |KP|test2:inst3|ili5:inst16                                                              ; work         ;
;          |lpm_or:lpm_or_component|           ; 1 (1)             ; 0 (0)        ; 0           ; 0            ; 0       ; 0         ; 0    ; 0            ; |KP|test2:inst3|ili5:inst16|lpm_or:lpm_or_component                                      ; work         ;
;       |ili9:inst25|                          ; 2 (0)             ; 0 (0)        ; 0           ; 0            ; 0       ; 0         ; 0    ; 0            ; |KP|test2:inst3|ili9:inst25                                                              ; work         ;
;          |lpm_or:lpm_or_component|           ; 2 (2)             ; 0 (0)        ; 0           ; 0            ; 0       ; 0         ; 0    ; 0            ; |KP|test2:inst3|ili9:inst25|lpm_or:lpm_or_component                                      ; work         ;
;       |reg:inst27|                           ; 0 (0)             ; 11 (0)       ; 0           ; 0            ; 0       ; 0         ; 0    ; 0            ; |KP|test2:inst3|reg:inst27                                                               ; work         ;
;          |lpm_ff:lpm_ff_component|           ; 0 (0)             ; 11 (11)      ; 0           ; 0            ; 0       ; 0         ; 0    ; 0            ; |KP|test2:inst3|reg:inst27|lpm_ff:lpm_ff_component                                       ; work         ;
+----------------------------------------------+-------------------+--------------+-------------+--------------+---------+-----------+------+--------------+------------------------------------------------------------------------------------------+--------------+
Note: For table entries with two numbers listed, the numbers in parentheses indicate the number of resources of the given type used by the specific entity alone. The numbers listed outside of parentheses indicate the total resources of the given type used by the specific entity and all of its sub-entities in the hierarchy.


+------------------------------------------------------+
; General Register Statistics                          ;
+----------------------------------------------+-------+
; Statistic                                    ; Value ;
+----------------------------------------------+-------+
; Total registers                              ; 77    ;
; Number of registers using Synchronous Clear  ; 40    ;
; Number of registers using Synchronous Load   ; 15    ;
; Number of registers using Asynchronous Clear ; 4     ;
; Number of registers using Asynchronous Load  ; 0     ;
; Number of registers using Clock Enable       ; 63    ;
; Number of registers using Preset             ; 0     ;
+----------------------------------------------+-------+


+-------------------------------------------------------------------------------------+
; Source assignments for test2:inst3|ct4pm:UAinst38|lpm_counter:lpm_counter_component ;
+---------------------------+-------+------+------------------------------------------+
; Assignment                ; Value ; From ; To                                       ;
+---------------------------+-------+------+------------------------------------------+
; SUPPRESS_DA_RULE_INTERNAL ; a101  ; -    ; -                                        ;
; SUPPRESS_DA_RULE_INTERNAL ; s102  ; -    ; -                                        ;
; SUPPRESS_DA_RULE_INTERNAL ; s103  ; -    ; -                                        ;
+---------------------------+-------+------+------------------------------------------+


+-------------------------------------------------------------------------------------------------------------+
; Source assignments for test2:inst3|ct4pm:UAinst38|lpm_counter:lpm_counter_component|cntr_ihi:auto_generated ;
+---------------------------+-------+------+------------------------------------------------------------------+
; Assignment                ; Value ; From ; To                                                               ;
+---------------------------+-------+------+------------------------------------------------------------------+
; SUPPRESS_DA_RULE_INTERNAL ; a101  ; -    ; -                                                                ;
; SUPPRESS_DA_RULE_INTERNAL ; s102  ; -    ; -                                                                ;
; SUPPRESS_DA_RULE_INTERNAL ; s103  ; -    ; -                                                                ;
+---------------------------+-------+------+------------------------------------------------------------------+


+---------------------------------------------------------------------+
; Source assignments for ct1:inst17|lpm_counter:lpm_counter_component ;
+---------------------------+-------+------+--------------------------+
; Assignment                ; Value ; From ; To                       ;
+---------------------------+-------+------+--------------------------+
; SUPPRESS_DA_RULE_INTERNAL ; a101  ; -    ; -                        ;
; SUPPRESS_DA_RULE_INTERNAL ; s102  ; -    ; -                        ;
; SUPPRESS_DA_RULE_INTERNAL ; s103  ; -    ; -                        ;
+---------------------------+-------+------+--------------------------+


+---------------------------------------------------------------------+
; Source assignments for ct2:inst15|lpm_counter:lpm_counter_component ;
+---------------------------+-------+------+--------------------------+
; Assignment                ; Value ; From ; To                       ;
+---------------------------+-------+------+--------------------------+
; SUPPRESS_DA_RULE_INTERNAL ; a101  ; -    ; -                        ;
; SUPPRESS_DA_RULE_INTERNAL ; s102  ; -    ; -                        ;
; SUPPRESS_DA_RULE_INTERNAL ; s103  ; -    ; -                        ;
+---------------------------+-------+------+--------------------------+


+-------------------------------------------------------------------------------------------------------+
; Parameter Settings for User Entity Instance: test2:inst3|dc4:UAinst28|lpm_decode:lpm_decode_component ;
+------------------------+-------------+----------------------------------------------------------------+
; Parameter Name         ; Value       ; Type                                                           ;
+------------------------+-------------+----------------------------------------------------------------+
; LPM_WIDTH              ; 4           ; Signed Integer                                                 ;
; LPM_DECODES            ; 16          ; Signed Integer                                                 ;
; LPM_PIPELINE           ; 0           ; Untyped                                                        ;
; CASCADE_CHAIN          ; MANUAL      ; Untyped                                                        ;
; DEVICE_FAMILY          ; Cyclone III ; Untyped                                                        ;
; CBXI_PARAMETER         ; decode_lbf  ; Untyped                                                        ;
; AUTO_CARRY_CHAINS      ; ON          ; AUTO_CARRY                                                     ;
; IGNORE_CARRY_BUFFERS   ; OFF         ; IGNORE_CARRY                                                   ;
; AUTO_CASCADE_CHAINS    ; ON          ; AUTO_CASCADE                                                   ;
; IGNORE_CASCADE_BUFFERS ; OFF         ; IGNORE_CASCADE                                                 ;
+------------------------+-------------+----------------------------------------------------------------+
Note: In order to hide this table in the UI and the text report file, please set the "Show Parameter Settings Tables in Synthesis Report" option in "Analysis and Synthesis Settings -> More Settings" to "Off".


+-----------------------------------------------------------------------------------------------------------+
; Parameter Settings for User Entity Instance: test2:inst3|ct4pm:UAinst38|lpm_counter:lpm_counter_component ;
+------------------------+-------------+--------------------------------------------------------------------+
; Parameter Name         ; Value       ; Type                                                               ;
+------------------------+-------------+--------------------------------------------------------------------+
; AUTO_CARRY_CHAINS      ; ON          ; AUTO_CARRY                                                         ;
; IGNORE_CARRY_BUFFERS   ; OFF         ; IGNORE_CARRY                                                       ;
; AUTO_CASCADE_CHAINS    ; ON          ; AUTO_CASCADE                                                       ;
; IGNORE_CASCADE_BUFFERS ; OFF         ; IGNORE_CASCADE                                                     ;
; LPM_WIDTH              ; 4           ; Signed Integer                                                     ;
; LPM_DIRECTION          ; DEFAULT     ; Untyped                                                            ;
; LPM_MODULUS            ; 0           ; Untyped                                                            ;
; LPM_AVALUE             ; UNUSED      ; Untyped                                                            ;
; LPM_SVALUE             ; UNUSED      ; Untyped                                                            ;
; LPM_PORT_UPDOWN        ; PORT_USED   ; Untyped                                                            ;
; DEVICE_FAMILY          ; Cyclone III ; Untyped                                                            ;
; CARRY_CHAIN            ; MANUAL      ; Untyped                                                            ;
; CARRY_CHAIN_LENGTH     ; 48          ; CARRY_CHAIN_LENGTH                                                 ;
; NOT_GATE_PUSH_BACK     ; ON          ; NOT_GATE_PUSH_BACK                                                 ;
; CARRY_CNT_EN           ; SMART       ; Untyped                                                            ;
; LABWIDE_SCLR           ; ON          ; Untyped                                                            ;
; USE_NEW_VERSION        ; TRUE        ; Untyped                                                            ;
; CBXI_PARAMETER         ; cntr_ihi    ; Untyped                                                            ;
+------------------------+-------------+--------------------------------------------------------------------+
Note: In order to hide this table in the UI and the text report file, please set the "Show Parameter Settings Tables in Synthesis Report" option in "Analysis and Synthesis Settings -> More Settings" to "Off".


+----------------------------------------------------------------------------------------------+
; Parameter Settings for User Entity Instance: test2:inst3|ili9:inst25|LPM_OR:lpm_or_component ;
+------------------------+-------------+-------------------------------------------------------+
; Parameter Name         ; Value       ; Type                                                  ;
+------------------------+-------------+-------------------------------------------------------+
; AUTO_CARRY_CHAINS      ; ON          ; AUTO_CARRY                                            ;
; IGNORE_CARRY_BUFFERS   ; OFF         ; IGNORE_CARRY                                          ;
; AUTO_CASCADE_CHAINS    ; ON          ; AUTO_CASCADE                                          ;
; IGNORE_CASCADE_BUFFERS ; OFF         ; IGNORE_CASCADE                                        ;
; LPM_WIDTH              ; 1           ; Signed Integer                                        ;
; LPM_SIZE               ; 9           ; Signed Integer                                        ;
; CARRY_CHAIN_LENGTH     ; 48          ; CARRY_CHAIN_LENGTH                                    ;
; CARRY_CHAIN            ; MANUAL      ; Untyped                                               ;
; CASCADE_CHAIN          ; MANUAL      ; Untyped                                               ;
; DEVICE_FAMILY          ; Cyclone III ; Untyped                                               ;
+------------------------+-------------+-------------------------------------------------------+
Note: In order to hide this table in the UI and the text report file, please set the "Show Parameter Settings Tables in Synthesis Report" option in "Analysis and Synthesis Settings -> More Settings" to "Off".


+---------------------------------------------------------------------------------------------+
; Parameter Settings for User Entity Instance: test2:inst3|reg:inst27|lpm_ff:lpm_ff_component ;
+------------------------+-------------+------------------------------------------------------+
; Parameter Name         ; Value       ; Type                                                 ;
+------------------------+-------------+------------------------------------------------------+
; LPM_WIDTH              ; 11          ; Signed Integer                                       ;
; LPM_AVALUE             ; UNUSED      ; Untyped                                              ;
; LPM_SVALUE             ; UNUSED      ; Untyped                                              ;
; LPM_FFTYPE             ; DFF         ; Untyped                                              ;
; DEVICE_FAMILY          ; Cyclone III ; Untyped                                              ;
; CBXI_PARAMETER         ; NOTHING     ; Untyped                                              ;
; AUTO_CARRY_CHAINS      ; ON          ; AUTO_CARRY                                           ;
; IGNORE_CARRY_BUFFERS   ; OFF         ; IGNORE_CARRY                                         ;
; AUTO_CASCADE_CHAINS    ; ON          ; AUTO_CASCADE                                         ;
; IGNORE_CASCADE_BUFFERS ; OFF         ; IGNORE_CASCADE                                       ;
+------------------------+-------------+------------------------------------------------------+
Note: In order to hide this table in the UI and the text report file, please set the "Show Parameter Settings Tables in Synthesis Report" option in "Analysis and Synthesis Settings -> More Settings" to "Off".


+----------------------------------------------------------------------------------------------+
; Parameter Settings for User Entity Instance: test2:inst3|ili5:inst16|LPM_OR:lpm_or_component ;
+------------------------+-------------+-------------------------------------------------------+
; Parameter Name         ; Value       ; Type                                                  ;
+------------------------+-------------+-------------------------------------------------------+
; AUTO_CARRY_CHAINS      ; ON          ; AUTO_CARRY                                            ;
; IGNORE_CARRY_BUFFERS   ; OFF         ; IGNORE_CARRY                                          ;
; AUTO_CASCADE_CHAINS    ; ON          ; AUTO_CASCADE                                          ;
; IGNORE_CASCADE_BUFFERS ; OFF         ; IGNORE_CASCADE                                        ;
; LPM_WIDTH              ; 1           ; Signed Integer                                        ;
; LPM_SIZE               ; 5           ; Signed Integer                                        ;
; CARRY_CHAIN_LENGTH     ; 48          ; CARRY_CHAIN_LENGTH                                    ;
; CARRY_CHAIN            ; MANUAL      ; Untyped                                               ;
; CASCADE_CHAIN          ; MANUAL      ; Untyped                                               ;
; DEVICE_FAMILY          ; Cyclone III ; Untyped                                               ;
+------------------------+-------------+-------------------------------------------------------+
Note: In order to hide this table in the UI and the text report file, please set the "Show Parameter Settings Tables in Synthesis Report" option in "Analysis and Synthesis Settings -> More Settings" to "Off".


+----------------------------------------------------------------------------------+
; Parameter Settings for User Entity Instance: ili6:inst21|LPM_OR:lpm_or_component ;
+------------------------+-------------+-------------------------------------------+
; Parameter Name         ; Value       ; Type                                      ;
+------------------------+-------------+-------------------------------------------+
; AUTO_CARRY_CHAINS      ; ON          ; AUTO_CARRY                                ;
; IGNORE_CARRY_BUFFERS   ; OFF         ; IGNORE_CARRY                              ;
; AUTO_CASCADE_CHAINS    ; ON          ; AUTO_CASCADE                              ;
; IGNORE_CASCADE_BUFFERS ; OFF         ; IGNORE_CASCADE                            ;
; LPM_WIDTH              ; 1           ; Signed Integer                            ;
; LPM_SIZE               ; 4           ; Signed Integer                            ;
; CARRY_CHAIN_LENGTH     ; 48          ; CARRY_CHAIN_LENGTH                        ;
; CARRY_CHAIN            ; MANUAL      ; Untyped                                   ;
; CASCADE_CHAIN          ; MANUAL      ; Untyped                                   ;
; DEVICE_FAMILY          ; Cyclone III ; Untyped                                   ;
+------------------------+-------------+-------------------------------------------+
Note: In order to hide this table in the UI and the text report file, please set the "Show Parameter Settings Tables in Synthesis Report" option in "Analysis and Synthesis Settings -> More Settings" to "Off".


+-------------------------------------------------------------------------------------------+
; Parameter Settings for User Entity Instance: ct1:inst17|lpm_counter:lpm_counter_component ;
+------------------------+-------------+----------------------------------------------------+
; Parameter Name         ; Value       ; Type                                               ;
+------------------------+-------------+----------------------------------------------------+
; AUTO_CARRY_CHAINS      ; ON          ; AUTO_CARRY                                         ;
; IGNORE_CARRY_BUFFERS   ; OFF         ; IGNORE_CARRY                                       ;
; AUTO_CASCADE_CHAINS    ; ON          ; AUTO_CASCADE                                       ;
; IGNORE_CASCADE_BUFFERS ; OFF         ; IGNORE_CASCADE                                     ;
; LPM_WIDTH              ; 6           ; Signed Integer                                     ;
; LPM_DIRECTION          ; DOWN        ; Untyped                                            ;
; LPM_MODULUS            ; 0           ; Untyped                                            ;
; LPM_AVALUE             ; UNUSED      ; Untyped                                            ;
; LPM_SVALUE             ; UNUSED      ; Untyped                                            ;
; LPM_PORT_UPDOWN        ; PORT_UNUSED ; Untyped                                            ;
; DEVICE_FAMILY          ; Cyclone III ; Untyped                                            ;
; CARRY_CHAIN            ; MANUAL      ; Untyped                                            ;
; CARRY_CHAIN_LENGTH     ; 48          ; CARRY_CHAIN_LENGTH                                 ;
; NOT_GATE_PUSH_BACK     ; ON          ; NOT_GATE_PUSH_BACK                                 ;
; CARRY_CNT_EN           ; SMART       ; Untyped                                            ;
; LABWIDE_SCLR           ; ON          ; Untyped                                            ;
; USE_NEW_VERSION        ; TRUE        ; Untyped                                            ;
; CBXI_PARAMETER         ; cntr_e1k    ; Untyped                                            ;
+------------------------+-------------+----------------------------------------------------+
Note: In order to hide this table in the UI and the text report file, please set the "Show Parameter Settings Tables in Synthesis Report" option in "Analysis and Synthesis Settings -> More Settings" to "Off".


+------------------------------------------------------------------------------------------+
; Parameter Settings for User Entity Instance: sm2:inst9|lpm_add_sub:lpm_add_sub_component ;
+------------------------+-------------+---------------------------------------------------+
; Parameter Name         ; Value       ; Type                                              ;
+------------------------+-------------+---------------------------------------------------+
; LPM_WIDTH              ; 5           ; Signed Integer                                    ;
; LPM_REPRESENTATION     ; UNSIGNED    ; Untyped                                           ;
; LPM_DIRECTION          ; ADD         ; Untyped                                           ;
; ONE_INPUT_IS_CONSTANT  ; NO          ; Untyped                                           ;
; LPM_PIPELINE           ; 0           ; Untyped                                           ;
; MAXIMIZE_SPEED         ; 5           ; Untyped                                           ;
; REGISTERED_AT_END      ; 0           ; Untyped                                           ;
; OPTIMIZE_FOR_SPEED     ; 5           ; Untyped                                           ;
; USE_CS_BUFFERS         ; 1           ; Untyped                                           ;
; CARRY_CHAIN            ; MANUAL      ; Untyped                                           ;
; CARRY_CHAIN_LENGTH     ; 48          ; CARRY_CHAIN_LENGTH                                ;
; DEVICE_FAMILY          ; Cyclone III ; Untyped                                           ;
; USE_WYS                ; OFF         ; Untyped                                           ;
; STYLE                  ; FAST        ; Untyped                                           ;
; CBXI_PARAMETER         ; add_sub_d6i ; Untyped                                           ;
; AUTO_CARRY_CHAINS      ; ON          ; AUTO_CARRY                                        ;
; IGNORE_CARRY_BUFFERS   ; OFF         ; IGNORE_CARRY                                      ;
; AUTO_CASCADE_CHAINS    ; ON          ; AUTO_CASCADE                                      ;
; IGNORE_CASCADE_BUFFERS ; OFF         ; IGNORE_CASCADE                                    ;
+------------------------+-------------+---------------------------------------------------+
Note: In order to hide this table in the UI and the text report file, please set the "Show Parameter Settings Tables in Synthesis Report" option in "Analysis and Synthesis Settings -> More Settings" to "Off".


+--------------------------------------------------------------------------------+
; Parameter Settings for User Entity Instance: rg4:inst8|lpm_ff:lpm_ff_component ;
+------------------------+-------------+-----------------------------------------+
; Parameter Name         ; Value       ; Type                                    ;
+------------------------+-------------+-----------------------------------------+
; LPM_WIDTH              ; 5           ; Signed Integer                          ;
; LPM_AVALUE             ; UNUSED      ; Untyped                                 ;
; LPM_SVALUE             ; UNUSED      ; Untyped                                 ;
; LPM_FFTYPE             ; DFF         ; Untyped                                 ;
; DEVICE_FAMILY          ; Cyclone III ; Untyped                                 ;
; CBXI_PARAMETER         ; NOTHING     ; Untyped                                 ;
; AUTO_CARRY_CHAINS      ; ON          ; AUTO_CARRY                              ;
; IGNORE_CARRY_BUFFERS   ; OFF         ; IGNORE_CARRY                            ;
; AUTO_CASCADE_CHAINS    ; ON          ; AUTO_CASCADE                            ;
; IGNORE_CASCADE_BUFFERS ; OFF         ; IGNORE_CASCADE                          ;
+------------------------+-------------+-----------------------------------------+
Note: In order to hide this table in the UI and the text report file, please set the "Show Parameter Settings Tables in Synthesis Report" option in "Analysis and Synthesis Settings -> More Settings" to "Off".


+-------------------------------------------------------------------------------------------+
; Parameter Settings for User Entity Instance: ct2:inst15|lpm_counter:lpm_counter_component ;
+------------------------+-------------+----------------------------------------------------+
; Parameter Name         ; Value       ; Type                                               ;
+------------------------+-------------+----------------------------------------------------+
; AUTO_CARRY_CHAINS      ; ON          ; AUTO_CARRY                                         ;
; IGNORE_CARRY_BUFFERS   ; OFF         ; IGNORE_CARRY                                       ;
; AUTO_CASCADE_CHAINS    ; ON          ; AUTO_CASCADE                                       ;
; IGNORE_CASCADE_BUFFERS ; OFF         ; IGNORE_CASCADE                                     ;
; LPM_WIDTH              ; 5           ; Signed Integer                                     ;
; LPM_DIRECTION          ; UP          ; Untyped                                            ;
; LPM_MODULUS            ; 0           ; Untyped                                            ;
; LPM_AVALUE             ; UNUSED      ; Untyped                                            ;
; LPM_SVALUE             ; UNUSED      ; Untyped                                            ;
; LPM_PORT_UPDOWN        ; PORT_UNUSED ; Untyped                                            ;
; DEVICE_FAMILY          ; Cyclone III ; Untyped                                            ;
; CARRY_CHAIN            ; MANUAL      ; Untyped                                            ;
; CARRY_CHAIN_LENGTH     ; 48          ; CARRY_CHAIN_LENGTH                                 ;
; NOT_GATE_PUSH_BACK     ; ON          ; NOT_GATE_PUSH_BACK                                 ;
; CARRY_CNT_EN           ; SMART       ; Untyped                                            ;
; LABWIDE_SCLR           ; ON          ; Untyped                                            ;
; USE_NEW_VERSION        ; TRUE        ; Untyped                                            ;
; CBXI_PARAMETER         ; cntr_6cj    ; Untyped                                            ;
+------------------------+-------------+----------------------------------------------------+
Note: In order to hide this table in the UI and the text report file, please set the "Show Parameter Settings Tables in Synthesis Report" option in "Analysis and Synthesis Settings -> More Settings" to "Off".


+---------------------------------------------------------------------------------------------+
; Parameter Settings for User Entity Instance: rg3:inst13|lpm_shiftreg:lpm_shiftreg_component ;
+------------------------+-------------+------------------------------------------------------+
; Parameter Name         ; Value       ; Type                                                 ;
+------------------------+-------------+------------------------------------------------------+
; LPM_WIDTH              ; 21          ; Signed Integer                                       ;
; LPM_DIRECTION          ; LEFT        ; Untyped                                              ;
; LPM_AVALUE             ; UNUSED      ; Untyped                                              ;
; LPM_SVALUE             ; UNUSED      ; Untyped                                              ;
; DEVICE_FAMILY          ; Cyclone III ; Untyped                                              ;
; AUTO_CARRY_CHAINS      ; ON          ; AUTO_CARRY                                           ;
; IGNORE_CARRY_BUFFERS   ; OFF         ; IGNORE_CARRY                                         ;
; AUTO_CASCADE_CHAINS    ; ON          ; AUTO_CASCADE                                         ;
; IGNORE_CASCADE_BUFFERS ; OFF         ; IGNORE_CASCADE                                       ;
+------------------------+-------------+------------------------------------------------------+
Note: In order to hide this table in the UI and the text report file, please set the "Show Parameter Settings Tables in Synthesis Report" option in "Analysis and Synthesis Settings -> More Settings" to "Off".


+-------------------------------------------------------------------------------------------+
; Parameter Settings for User Entity Instance: sm1:inst11|lpm_add_sub:lpm_add_sub_component ;
+------------------------+-------------+----------------------------------------------------+
; Parameter Name         ; Value       ; Type                                               ;
+------------------------+-------------+----------------------------------------------------+
; LPM_WIDTH              ; 20          ; Signed Integer                                     ;
; LPM_REPRESENTATION     ; UNSIGNED    ; Untyped                                            ;
; LPM_DIRECTION          ; ADD         ; Untyped                                            ;
; ONE_INPUT_IS_CONSTANT  ; NO          ; Untyped                                            ;
; LPM_PIPELINE           ; 0           ; Untyped                                            ;
; MAXIMIZE_SPEED         ; 5           ; Untyped                                            ;
; REGISTERED_AT_END      ; 0           ; Untyped                                            ;
; OPTIMIZE_FOR_SPEED     ; 5           ; Untyped                                            ;
; USE_CS_BUFFERS         ; 1           ; Untyped                                            ;
; CARRY_CHAIN            ; MANUAL      ; Untyped                                            ;
; CARRY_CHAIN_LENGTH     ; 48          ; CARRY_CHAIN_LENGTH                                 ;
; DEVICE_FAMILY          ; Cyclone III ; Untyped                                            ;
; USE_WYS                ; OFF         ; Untyped                                            ;
; STYLE                  ; FAST        ; Untyped                                            ;
; CBXI_PARAMETER         ; add_sub_voh ; Untyped                                            ;
; AUTO_CARRY_CHAINS      ; ON          ; AUTO_CARRY                                         ;
; IGNORE_CARRY_BUFFERS   ; OFF         ; IGNORE_CARRY                                       ;
; AUTO_CASCADE_CHAINS    ; ON          ; AUTO_CASCADE                                       ;
; IGNORE_CASCADE_BUFFERS ; OFF         ; IGNORE_CASCADE                                     ;
+------------------------+-------------+----------------------------------------------------+
Note: In order to hide this table in the UI and the text report file, please set the "Show Parameter Settings Tables in Synthesis Report" option in "Analysis and Synthesis Settings -> More Settings" to "Off".


+--------------------------------------------------------------------------------+
; Parameter Settings for User Entity Instance: rg2:inst6|lpm_ff:lpm_ff_component ;
+------------------------+-------------+-----------------------------------------+
; Parameter Name         ; Value       ; Type                                    ;
+------------------------+-------------+-----------------------------------------+
; LPM_WIDTH              ; 11          ; Signed Integer                          ;
; LPM_AVALUE             ; UNUSED      ; Untyped                                 ;
; LPM_SVALUE             ; UNUSED      ; Untyped                                 ;
; LPM_FFTYPE             ; DFF         ; Untyped                                 ;
; DEVICE_FAMILY          ; Cyclone III ; Untyped                                 ;
; CBXI_PARAMETER         ; NOTHING     ; Untyped                                 ;
; AUTO_CARRY_CHAINS      ; ON          ; AUTO_CARRY                              ;
; IGNORE_CARRY_BUFFERS   ; OFF         ; IGNORE_CARRY                            ;
; AUTO_CASCADE_CHAINS    ; ON          ; AUTO_CASCADE                            ;
; IGNORE_CASCADE_BUFFERS ; OFF         ; IGNORE_CASCADE                          ;
+------------------------+-------------+-----------------------------------------+
Note: In order to hide this table in the UI and the text report file, please set the "Show Parameter Settings Tables in Synthesis Report" option in "Analysis and Synthesis Settings -> More Settings" to "Off".


+-------------------------------------------------------------------------------------------+
; Parameter Settings for User Entity Instance: rg1:inst|lpm_shiftreg:lpm_shiftreg_component ;
+------------------------+-------------+----------------------------------------------------+
; Parameter Name         ; Value       ; Type                                               ;
+------------------------+-------------+----------------------------------------------------+
; LPM_WIDTH              ; 11          ; Signed Integer                                     ;
; LPM_DIRECTION          ; LEFT        ; Untyped                                            ;
; LPM_AVALUE             ; UNUSED      ; Untyped                                            ;
; LPM_SVALUE             ; UNUSED      ; Untyped                                            ;
; DEVICE_FAMILY          ; Cyclone III ; Untyped                                            ;
; AUTO_CARRY_CHAINS      ; ON          ; AUTO_CARRY                                         ;
; IGNORE_CARRY_BUFFERS   ; OFF         ; IGNORE_CARRY                                       ;
; AUTO_CASCADE_CHAINS    ; ON          ; AUTO_CASCADE                                       ;
; IGNORE_CASCADE_BUFFERS ; OFF         ; IGNORE_CASCADE                                     ;
+------------------------+-------------+----------------------------------------------------+
Note: In order to hide this table in the UI and the text report file, please set the "Show Parameter Settings Tables in Synthesis Report" option in "Analysis and Synthesis Settings -> More Settings" to "Off".


+-----------------------------------------------------------------------------------+
; Parameter Settings for User Entity Instance: ili10:inst10|LPM_OR:lpm_or_component ;
+------------------------+-------------+--------------------------------------------+
; Parameter Name         ; Value       ; Type                                       ;
+------------------------+-------------+--------------------------------------------+
; AUTO_CARRY_CHAINS      ; ON          ; AUTO_CARRY                                 ;
; IGNORE_CARRY_BUFFERS   ; OFF         ; IGNORE_CARRY                               ;
; AUTO_CASCADE_CHAINS    ; ON          ; AUTO_CASCADE                               ;
; IGNORE_CASCADE_BUFFERS ; OFF         ; IGNORE_CASCADE                             ;
; LPM_WIDTH              ; 1           ; Signed Integer                             ;
; LPM_SIZE               ; 10          ; Signed Integer                             ;
; CARRY_CHAIN_LENGTH     ; 48          ; CARRY_CHAIN_LENGTH                         ;
; CARRY_CHAIN            ; MANUAL      ; Untyped                                    ;
; CASCADE_CHAIN          ; MANUAL      ; Untyped                                    ;
; DEVICE_FAMILY          ; Cyclone III ; Untyped                                    ;
+------------------------+-------------+--------------------------------------------+
Note: In order to hide this table in the UI and the text report file, please set the "Show Parameter Settings Tables in Synthesis Report" option in "Analysis and Synthesis Settings -> More Settings" to "Off".


+-----------------------------------------------------------------------------+
; lpm_shiftreg Parameter Settings by Entity Instance                          ;
+----------------------------+------------------------------------------------+
; Name                       ; Value                                          ;
+----------------------------+------------------------------------------------+
; Number of entity instances ; 2                                              ;
; Entity Instance            ; rg3:inst13|lpm_shiftreg:lpm_shiftreg_component ;
;     -- LPM_WIDTH           ; 21                                             ;
;     -- LPM_DIRECTION       ; LEFT                                           ;
; Entity Instance            ; rg1:inst|lpm_shiftreg:lpm_shiftreg_component   ;
;     -- LPM_WIDTH           ; 11                                             ;
;     -- LPM_DIRECTION       ; LEFT                                           ;
+----------------------------+------------------------------------------------+


+-------------------------------+
; Analysis & Synthesis Messages ;
+-------------------------------+
Info: *******************************************************************
Info: Running Quartus II Analysis & Synthesis
    Info: Version 9.1 Build 350 03/24/2010 Service Pack 2 SJ Web Edition
    Info: Processing started: Tue May 17 20:52:20 2022
Info: Command: quartus_map --read_settings_files=on --write_settings_files=off KP -c KP
Info: Found 2 design units, including 1 entities, in source file /ЛЕКЦИИ/lp/2 Курс/4 семестр/Курсова ТА/Квартус УА/ua/probeua/ct4pm.vhd
    Info: Found design unit 1: ct4pm-SYN
    Info: Found entity 1: ct4pm
Info: Found 2 design units, including 1 entities, in source file /ЛЕКЦИИ/lp/2 Курс/4 семестр/Курсова ТА/Квартус УА/ua/probeua/dc4.vhd
    Info: Found design unit 1: dc4-SYN
    Info: Found entity 1: dc4
Info: Found 2 design units, including 1 entities, in source file /ЛЕКЦИИ/lp/2 Курс/4 семестр/Курсова ТА/Квартус УА/ua/probeua/ili5.vhd
    Info: Found design unit 1: ili5-SYN
    Info: Found entity 1: ili5
Info: Found 2 design units, including 1 entities, in source file /ЛЕКЦИИ/lp/2 Курс/4 семестр/Курсова ТА/Квартус УА/ua/probeua/ili9.vhd
    Info: Found design unit 1: ili9-SYN
    Info: Found entity 1: ili9
Info: Found 2 design units, including 1 entities, in source file /ЛЕКЦИИ/lp/2 Курс/4 семестр/Курсова ТА/Квартус УА/ua/probeua/reg.vhd
    Info: Found design unit 1: reg-SYN
    Info: Found entity 1: reg
Info: Found 2 design units, including 1 entities, in source file sm1.vhd
    Info: Found design unit 1: sm1-SYN
    Info: Found entity 1: sm1
Info: Found 2 design units, including 1 entities, in source file rg3.vhd
    Info: Found design unit 1: rg3-SYN
    Info: Found entity 1: rg3
Info: Found 2 design units, including 1 entities, in source file ct2.vhd
    Info: Found design unit 1: ct2-SYN
    Info: Found entity 1: ct2
Info: Found 2 design units, including 1 entities, in source file ct1.vhd
    Info: Found design unit 1: ct1-SYN
    Info: Found entity 1: ct1
Info: Found 2 design units, including 1 entities, in source file ili6.vhd
    Info: Found design unit 1: ili6-SYN
    Info: Found entity 1: ili6
Info: Found 1 design units, including 1 entities, in source file kp.bdf
    Info: Found entity 1: KP
Info: Found 1 design units, including 1 entities, in source file ua.v
    Info: Found entity 1: UA
Info: Found 2 design units, including 1 entities, in source file ili10.vhd
    Info: Found design unit 1: ili10-SYN
    Info: Found entity 1: ili10
Info: Found 1 design units, including 1 entities, in source file test2.bdf
    Info: Found entity 1: test2
Info: Elaborating entity "KP" for the top level hierarchy
Warning: Not all bits in bus "p_[6..0]" are used
Warning: Primitive "NOT" of instance "inst19" not used
Info: Elaborating entity "test2" for hierarchy "test2:inst3"
Warning: No superset bus at connection
Warning: No superset bus at connection
Info: Elaborating entity "dc4" for hierarchy "test2:inst3|dc4:UAinst28"
Info: Elaborating entity "lpm_decode" for hierarchy "test2:inst3|dc4:UAinst28|lpm_decode:lpm_decode_component"
Info: Elaborated megafunction instantiation "test2:inst3|dc4:UAinst28|lpm_decode:lpm_decode_component"
Info: Instantiated megafunction "test2:inst3|dc4:UAinst28|lpm_decode:lpm_decode_component" with the following parameter:
    Info: Parameter "lpm_decodes" = "16"
    Info: Parameter "lpm_type" = "LPM_DECODE"
    Info: Parameter "lpm_width" = "4"
Info: Found 1 design units, including 1 entities, in source file db/decode_lbf.tdf
    Info: Found entity 1: decode_lbf
Info: Elaborating entity "decode_lbf" for hierarchy "test2:inst3|dc4:UAinst28|lpm_decode:lpm_decode_component|decode_lbf:auto_generated"
Info: Elaborating entity "ct4pm" for hierarchy "test2:inst3|ct4pm:UAinst38"
Info: Elaborating entity "lpm_counter" for hierarchy "test2:inst3|ct4pm:UAinst38|lpm_counter:lpm_counter_component"
Info: Elaborated megafunction instantiation "test2:inst3|ct4pm:UAinst38|lpm_counter:lpm_counter_component"
Info: Instantiated megafunction "test2:inst3|ct4pm:UAinst38|lpm_counter:lpm_counter_component" with the following parameter:
    Info: Parameter "lpm_direction" = "UNUSED"
    Info: Parameter "lpm_port_updown" = "PORT_USED"
    Info: Parameter "lpm_type" = "LPM_COUNTER"
    Info: Parameter "lpm_width" = "4"
Warning: Assertion warning: Counter will power up to an undefined state.  An asynchronous signal should be asserted before the counter reaches a known state.
Info: Found 1 design units, including 1 entities, in source file db/cntr_ihi.tdf
    Info: Found entity 1: cntr_ihi
Info: Elaborating entity "cntr_ihi" for hierarchy "test2:inst3|ct4pm:UAinst38|lpm_counter:lpm_counter_component|cntr_ihi:auto_generated"
Info: Elaborating entity "ili9" for hierarchy "test2:inst3|ili9:inst25"
Info: Elaborating entity "LPM_OR" for hierarchy "test2:inst3|ili9:inst25|LPM_OR:lpm_or_component"
Info: Elaborated megafunction instantiation "test2:inst3|ili9:inst25|LPM_OR:lpm_or_component"
Info: Instantiated megafunction "test2:inst3|ili9:inst25|LPM_OR:lpm_or_component" with the following parameter:
    Info: Parameter "LPM_WIDTH" = "1"
    Info: Parameter "LPM_SIZE" = "9"
    Info: Parameter "LPM_TYPE" = "LPM_OR"
    Info: Parameter "LPM_HINT" = "UNUSED"
Info: Elaborating entity "reg" for hierarchy "test2:inst3|reg:inst27"
Info: Elaborating entity "lpm_ff" for hierarchy "test2:inst3|reg:inst27|lpm_ff:lpm_ff_component"
Info: Elaborated megafunction instantiation "test2:inst3|reg:inst27|lpm_ff:lpm_ff_component"
Info: Instantiated megafunction "test2:inst3|reg:inst27|lpm_ff:lpm_ff_component" with the following parameter:
    Info: Parameter "lpm_fftype" = "DFF"
    Info: Parameter "lpm_type" = "LPM_FF"
    Info: Parameter "lpm_width" = "11"
Info: Elaborating entity "ili5" for hierarchy "test2:inst3|ili5:inst16"
Info: Elaborating entity "LPM_OR" for hierarchy "test2:inst3|ili5:inst16|LPM_OR:lpm_or_component"
Info: Elaborated megafunction instantiation "test2:inst3|ili5:inst16|LPM_OR:lpm_or_component"
Info: Instantiated megafunction "test2:inst3|ili5:inst16|LPM_OR:lpm_or_component" with the following parameter:
    Info: Parameter "LPM_WIDTH" = "1"
    Info: Parameter "LPM_SIZE" = "5"
    Info: Parameter "LPM_TYPE" = "LPM_OR"
    Info: Parameter "LPM_HINT" = "UNUSED"
Info: Elaborating entity "ili6" for hierarchy "ili6:inst21"
Info: Elaborating entity "LPM_OR" for hierarchy "ili6:inst21|LPM_OR:lpm_or_component"
Info: Elaborated megafunction instantiation "ili6:inst21|LPM_OR:lpm_or_component"
Info: Instantiated megafunction "ili6:inst21|LPM_OR:lpm_or_component" with the following parameter:
    Info: Parameter "LPM_WIDTH" = "1"
    Info: Parameter "LPM_SIZE" = "4"
    Info: Parameter "LPM_TYPE" = "LPM_OR"
    Info: Parameter "LPM_HINT" = "UNUSED"
Info: Elaborating entity "ct1" for hierarchy "ct1:inst17"
Info: Elaborating entity "lpm_counter" for hierarchy "ct1:inst17|lpm_counter:lpm_counter_component"
Info: Elaborated megafunction instantiation "ct1:inst17|lpm_counter:lpm_counter_component"
Info: Instantiated megafunction "ct1:inst17|lpm_counter:lpm_counter_component" with the following parameter:
    Info: Parameter "lpm_direction" = "DOWN"
    Info: Parameter "lpm_port_updown" = "PORT_UNUSED"
    Info: Parameter "lpm_type" = "LPM_COUNTER"
    Info: Parameter "lpm_width" = "6"
Info: Found 1 design units, including 1 entities, in source file db/cntr_e1k.tdf
    Info: Found entity 1: cntr_e1k
Info: Elaborating entity "cntr_e1k" for hierarchy "ct1:inst17|lpm_counter:lpm_counter_component|cntr_e1k:auto_generated"
Warning: Using design file sm2.vhd, which is not specified as a design file for the current project, but contains definitions for 2 design units and 1 entities in project
    Info: Found design unit 1: sm2-SYN
    Info: Found entity 1: sm2
Info: Elaborating entity "sm2" for hierarchy "sm2:inst9"
Info: Elaborating entity "lpm_add_sub" for hierarchy "sm2:inst9|lpm_add_sub:lpm_add_sub_component"
Info: Elaborated megafunction instantiation "sm2:inst9|lpm_add_sub:lpm_add_sub_component"
Info: Instantiated megafunction "sm2:inst9|lpm_add_sub:lpm_add_sub_component" with the following parameter:
    Info: Parameter "lpm_direction" = "ADD"
    Info: Parameter "lpm_hint" = "ONE_INPUT_IS_CONSTANT=NO,CIN_USED=NO"
    Info: Parameter "lpm_representation" = "UNSIGNED"
    Info: Parameter "lpm_type" = "LPM_ADD_SUB"
    Info: Parameter "lpm_width" = "5"
Info: Found 1 design units, including 1 entities, in source file db/add_sub_d6i.tdf
    Info: Found entity 1: add_sub_d6i
Info: Elaborating entity "add_sub_d6i" for hierarchy "sm2:inst9|lpm_add_sub:lpm_add_sub_component|add_sub_d6i:auto_generated"
Warning: Using design file rg4.vhd, which is not specified as a design file for the current project, but contains definitions for 2 design units and 1 entities in project
    Info: Found design unit 1: rg4-SYN
    Info: Found entity 1: rg4
Info: Elaborating entity "rg4" for hierarchy "rg4:inst8"
Info: Elaborating entity "lpm_ff" for hierarchy "rg4:inst8|lpm_ff:lpm_ff_component"
Info: Elaborated megafunction instantiation "rg4:inst8|lpm_ff:lpm_ff_component"
Info: Instantiated megafunction "rg4:inst8|lpm_ff:lpm_ff_component" with the following parameter:
    Info: Parameter "lpm_fftype" = "DFF"
    Info: Parameter "lpm_type" = "LPM_FF"
    Info: Parameter "lpm_width" = "5"
Info: Elaborating entity "ct2" for hierarchy "ct2:inst15"
Info: Elaborating entity "lpm_counter" for hierarchy "ct2:inst15|lpm_counter:lpm_counter_component"
Info: Elaborated megafunction instantiation "ct2:inst15|lpm_counter:lpm_counter_component"
Info: Instantiated megafunction "ct2:inst15|lpm_counter:lpm_counter_component" with the following parameter:
    Info: Parameter "lpm_direction" = "UP"
    Info: Parameter "lpm_port_updown" = "PORT_UNUSED"
    Info: Parameter "lpm_type" = "LPM_COUNTER"
    Info: Parameter "lpm_width" = "5"
Info: Found 1 design units, including 1 entities, in source file db/cntr_6cj.tdf
    Info: Found entity 1: cntr_6cj
Info: Elaborating entity "cntr_6cj" for hierarchy "ct2:inst15|lpm_counter:lpm_counter_component|cntr_6cj:auto_generated"
Info: Elaborating entity "rg3" for hierarchy "rg3:inst13"
Info: Elaborating entity "lpm_shiftreg" for hierarchy "rg3:inst13|lpm_shiftreg:lpm_shiftreg_component"
Info: Elaborated megafunction instantiation "rg3:inst13|lpm_shiftreg:lpm_shiftreg_component"
Info: Instantiated megafunction "rg3:inst13|lpm_shiftreg:lpm_shiftreg_component" with the following parameter:
    Info: Parameter "lpm_direction" = "LEFT"
    Info: Parameter "lpm_type" = "LPM_SHIFTREG"
    Info: Parameter "lpm_width" = "21"
Info: Elaborating entity "sm1" for hierarchy "sm1:inst11"
Info: Elaborating entity "lpm_add_sub" for hierarchy "sm1:inst11|lpm_add_sub:lpm_add_sub_component"
Info: Elaborated megafunction instantiation "sm1:inst11|lpm_add_sub:lpm_add_sub_component"
Info: Instantiated megafunction "sm1:inst11|lpm_add_sub:lpm_add_sub_component" with the following parameter:
    Info: Parameter "lpm_direction" = "ADD"
    Info: Parameter "lpm_hint" = "ONE_INPUT_IS_CONSTANT=NO,CIN_USED=NO"
    Info: Parameter "lpm_representation" = "UNSIGNED"
    Info: Parameter "lpm_type" = "LPM_ADD_SUB"
    Info: Parameter "lpm_width" = "20"
Info: Found 1 design units, including 1 entities, in source file db/add_sub_voh.tdf
    Info: Found entity 1: add_sub_voh
Info: Elaborating entity "add_sub_voh" for hierarchy "sm1:inst11|lpm_add_sub:lpm_add_sub_component|add_sub_voh:auto_generated"
Warning: Using design file rg2.vhd, which is not specified as a design file for the current project, but contains definitions for 2 design units and 1 entities in project
    Info: Found design unit 1: rg2-SYN
    Info: Found entity 1: rg2
Info: Elaborating entity "rg2" for hierarchy "rg2:inst6"
Info: Elaborating entity "lpm_ff" for hierarchy "rg2:inst6|lpm_ff:lpm_ff_component"
Info: Elaborated megafunction instantiation "rg2:inst6|lpm_ff:lpm_ff_component"
Info: Instantiated megafunction "rg2:inst6|lpm_ff:lpm_ff_component" with the following parameter:
    Info: Parameter "lpm_fftype" = "DFF"
    Info: Parameter "lpm_type" = "LPM_FF"
    Info: Parameter "lpm_width" = "11"
Warning: Using design file rg1.vhd, which is not specified as a design file for the current project, but contains definitions for 2 design units and 1 entities in project
    Info: Found design unit 1: rg1-SYN
    Info: Found entity 1: rg1
Info: Elaborating entity "rg1" for hierarchy "rg1:inst"
Info: Elaborating entity "lpm_shiftreg" for hierarchy "rg1:inst|lpm_shiftreg:lpm_shiftreg_component"
Info: Elaborated megafunction instantiation "rg1:inst|lpm_shiftreg:lpm_shiftreg_component"
Info: Instantiated megafunction "rg1:inst|lpm_shiftreg:lpm_shiftreg_component" with the following parameter:
    Info: Parameter "lpm_direction" = "LEFT"
    Info: Parameter "lpm_type" = "LPM_SHIFTREG"
    Info: Parameter "lpm_width" = "11"
Info: Elaborating entity "ili10" for hierarchy "ili10:inst10"
Info: Elaborating entity "LPM_OR" for hierarchy "ili10:inst10|LPM_OR:lpm_or_component"
Info: Elaborated megafunction instantiation "ili10:inst10|LPM_OR:lpm_or_component"
Info: Instantiated megafunction "ili10:inst10|LPM_OR:lpm_or_component" with the following parameter:
    Info: Parameter "LPM_WIDTH" = "1"
    Info: Parameter "LPM_SIZE" = "10"
    Info: Parameter "LPM_TYPE" = "LPM_OR"
    Info: Parameter "LPM_HINT" = "UNUSED"
Info: Timing-Driven Synthesis is running
Info: Implemented 233 device resources after synthesis - the final resource count might be different
    Info: Implemented 18 input pins
    Info: Implemented 63 output pins
    Info: Implemented 152 logic cells
Info: Quartus II Analysis & Synthesis was successful. 0 errors, 9 warnings
    Info: Peak virtual memory: 256 megabytes
    Info: Processing ended: Tue May 17 20:52:22 2022
    Info: Elapsed time: 00:00:02
    Info: Total CPU time (on all processors): 00:00:03


