Analysis & Synthesis report for Digital_Device_1
Sat Dec 17 19:26:05 2022
Quartus II Version 9.1 Build 350 03/24/2010 Service Pack 2 SJ Web Edition


---------------------
; Table of Contents ;
---------------------
  1. Legal Notice
  2. Analysis & Synthesis Summary
  3. Analysis & Synthesis Settings
  4. Parallel Compilation
  5. Analysis & Synthesis Messages



----------------
; Legal Notice ;
----------------
Copyright (C) 1991-2010 Altera Corporation
Your use of Altera Corporation's design tools, logic functions 
and other software and tools, and its AMPP partner logic 
functions, and any output files from any of the foregoing 
(including device programming or simulation files), and any 
associated documentation or information are expressly subject 
to the terms and conditions of the Altera Program License 
Subscription Agreement, Altera MegaCore Function License 
Agreement, or other applicable license agreement, including, 
without limitation, that your use is for the sole purpose of 
programming logic devices manufactured by Altera and sold by 
Altera or its authorized distributors.  Please refer to the 
applicable agreement for further details.



+-----------------------------------------------------------------------------------+
; Analysis & Synthesis Summary                                                      ;
+------------------------------------+----------------------------------------------+
; Analysis & Synthesis Status        ; Failed - Sat Dec 17 19:26:05 2022            ;
; Quartus II Version                 ; 9.1 Build 350 03/24/2010 SP 2 SJ Web Edition ;
; Revision Name                      ; Digital_Device_1                             ;
; Top-level Entity Name              ; Digital_Device_1                             ;
; Family                             ; Cyclone III                                  ;
; Total logic elements               ; N/A until Partition Merge                    ;
;     Total combinational functions  ; N/A until Partition Merge                    ;
;     Dedicated logic registers      ; N/A until Partition Merge                    ;
; Total registers                    ; N/A until Partition Merge                    ;
; Total pins                         ; N/A until Partition Merge                    ;
; Total virtual pins                 ; N/A until Partition Merge                    ;
; Total memory bits                  ; N/A until Partition Merge                    ;
; Embedded Multiplier 9-bit elements ; N/A until Partition Merge                    ;
; Total PLLs                         ; N/A until Partition Merge                    ;
+------------------------------------+----------------------------------------------+


+----------------------------------------------------------------------------------------------------------------------+
; Analysis & Synthesis Settings                                                                                        ;
+----------------------------------------------------------------------------+--------------------+--------------------+
; Option                                                                     ; Setting            ; Default Value      ;
+----------------------------------------------------------------------------+--------------------+--------------------+
; Device                                                                     ; EP3C5E144C8        ;                    ;
; Top-level entity name                                                      ; Digital_Device_1   ; Digital_Device_1   ;
; Family name                                                                ; Cyclone III        ; Stratix II         ;
; Use Generated Physical Constraints File                                    ; Off                ;                    ;
; Use smart compilation                                                      ; Off                ; Off                ;
; Enable parallel Assembler and TimeQuest Timing Analyzer during compilation ; On                 ; On                 ;
; Enable compact report table                                                ; Off                ; Off                ;
; Restructure Multiplexers                                                   ; Auto               ; Auto               ;
; Create Debugging Nodes for IP Cores                                        ; Off                ; Off                ;
; Preserve fewer node names                                                  ; On                 ; On                 ;
; Disable OpenCore Plus hardware evaluation                                  ; Off                ; Off                ;
; Verilog Version                                                            ; Verilog_2001       ; Verilog_2001       ;
; VHDL Version                                                               ; VHDL_1993          ; VHDL_1993          ;
; State Machine Processing                                                   ; Auto               ; Auto               ;
; Safe State Machine                                                         ; Off                ; Off                ;
; Extract Verilog State Machines                                             ; On                 ; On                 ;
; Extract VHDL State Machines                                                ; On                 ; On                 ;
; Ignore Verilog initial constructs                                          ; Off                ; Off                ;
; Iteration limit for constant Verilog loops                                 ; 5000               ; 5000               ;
; Iteration limit for non-constant Verilog loops                             ; 250                ; 250                ;
; Add Pass-Through Logic to Inferred RAMs                                    ; On                 ; On                 ;
; Parallel Synthesis                                                         ; On                 ; On                 ;
; DSP Block Balancing                                                        ; Auto               ; Auto               ;
; NOT Gate Push-Back                                                         ; On                 ; On                 ;
; Power-Up Don't Care                                                        ; On                 ; On                 ;
; Remove Redundant Logic Cells                                               ; Off                ; Off                ;
; Remove Duplicate Registers                                                 ; On                 ; On                 ;
; Ignore CARRY Buffers                                                       ; Off                ; Off                ;
; Ignore CASCADE Buffers                                                     ; Off                ; Off                ;
; Ignore GLOBAL Buffers                                                      ; Off                ; Off                ;
; Ignore ROW GLOBAL Buffers                                                  ; Off                ; Off                ;
; Ignore LCELL Buffers                                                       ; Off                ; Off                ;
; Ignore SOFT Buffers                                                        ; On                 ; On                 ;
; Limit AHDL Integers to 32 Bits                                             ; Off                ; Off                ;
; Optimization Technique                                                     ; Balanced           ; Balanced           ;
; Carry Chain Length                                                         ; 70                 ; 70                 ;
; Auto Carry Chains                                                          ; On                 ; On                 ;
; Auto Open-Drain Pins                                                       ; On                 ; On                 ;
; Perform WYSIWYG Primitive Resynthesis                                      ; Off                ; Off                ;
; Auto ROM Replacement                                                       ; On                 ; On                 ;
; Auto RAM Replacement                                                       ; On                 ; On                 ;
; Auto DSP Block Replacement                                                 ; On                 ; On                 ;
; Auto Shift Register Replacement                                            ; Auto               ; Auto               ;
; Auto Clock Enable Replacement                                              ; On                 ; On                 ;
; Strict RAM Replacement                                                     ; Off                ; Off                ;
; Allow Synchronous Control Signals                                          ; On                 ; On                 ;
; Force Use of Synchronous Clear Signals                                     ; Off                ; Off                ;
; Auto RAM Block Balancing                                                   ; On                 ; On                 ;
; Auto RAM to Logic Cell Conversion                                          ; Off                ; Off                ;
; Auto Resource Sharing                                                      ; Off                ; Off                ;
; Allow Any RAM Size For Recognition                                         ; Off                ; Off                ;
; Allow Any ROM Size For Recognition                                         ; Off                ; Off                ;
; Allow Any Shift Register Size For Recognition                              ; Off                ; Off                ;
; Use LogicLock Constraints during Resource Balancing                        ; On                 ; On                 ;
; Ignore translate_off and synthesis_off directives                          ; Off                ; Off                ;
; Timing-Driven Synthesis                                                    ; On                 ; On                 ;
; Show Parameter Settings Tables in Synthesis Report                         ; On                 ; On                 ;
; Ignore Maximum Fan-Out Assignments                                         ; Off                ; Off                ;
; Synchronization Register Chain Length                                      ; 2                  ; 2                  ;
; PowerPlay Power Optimization                                               ; Normal compilation ; Normal compilation ;
; HDL message level                                                          ; Level2             ; Level2             ;
; Suppress Register Optimization Related Messages                            ; Off                ; Off                ;
; Number of Removed Registers Reported in Synthesis Report                   ; 5000               ; 5000               ;
; Number of Inverted Registers Reported in Synthesis Report                  ; 100                ; 100                ;
; Clock MUX Protection                                                       ; On                 ; On                 ;
; Auto Gated Clock Conversion                                                ; Off                ; Off                ;
; Block Design Naming                                                        ; Auto               ; Auto               ;
; SDC constraint protection                                                  ; Off                ; Off                ;
; Synthesis Effort                                                           ; Auto               ; Auto               ;
; Shift Register Replacement - Allow Asynchronous Clear Signal               ; On                 ; On                 ;
; Analysis & Synthesis Message Level                                         ; Medium             ; Medium             ;
; Disable Register Merging Across Hierarchies                                ; Auto               ; Auto               ;
; Resource Aware Inference For Block RAM                                     ; On                 ; On                 ;
+----------------------------------------------------------------------------+--------------------+--------------------+


Parallel compilation was disabled, but you have multiple processors available. Enable parallel compilation to reduce compilation time.
+-------------------------------------+
; Parallel Compilation                ;
+----------------------------+--------+
; Processors                 ; Number ;
+----------------------------+--------+
; Number detected on machine ; 12     ;
; Maximum allowed            ; 1      ;
+----------------------------+--------+


+-------------------------------+
; Analysis & Synthesis Messages ;
+-------------------------------+
Info: *******************************************************************
Info: Running Quartus II Analysis & Synthesis
    Info: Version 9.1 Build 350 03/24/2010 Service Pack 2 SJ Web Edition
    Info: Processing started: Sat Dec 17 19:26:01 2022
Info: Command: quartus_map --read_settings_files=on --write_settings_files=off Digital_Device_1 -c Digital_Device_1
Warning: Tcl Script File E:/PZU_1/project_NAND/RG3_alu.qip not found
    Info: set_global_assignment -name QIP_FILE "E:/PZU_1/project_NAND/RG3_alu.qip"
Warning: Tcl Script File E:/PZU_1/CursachV2/lpm_counter1.qip not found
    Info: set_global_assignment -name QIP_FILE "E:/PZU_1/CursachV2/lpm_counter1.qip"
Warning: Tcl Script File E:/PZU_1/CursachV2/MS1_alu.qip not found
    Info: set_global_assignment -name QIP_FILE "E:/PZU_1/CursachV2/MS1_alu.qip"
Warning: Tcl Script File E:/PZU_1/CursachV2/CT2_alu.qip not found
    Info: set_global_assignment -name QIP_FILE "E:/PZU_1/CursachV2/CT2_alu.qip"
Warning: Tcl Script File E:/PZU_1/CursachV2/KS7_alu.qip not found
    Info: set_global_assignment -name QIP_FILE "E:/PZU_1/CursachV2/KS7_alu.qip"
Warning: Tcl Script File E:/PZU_1/CursachV2/lpm_mux0.qip not found
    Info: set_global_assignment -name QIP_FILE "E:/PZU_1/CursachV2/lpm_mux0.qip"
Warning: Tcl Script File E:/PZU_1/CursachV2/KS6_alu.qip not found
    Info: set_global_assignment -name QIP_FILE "E:/PZU_1/CursachV2/KS6_alu.qip"
Warning: Tcl Script File E:/PZU_1/CursachV2/RG4_sh1.qip not found
    Info: set_global_assignment -name QIP_FILE "E:/PZU_1/CursachV2/RG4_sh1.qip"
Warning: Tcl Script File E:/PZU_1/CursachV2/RG4_shifter.qip not found
    Info: set_global_assignment -name QIP_FILE "E:/PZU_1/CursachV2/RG4_shifter.qip"
Warning: Tcl Script File E:/PZU_1/CursachV2/SM1_alu.qip not found
    Info: set_global_assignment -name QIP_FILE "E:/PZU_1/CursachV2/SM1_alu.qip"
Warning: Tcl Script File E:/PZU_1/CursachV2/MS5_alu.qip not found
    Info: set_global_assignment -name QIP_FILE "E:/PZU_1/CursachV2/MS5_alu.qip"
Warning: Tcl Script File E:/PZU_1/CursachV2/const_h400000.qip not found
    Info: set_global_assignment -name QIP_FILE "E:/PZU_1/CursachV2/const_h400000.qip"
Warning: Tcl Script File E:/PZU_1/CursachV2/MS6.qip not found
    Info: set_global_assignment -name QIP_FILE "E:/PZU_1/CursachV2/MS6.qip"
Warning: Tcl Script File E:/PZU_1/CursachV2/CT1_alu.qip not found
    Info: set_global_assignment -name QIP_FILE "E:/PZU_1/CursachV2/CT1_alu.qip"
Warning: Tcl Script File ALU/RG4_shifter.qip not found
    Info: set_global_assignment -name QIP_FILE ALU/RG4_shifter.qip
Warning: Tcl Script File ALU/MS6.qip not found
    Info: set_global_assignment -name QIP_FILE ALU/MS6.qip
Warning: Tcl Script File ALU/MS5_alu.qip not found
    Info: set_global_assignment -name QIP_FILE ALU/MS5_alu.qip
Warning: Tcl Script File ALU/SM1_alu.qip not found
    Info: set_global_assignment -name QIP_FILE ALU/SM1_alu.qip
Warning: Tcl Script File ALU/MS2_alu.qip not found
    Info: set_global_assignment -name QIP_FILE ALU/MS2_alu.qip
Warning: Tcl Script File ALU/RG3_alu.qip not found
    Info: set_global_assignment -name QIP_FILE ALU/RG3_alu.qip
Warning: Tcl Script File ALU/CT2_alu.qip not found
    Info: set_global_assignment -name QIP_FILE ALU/CT2_alu.qip
Warning: Tcl Script File ALU/MS1_alu.qip not found
    Info: set_global_assignment -name QIP_FILE ALU/MS1_alu.qip
Warning: Tcl Script File ALU/KS7_alu.qip not found
    Info: set_global_assignment -name QIP_FILE ALU/KS7_alu.qip
Warning: Tcl Script File ALU/KS2_alu.qip not found
    Info: set_global_assignment -name QIP_FILE ALU/KS2_alu.qip
Warning: Tcl Script File ALU/KS3_alu.qip not found
    Info: set_global_assignment -name QIP_FILE ALU/KS3_alu.qip
Warning: Tcl Script File ALU/KS3_Y20.qip not found
    Info: set_global_assignment -name QIP_FILE ALU/KS3_Y20.qip
Warning: Tcl Script File ALU/CT1_alu.qip not found
    Info: set_global_assignment -name QIP_FILE ALU/CT1_alu.qip
Warning: Tcl Script File ALU/KS6_alu.qip not found
    Info: set_global_assignment -name QIP_FILE ALU/KS6_alu.qip
Warning: Tcl Script File ALU/NKS6_alu.qip not found
    Info: set_global_assignment -name QIP_FILE ALU/NKS6_alu.qip
Info: Found 1 design units, including 1 entities, in source file alu/rg12_t3_ms2_ks456.bdf
    Info: Found entity 1: RG12_T3_MS2_KS456
Info: Found 1 design units, including 1 entities, in source file pll1.tdf
    Info: Found entity 1: PLL1
Info: Found 1 design units, including 1 entities, in source file reg_for_y.tdf
    Info: Found entity 1: reg_for_Y
Info: Found 1 design units, including 1 entities, in source file digital_device_1.bdf
    Info: Found entity 1: Digital_Device_1
Info: Found 1 design units, including 1 entities, in source file alu/alu.bdf
    Info: Found entity 1: ALU
Info: Found 2 design units, including 1 entities, in source file alu/y_store.vhd
    Info: Found design unit 1: y_store-SYN
    Info: Found entity 1: Y_Store
Info: Found 1 design units, including 1 entities, in source file alu/c_h80.bdf
    Info: Found entity 1: C_h80
Info: Found 2 design units, including 1 entities, in source file alu/sm2_alu.vhd
    Info: Found design unit 1: sm2_alu-SYN
    Info: Found entity 1: SM2_alu
Info: Found 1 design units, including 1 entities, in source file alu/rg3_sm2_ms1_ct2_block.bdf
    Info: Found entity 1: RG3_SM2_MS1_CT2_block
Warning: Can't analyze file -- file ALU/Bit_rev.v is missing
Info: Found 2 design units, including 1 entities, in source file alu/ks1_alu.vhd
    Info: Found design unit 1: ks1_alu-SYN
    Info: Found entity 1: KS1_alu
Info: Found 1 design units, including 1 entities, in source file alu/ks1_t1_block.bdf
    Info: Found entity 1: KS1_T1_block
Info: Found 1 design units, including 1 entities, in source file alu/dc1_ks2_ks3_ks7_block.bdf
    Info: Found entity 1: DC1_KS2_KS3_KS7_block
Info: Found 2 design units, including 1 entities, in source file alu/lpm_mux0.vhd
    Info: Found design unit 1: lpm_mux0-SYN
    Info: Found entity 1: lpm_mux0
Info: Found 1 design units, including 1 entities, in source file alu/rg1_block.bdf
    Info: Found entity 1: RG1_block
Warning: Can't analyze file -- file ALU/Digital_Device_1.bdf is missing
Info: Found 2 design units, including 1 entities, in source file alu/ks4_alu.vhd
    Info: Found design unit 1: ks4_alu-SYN
    Info: Found entity 1: KS4_alu
Info: Found 2 design units, including 1 entities, in source file alu/rg4.vhd
    Info: Found design unit 1: rg4-SYN
    Info: Found entity 1: RG4
Info: Found 1 design units, including 1 entities, in source file alu/rg4_alu.bdf
    Info: Found entity 1: RG4_alu
Info: Found 2 design units, including 1 entities, in source file alu/ms3.vhd
    Info: Found design unit 1: ms3-SYN
    Info: Found entity 1: MS3
Info: Found 1 design units, including 1 entities, in source file alu/cascade_rg4_block.bdf
    Info: Found entity 1: CASCADE_RG4_block
Info: Found 2 design units, including 1 entities, in source file alu/ms7_alu.vhd
    Info: Found design unit 1: ms7_alu-SYN
    Info: Found entity 1: MS7_alu
Info: Elaborating entity "Digital_Device_1" for the top level hierarchy
Warning: Using design file d:/лекции/lp/3 курс/пцу/лр1/гайд/pzu_2/usb_and_other/usbbridge.vhd, which is not specified as a design file for the current project, but contains definitions for 2 design units and 1 entities in project
    Info: Found design unit 1: USBBridge-bdf_type
    Info: Found entity 1: USBBridge
Info: Elaborating entity "USBBridge" for hierarchy "USBBridge:inst"
Warning: Using design file d:/лекции/lp/3 курс/пцу/лр1/гайд/pzu_2/usb_and_other/usb_rg8e.vhd, which is not specified as a design file for the current project, but contains definitions for 2 design units and 1 entities in project
    Info: Found design unit 1: USB_RG8E-bdf_type
    Info: Found entity 1: USB_RG8E
Info: Elaborating entity "usb_rg8e" for hierarchy "USBBridge:inst|usb_rg8e:b2v_inst"
Warning: Using design file d:/лекции/lp/3 курс/пцу/лр1/гайд/pzu_2/usb_and_other/usb_mux1x2.vhd, which is not specified as a design file for the current project, but contains definitions for 2 design units and 1 entities in project
    Info: Found design unit 1: usb_mux1x2-SYN
    Info: Found entity 1: USB_MUX1x2
Info: Elaborating entity "usb_mux1x2" for hierarchy "USBBridge:inst|usb_mux1x2:b2v_inst116"
Info: Elaborating entity "LPM_MUX" for hierarchy "USBBridge:inst|usb_mux1x2:b2v_inst116|LPM_MUX:LPM_MUX_component"
Info: Elaborated megafunction instantiation "USBBridge:inst|usb_mux1x2:b2v_inst116|LPM_MUX:LPM_MUX_component"
Info: Instantiated megafunction "USBBridge:inst|usb_mux1x2:b2v_inst116|LPM_MUX:LPM_MUX_component" with the following parameter:
    Info: Parameter "LPM_WIDTH" = "1"
    Info: Parameter "LPM_SIZE" = "2"
    Info: Parameter "LPM_WIDTHS" = "1"
    Info: Parameter "LPM_PIPELINE" = "0"
    Info: Parameter "LPM_TYPE" = "LPM_MUX"
    Info: Parameter "LPM_HINT" = "UNUSED"
Info: Found 1 design units, including 1 entities, in source file db/mux_96e.tdf
    Info: Found entity 1: mux_96e
Info: Elaborating entity "mux_96e" for hierarchy "USBBridge:inst|usb_mux1x2:b2v_inst116|LPM_MUX:LPM_MUX_component|mux_96e:auto_generated"
Warning: Using design file d:/лекции/lp/3 курс/пцу/лр1/гайд/pzu_2/usb_and_other/usb_dc8.vhd, which is not specified as a design file for the current project, but contains definitions for 2 design units and 1 entities in project
    Info: Found design unit 1: usb_dc8-SYN
    Info: Found entity 1: USB_DC8
Info: Elaborating entity "usb_dc8" for hierarchy "USBBridge:inst|usb_dc8:b2v_inst14"
Info: Elaborating entity "lpm_decode" for hierarchy "USBBridge:inst|usb_dc8:b2v_inst14|lpm_decode:LPM_DECODE_component"
Info: Elaborated megafunction instantiation "USBBridge:inst|usb_dc8:b2v_inst14|lpm_decode:LPM_DECODE_component"
Info: Instantiated megafunction "USBBridge:inst|usb_dc8:b2v_inst14|lpm_decode:LPM_DECODE_component" with the following parameter:
    Info: Parameter "lpm_decodes" = "128"
    Info: Parameter "lpm_type" = "LPM_DECODE"
    Info: Parameter "lpm_width" = "7"
Info: Found 1 design units, including 1 entities, in source file db/decode_j1g.tdf
    Info: Found entity 1: decode_j1g
Info: Elaborating entity "decode_j1g" for hierarchy "USBBridge:inst|usb_dc8:b2v_inst14|lpm_decode:LPM_DECODE_component|decode_j1g:auto_generated"
Warning: Using design file d:/лекции/lp/3 курс/пцу/лр1/гайд/pzu_2/usb_and_other/usb_ct3.vhd, which is not specified as a design file for the current project, but contains definitions for 2 design units and 1 entities in project
    Info: Found design unit 1: usb_ct3-SYN
    Info: Found entity 1: USB_CT3
Info: Elaborating entity "usb_ct3" for hierarchy "USBBridge:inst|usb_ct3:b2v_inst5"
Info: Elaborating entity "lpm_counter" for hierarchy "USBBridge:inst|usb_ct3:b2v_inst5|lpm_counter:LPM_COUNTER_component"
Info: Elaborated megafunction instantiation "USBBridge:inst|usb_ct3:b2v_inst5|lpm_counter:LPM_COUNTER_component"
Info: Instantiated megafunction "USBBridge:inst|usb_ct3:b2v_inst5|lpm_counter:LPM_COUNTER_component" with the following parameter:
    Info: Parameter "lpm_direction" = "UP"
    Info: Parameter "lpm_port_updown" = "PORT_UNUSED"
    Info: Parameter "lpm_type" = "LPM_COUNTER"
    Info: Parameter "lpm_width" = "3"
Info: Found 1 design units, including 1 entities, in source file db/cntr_pqi.tdf
    Info: Found entity 1: cntr_pqi
Info: Elaborating entity "cntr_pqi" for hierarchy "USBBridge:inst|usb_ct3:b2v_inst5|lpm_counter:LPM_COUNTER_component|cntr_pqi:auto_generated"
Warning: Using design file d:/лекции/lp/3 курс/пцу/лр1/гайд/pzu_2/usb_and_other/usb_dc3.vhd, which is not specified as a design file for the current project, but contains definitions for 2 design units and 1 entities in project
    Info: Found design unit 1: usb_dc3-SYN
    Info: Found entity 1: usb_dc3
Info: Elaborating entity "usb_dc3" for hierarchy "USBBridge:inst|usb_dc3:b2v_instdc3"
Info: Elaborating entity "lpm_decode" for hierarchy "USBBridge:inst|usb_dc3:b2v_instdc3|lpm_decode:LPM_DECODE_component"
Info: Elaborated megafunction instantiation "USBBridge:inst|usb_dc3:b2v_instdc3|lpm_decode:LPM_DECODE_component"
Info: Instantiated megafunction "USBBridge:inst|usb_dc3:b2v_instdc3|lpm_decode:LPM_DECODE_component" with the following parameter:
    Info: Parameter "lpm_decodes" = "8"
    Info: Parameter "lpm_type" = "LPM_DECODE"
    Info: Parameter "lpm_width" = "3"
Info: Found 1 design units, including 1 entities, in source file db/decode_5af.tdf
    Info: Found entity 1: decode_5af
Info: Elaborating entity "decode_5af" for hierarchy "USBBridge:inst|usb_dc3:b2v_instdc3|lpm_decode:LPM_DECODE_component|decode_5af:auto_generated"
Warning: Using design file d:/лекции/lp/3 курс/пцу/лр1/гайд/pzu_2/usb_and_other/usb_mux8x2.vhd, which is not specified as a design file for the current project, but contains definitions for 2 design units and 1 entities in project
    Info: Found design unit 1: usb_mux8x2-SYN
    Info: Found entity 1: USB_MUX8x2
Info: Elaborating entity "usb_mux8x2" for hierarchy "USBBridge:inst|usb_mux8x2:b2v_instmux1"
Info: Elaborating entity "LPM_MUX" for hierarchy "USBBridge:inst|usb_mux8x2:b2v_instmux1|LPM_MUX:LPM_MUX_component"
Info: Elaborated megafunction instantiation "USBBridge:inst|usb_mux8x2:b2v_instmux1|LPM_MUX:LPM_MUX_component"
Info: Instantiated megafunction "USBBridge:inst|usb_mux8x2:b2v_instmux1|LPM_MUX:LPM_MUX_component" with the following parameter:
    Info: Parameter "LPM_WIDTH" = "8"
    Info: Parameter "LPM_SIZE" = "2"
    Info: Parameter "LPM_WIDTHS" = "1"
    Info: Parameter "LPM_PIPELINE" = "0"
    Info: Parameter "LPM_TYPE" = "LPM_MUX"
    Info: Parameter "LPM_HINT" = "UNUSED"
Info: Found 1 design units, including 1 entities, in source file db/mux_g6e.tdf
    Info: Found entity 1: mux_g6e
Info: Elaborating entity "mux_g6e" for hierarchy "USBBridge:inst|usb_mux8x2:b2v_instmux1|LPM_MUX:LPM_MUX_component|mux_g6e:auto_generated"
Warning: Using design file d:/лекции/lp/3 курс/пцу/лр1/гайд/pzu_2/usb_and_other/usb_mux8x19.vhd, which is not specified as a design file for the current project, but contains definitions for 2 design units and 1 entities in project
    Info: Found design unit 1: usb_mux8x19-SYN
    Info: Found entity 1: USB_MUX8x19
Info: Elaborating entity "usb_mux8x19" for hierarchy "USBBridge:inst|usb_mux8x19:b2v_instmux2"
Info: Elaborating entity "LPM_MUX" for hierarchy "USBBridge:inst|usb_mux8x19:b2v_instmux2|LPM_MUX:LPM_MUX_component"
Info: Elaborated megafunction instantiation "USBBridge:inst|usb_mux8x19:b2v_instmux2|LPM_MUX:LPM_MUX_component"
Info: Instantiated megafunction "USBBridge:inst|usb_mux8x19:b2v_instmux2|LPM_MUX:LPM_MUX_component" with the following parameter:
    Info: Parameter "LPM_WIDTH" = "8"
    Info: Parameter "LPM_SIZE" = "28"
    Info: Parameter "LPM_WIDTHS" = "5"
    Info: Parameter "LPM_PIPELINE" = "0"
    Info: Parameter "LPM_TYPE" = "LPM_MUX"
    Info: Parameter "LPM_HINT" = "UNUSED"
Info: Found 1 design units, including 1 entities, in source file db/mux_c8e.tdf
    Info: Found entity 1: mux_c8e
Info: Elaborating entity "mux_c8e" for hierarchy "USBBridge:inst|usb_mux8x19:b2v_instmux2|LPM_MUX:LPM_MUX_component|mux_c8e:auto_generated"
Info: Elaborating entity "PLL1" for hierarchy "PLL1:inst3"
Info: Elaborating entity "altpll" for hierarchy "PLL1:inst3|altpll:altpll_component"
Info: Elaborated megafunction instantiation "PLL1:inst3|altpll:altpll_component"
Info: Instantiated megafunction "PLL1:inst3|altpll:altpll_component" with the following parameter:
    Info: Parameter "bandwidth_type" = "AUTO"
    Info: Parameter "clk0_divide_by" = "25"
    Info: Parameter "clk0_duty_cycle" = "50"
    Info: Parameter "clk0_multiply_by" = "1"
    Info: Parameter "clk0_phase_shift" = "0"
    Info: Parameter "compensate_clock" = "CLK0"
    Info: Parameter "inclk0_input_frequency" = "40000"
    Info: Parameter "intended_device_family" = "Cyclone III"
    Info: Parameter "lpm_hint" = "CBX_MODULE_PREFIX=PLL1"
    Info: Parameter "lpm_type" = "altpll"
    Info: Parameter "operation_mode" = "NORMAL"
    Info: Parameter "pll_type" = "AUTO"
    Info: Parameter "port_activeclock" = "PORT_UNUSED"
    Info: Parameter "port_areset" = "PORT_UNUSED"
    Info: Parameter "port_clk0" = "PORT_USED"
    Info: Parameter "port_clk1" = "PORT_UNUSED"
    Info: Parameter "port_clk2" = "PORT_UNUSED"
    Info: Parameter "port_clk3" = "PORT_UNUSED"
    Info: Parameter "port_clk4" = "PORT_UNUSED"
    Info: Parameter "port_clk5" = "PORT_UNUSED"
    Info: Parameter "port_clkbad0" = "PORT_UNUSED"
    Info: Parameter "port_clkbad1" = "PORT_UNUSED"
    Info: Parameter "port_clkena0" = "PORT_UNUSED"
    Info: Parameter "port_clkena1" = "PORT_UNUSED"
    Info: Parameter "port_clkena2" = "PORT_UNUSED"
    Info: Parameter "port_clkena3" = "PORT_UNUSED"
    Info: Parameter "port_clkena4" = "PORT_UNUSED"
    Info: Parameter "port_clkena5" = "PORT_UNUSED"
    Info: Parameter "port_clkloss" = "PORT_UNUSED"
    Info: Parameter "port_clkswitch" = "PORT_UNUSED"
    Info: Parameter "port_configupdate" = "PORT_UNUSED"
    Info: Parameter "port_extclk0" = "PORT_UNUSED"
    Info: Parameter "port_extclk1" = "PORT_UNUSED"
    Info: Parameter "port_extclk2" = "PORT_UNUSED"
    Info: Parameter "port_extclk3" = "PORT_UNUSED"
    Info: Parameter "port_fbin" = "PORT_UNUSED"
    Info: Parameter "port_inclk0" = "PORT_USED"
    Info: Parameter "port_inclk1" = "PORT_UNUSED"
    Info: Parameter "port_locked" = "PORT_UNUSED"
    Info: Parameter "port_pfdena" = "PORT_UNUSED"
    Info: Parameter "port_phasecounterselect" = "PORT_UNUSED"
    Info: Parameter "port_phasedone" = "PORT_UNUSED"
    Info: Parameter "port_phasestep" = "PORT_UNUSED"
    Info: Parameter "port_phaseupdown" = "PORT_UNUSED"
    Info: Parameter "port_pllena" = "PORT_UNUSED"
    Info: Parameter "port_scanaclr" = "PORT_UNUSED"
    Info: Parameter "port_scanclk" = "PORT_UNUSED"
    Info: Parameter "port_scanclkena" = "PORT_UNUSED"
    Info: Parameter "port_scandata" = "PORT_UNUSED"
    Info: Parameter "port_scandataout" = "PORT_UNUSED"
    Info: Parameter "port_scandone" = "PORT_UNUSED"
    Info: Parameter "port_scanread" = "PORT_UNUSED"
    Info: Parameter "port_scanwrite" = "PORT_UNUSED"
    Info: Parameter "width_clock" = "5"
    Info: Parameter "width_phasecounterselect" = "4"
Info: Found 1 design units, including 1 entities, in source file db/pll1_altpll.v
    Info: Found entity 1: PLL1_altpll
Info: Elaborating entity "PLL1_altpll" for hierarchy "PLL1:inst3|altpll:altpll_component|PLL1_altpll:auto_generated"
Info: Elaborating entity "ALU" for hierarchy "ALU:inst4"
Info: Elaborating entity "Y_Store" for hierarchy "ALU:inst4|Y_Store:inst"
Info: Elaborating entity "lpm_ff" for hierarchy "ALU:inst4|Y_Store:inst|lpm_ff:lpm_ff_component"
Info: Elaborated megafunction instantiation "ALU:inst4|Y_Store:inst|lpm_ff:lpm_ff_component"
Info: Instantiated megafunction "ALU:inst4|Y_Store:inst|lpm_ff:lpm_ff_component" with the following parameter:
    Info: Parameter "lpm_fftype" = "DFF"
    Info: Parameter "lpm_hint" = "CBX_MODULE_PREFIX=Y_Store"
    Info: Parameter "lpm_type" = "LPM_FF"
    Info: Parameter "lpm_width" = "21"
Info: Elaborating entity "CASCADE_RG4_block" for hierarchy "ALU:inst4|CASCADE_RG4_block:inst12"
Info: Elaborating entity "RG4_alu" for hierarchy "ALU:inst4|CASCADE_RG4_block:inst12|RG4_alu:inst"
Info: Elaborating entity "RG4" for hierarchy "ALU:inst4|CASCADE_RG4_block:inst12|RG4_alu:inst|RG4:inst"
Info: Elaborating entity "lpm_ff" for hierarchy "ALU:inst4|CASCADE_RG4_block:inst12|RG4_alu:inst|RG4:inst|lpm_ff:lpm_ff_component"
Info: Elaborated megafunction instantiation "ALU:inst4|CASCADE_RG4_block:inst12|RG4_alu:inst|RG4:inst|lpm_ff:lpm_ff_component"
Info: Instantiated megafunction "ALU:inst4|CASCADE_RG4_block:inst12|RG4_alu:inst|RG4:inst|lpm_ff:lpm_ff_component" with the following parameter:
    Info: Parameter "lpm_fftype" = "DFF"
    Info: Parameter "lpm_type" = "LPM_FF"
    Info: Parameter "lpm_width" = "24"
Info: Elaborating entity "lpm_mux0" for hierarchy "ALU:inst4|CASCADE_RG4_block:inst12|RG4_alu:inst|lpm_mux0:inst3"
Info: Elaborating entity "LPM_MUX" for hierarchy "ALU:inst4|CASCADE_RG4_block:inst12|RG4_alu:inst|lpm_mux0:inst3|LPM_MUX:lpm_mux_component"
Info: Elaborated megafunction instantiation "ALU:inst4|CASCADE_RG4_block:inst12|RG4_alu:inst|lpm_mux0:inst3|LPM_MUX:lpm_mux_component"
Info: Instantiated megafunction "ALU:inst4|CASCADE_RG4_block:inst12|RG4_alu:inst|lpm_mux0:inst3|LPM_MUX:lpm_mux_component" with the following parameter:
    Info: Parameter "LPM_WIDTH" = "24"
    Info: Parameter "LPM_SIZE" = "2"
    Info: Parameter "LPM_WIDTHS" = "1"
    Info: Parameter "LPM_PIPELINE" = "0"
    Info: Parameter "LPM_TYPE" = "LPM_MUX"
    Info: Parameter "LPM_HINT" = "UNUSED"
Info: Found 1 design units, including 1 entities, in source file db/mux_u7e.tdf
    Info: Found entity 1: mux_u7e
Info: Elaborating entity "mux_u7e" for hierarchy "ALU:inst4|CASCADE_RG4_block:inst12|RG4_alu:inst|lpm_mux0:inst3|LPM_MUX:lpm_mux_component|mux_u7e:auto_generated"
Warning: Using design file d:/лекции/lp/3 курс/пцу/лр1/гайд/pzu_2/cursachv2/my_or24.vhd, which is not specified as a design file for the current project, but contains definitions for 2 design units and 1 entities in project
    Info: Found design unit 1: my_or24-bdf_type
    Info: Found entity 1: my_or24
Warning (12300): Found the following files while searching for definition of entity "My_OR24", but did not use these files because already using a different file containing the entity definition
    Warning: File: d:/лекции/lp/3 курс/пцу/лр1/гайд/pzu_2/cursachv2/My_OR24.bdf
Info: Elaborating entity "My_OR24" for hierarchy "ALU:inst4|CASCADE_RG4_block:inst12|RG4_alu:inst|My_OR24:inst6"
Info: Elaborating entity "MS3" for hierarchy "ALU:inst4|CASCADE_RG4_block:inst12|MS3:inst1"
Info: Elaborating entity "RG12_T3_MS2_KS456" for hierarchy "ALU:inst4|RG12_T3_MS2_KS456:inst11"
Warning: Using design file d:/лекции/lp/3 курс/пцу/лр1/гайд/pzu_2/cursachv2/rg2.vhd, which is not specified as a design file for the current project, but contains definitions for 2 design units and 1 entities in project
    Info: Found design unit 1: rg2-SYN
    Info: Found entity 1: RG2
Info: Elaborating entity "RG2" for hierarchy "ALU:inst4|RG12_T3_MS2_KS456:inst11|RG2:inst1"
Info: Elaborating entity "lpm_ff" for hierarchy "ALU:inst4|RG12_T3_MS2_KS456:inst11|RG2:inst1|lpm_ff:lpm_ff_component"
Info: Elaborated megafunction instantiation "ALU:inst4|RG12_T3_MS2_KS456:inst11|RG2:inst1|lpm_ff:lpm_ff_component"
Info: Instantiated megafunction "ALU:inst4|RG12_T3_MS2_KS456:inst11|RG2:inst1|lpm_ff:lpm_ff_component" with the following parameter:
    Info: Parameter "lpm_fftype" = "DFF"
    Info: Parameter "lpm_type" = "LPM_FF"
    Info: Parameter "lpm_width" = "24"
Info: Elaborating entity "RG1_block" for hierarchy "ALU:inst4|RG12_T3_MS2_KS456:inst11|RG1_block:inst"
Warning: Using design file d:/лекции/lp/3 курс/пцу/лр1/гайд/pzu_2/cursachv2/rg1.vhd, which is not specified as a design file for the current project, but contains definitions for 2 design units and 1 entities in project
    Info: Found design unit 1: rg1-SYN
    Info: Found entity 1: RG1
Info: Elaborating entity "RG1" for hierarchy "ALU:inst4|RG12_T3_MS2_KS456:inst11|RG1_block:inst|RG1:inst1"
Info: Elaborating entity "KS4_alu" for hierarchy "ALU:inst4|RG12_T3_MS2_KS456:inst11|KS4_alu:inst3"
Info: Elaborating entity "LPM_AND" for hierarchy "ALU:inst4|RG12_T3_MS2_KS456:inst11|KS4_alu:inst3|LPM_AND:lpm_and_component"
Info: Elaborated megafunction instantiation "ALU:inst4|RG12_T3_MS2_KS456:inst11|KS4_alu:inst3|LPM_AND:lpm_and_component"
Info: Instantiated megafunction "ALU:inst4|RG12_T3_MS2_KS456:inst11|KS4_alu:inst3|LPM_AND:lpm_and_component" with the following parameter:
    Info: Parameter "LPM_WIDTH" = "1"
    Info: Parameter "LPM_SIZE" = "32"
    Info: Parameter "LPM_TYPE" = "LPM_AND"
    Info: Parameter "LPM_HINT" = "UNUSED"
Warning: Using design file d:/лекции/lp/3 курс/пцу/лр1/гайд/pzu_2/cursachv2/invert24.vhd, which is not specified as a design file for the current project, but contains definitions for 2 design units and 1 entities in project
    Info: Found design unit 1: invert24-bdf_type
    Info: Found entity 1: invert24
Warning (12300): Found the following files while searching for definition of entity "INVERT24", but did not use these files because already using a different file containing the entity definition
    Warning: File: d:/лекции/lp/3 курс/пцу/лр1/гайд/pzu_2/cursachv2/INVERT24.bdf
Info: Elaborating entity "INVERT24" for hierarchy "ALU:inst4|RG12_T3_MS2_KS456:inst11|INVERT24:inst14"
Warning: Using design file d:/лекции/lp/3 курс/пцу/лр1/гайд/pzu_2/cursachv2/invert4.vhd, which is not specified as a design file for the current project, but contains definitions for 2 design units and 1 entities in project
    Info: Found design unit 1: invert4-bdf_type
    Info: Found entity 1: invert4
Warning (12300): Found the following files while searching for definition of entity "invert4", but did not use these files because already using a different file containing the entity definition
    Warning: File: d:/лекции/lp/3 курс/пцу/лр1/гайд/pzu_2/cursachv2/invert4.bdf
Info: Elaborating entity "invert4" for hierarchy "ALU:inst4|RG12_T3_MS2_KS456:inst11|INVERT24:inst14|invert4:b2v_inst"
Info: Elaborating entity "RG3_SM2_MS1_CT2_block" for hierarchy "ALU:inst4|RG3_SM2_MS1_CT2_block:inst6"
Info: Elaborating entity "SM2_alu" for hierarchy "ALU:inst4|RG3_SM2_MS1_CT2_block:inst6|SM2_alu:inst4"
Info: Elaborating entity "lpm_add_sub" for hierarchy "ALU:inst4|RG3_SM2_MS1_CT2_block:inst6|SM2_alu:inst4|lpm_add_sub:lpm_add_sub_component"
Info: Elaborated megafunction instantiation "ALU:inst4|RG3_SM2_MS1_CT2_block:inst6|SM2_alu:inst4|lpm_add_sub:lpm_add_sub_component"
Info: Instantiated megafunction "ALU:inst4|RG3_SM2_MS1_CT2_block:inst6|SM2_alu:inst4|lpm_add_sub:lpm_add_sub_component" with the following parameter:
    Info: Parameter "lpm_direction" = "ADD"
    Info: Parameter "lpm_hint" = "ONE_INPUT_IS_CONSTANT=NO,CIN_USED=NO"
    Info: Parameter "lpm_representation" = "UNSIGNED"
    Info: Parameter "lpm_type" = "LPM_ADD_SUB"
    Info: Parameter "lpm_width" = "8"
Info: Found 1 design units, including 1 entities, in source file db/add_sub_g6i.tdf
    Info: Found entity 1: add_sub_g6i
Info: Elaborating entity "add_sub_g6i" for hierarchy "ALU:inst4|RG3_SM2_MS1_CT2_block:inst6|SM2_alu:inst4|lpm_add_sub:lpm_add_sub_component|add_sub_g6i:auto_generated"
Info: Elaborating entity "DC1_KS2_KS3_KS7_block" for hierarchy "ALU:inst4|DC1_KS2_KS3_KS7_block:inst10"
Warning: Using design file alu/dc1_alu.vhd, which is not specified as a design file for the current project, but contains definitions for 2 design units and 1 entities in project
    Info: Found design unit 1: dc1_alu-SYN
    Info: Found entity 1: DC1_alu
Info: Elaborating entity "DC1_alu" for hierarchy "ALU:inst4|DC1_KS2_KS3_KS7_block:inst10|DC1_alu:inst"
Info: Elaborating entity "lpm_decode" for hierarchy "ALU:inst4|DC1_KS2_KS3_KS7_block:inst10|DC1_alu:inst|lpm_decode:lpm_decode_component"
Info: Elaborated megafunction instantiation "ALU:inst4|DC1_KS2_KS3_KS7_block:inst10|DC1_alu:inst|lpm_decode:lpm_decode_component"
Info: Instantiated megafunction "ALU:inst4|DC1_KS2_KS3_KS7_block:inst10|DC1_alu:inst|lpm_decode:lpm_decode_component" with the following parameter:
    Info: Parameter "lpm_decodes" = "32"
    Info: Parameter "lpm_type" = "LPM_DECODE"
    Info: Parameter "lpm_width" = "5"
Info: Found 1 design units, including 1 entities, in source file db/decode_kbf.tdf
    Info: Found entity 1: decode_kbf
Info: Elaborating entity "decode_kbf" for hierarchy "ALU:inst4|DC1_KS2_KS3_KS7_block:inst10|DC1_alu:inst|lpm_decode:lpm_decode_component|decode_kbf:auto_generated"
Info: Elaborating entity "MS7_alu" for hierarchy "ALU:inst4|MS7_alu:inst18"
Info: Elaborating entity "LPM_MUX" for hierarchy "ALU:inst4|MS7_alu:inst18|LPM_MUX:lpm_mux_component"
Info: Elaborated megafunction instantiation "ALU:inst4|MS7_alu:inst18|LPM_MUX:lpm_mux_component"
Info: Instantiated megafunction "ALU:inst4|MS7_alu:inst18|LPM_MUX:lpm_mux_component" with the following parameter:
    Info: Parameter "LPM_WIDTH" = "2"
    Info: Parameter "LPM_SIZE" = "2"
    Info: Parameter "LPM_WIDTHS" = "1"
    Info: Parameter "LPM_PIPELINE" = "0"
    Info: Parameter "LPM_TYPE" = "LPM_MUX"
    Info: Parameter "LPM_HINT" = "UNUSED"
Info: Found 1 design units, including 1 entities, in source file db/mux_a6e.tdf
    Info: Found entity 1: mux_a6e
Info: Elaborating entity "mux_a6e" for hierarchy "ALU:inst4|MS7_alu:inst18|LPM_MUX:lpm_mux_component|mux_a6e:auto_generated"
Info: Elaborating entity "KS1_T1_block" for hierarchy "ALU:inst4|KS1_T1_block:inst8"
Info: Elaborating entity "KS1_alu" for hierarchy "ALU:inst4|KS1_T1_block:inst8|KS1_alu:inst2"
Info: Elaborating entity "LPM_OR" for hierarchy "ALU:inst4|KS1_T1_block:inst8|KS1_alu:inst2|LPM_OR:lpm_or_component"
Info: Elaborated megafunction instantiation "ALU:inst4|KS1_T1_block:inst8|KS1_alu:inst2|LPM_OR:lpm_or_component"
Info: Instantiated megafunction "ALU:inst4|KS1_T1_block:inst8|KS1_alu:inst2|LPM_OR:lpm_or_component" with the following parameter:
    Info: Parameter "LPM_WIDTH" = "1"
    Info: Parameter "LPM_SIZE" = "7"
    Info: Parameter "LPM_TYPE" = "LPM_OR"
    Info: Parameter "LPM_HINT" = "UNUSED"
Error: Node instance "inst1" instantiates undefined entity "RG4_shifter"
Error: Node instance "inst8" instantiates undefined entity "MS6"
Error: Node instance "inst11" instantiates undefined entity "MS5_alu"
Error: Node instance "inst13" instantiates undefined entity "SM1_alu"
Error: Node instance "inst5" instantiates undefined entity "MS2_alu"
Error: Node instance "inst10" instantiates undefined entity "NKS6_alu"
Error: Node instance "inst9" instantiates undefined entity "KS6_alu"
Error: Node instance "inst6" instantiates undefined entity "RG3_alu"
Error: Node instance "inst7" instantiates undefined entity "CT2_alu"
Error: Node instance "inst" instantiates undefined entity "MS1_alu"
Error: Node instance "inst27" instantiates undefined entity "KS7_alu"
Error: Node instance "inst29" instantiates undefined entity "KS2_alu"
Error: Node instance "inst30" instantiates undefined entity "KS3_alu"
Error: Node instance "inst37" instantiates undefined entity "KS3_Y20"
Error: Node instance "inst4" instantiates undefined entity "CT1_alu"
Error: Quartus II Analysis & Synthesis was unsuccessful. 15 errors, 51 warnings
    Error: Peak virtual memory: 256 megabytes
    Error: Processing ended: Sat Dec 17 19:26:05 2022
    Error: Elapsed time: 00:00:04
    Error: Total CPU time (on all processors): 00:00:03


