d:\лекции\lp\2 курс\4 семестр\технология программирования\lab3\5\project1\x64\debug\vc143.pdb
d:\лекции\lp\2 курс\4 семестр\технология программирования\lab3\5\project1\x64\debug\vc143.idb
d:\лекции\lp\2 курс\4 семестр\технология программирования\lab3\5\project1\x64\debug\source.obj
d:\лекции\lp\2 курс\4 семестр\технология программирования\lab4\5\project1\x64\debug\vc143.pdb
d:\лекции\lp\2 курс\4 семестр\технология программирования\lab4\5\project1\x64\debug\vc143.idb
d:\лекции\lp\2 курс\4 семестр\технология программирования\lab4\5\project1\x64\debug\source.obj
d:\лекции\lp\2 курс\4 семестр\технология программирования\lab3\5\project1\x64\debug\project1.exe
d:\лекции\lp\2 курс\4 семестр\технология программирования\lab3\5\project1\x64\debug\project1.ilk
d:\лекции\lp\2 курс\4 семестр\технология программирования\lab3\5\project1\x64\debug\project1.pdb
d:\лекции\lp\2 курс\4 семестр\технология программирования\lab4\5\project1\x64\debug\project1.exe
d:\лекции\lp\2 курс\4 семестр\технология программирования\lab4\5\project1\x64\debug\project1.ilk
d:\лекции\lp\2 курс\4 семестр\технология программирования\lab4\5\project1\x64\debug\project1.pdb
d:\лекции\lp\2 курс\4 семестр\технология программирования\lab4\5\project1\x64\debug\scal.obj
d:\лекции\lp\2 курс\4 семестр\технология программирования\lab4\5\project1\x64\debug\source.new.obj.enc
d:\лекции\lp\2 курс\4 семестр\технология программирования\lab4\5\project1\x64\debug\project1.tlog\cl.command.1.tlog
d:\лекции\lp\2 курс\4 семестр\технология программирования\lab4\5\project1\x64\debug\project1.tlog\cl.read.1.tlog
d:\лекции\lp\2 курс\4 семестр\технология программирования\lab4\5\project1\x64\debug\project1.tlog\cl.write.1.tlog
d:\лекции\lp\2 курс\4 семестр\технология программирования\lab4\5\project1\x64\debug\project1.tlog\link.command.1.tlog
d:\лекции\lp\2 курс\4 семестр\технология программирования\lab4\5\project1\x64\debug\project1.tlog\link.read.1.tlog
d:\лекции\lp\2 курс\4 семестр\технология программирования\lab4\5\project1\x64\debug\project1.tlog\link.write.1.tlog
d:\лекции\lp\2 курс\4 семестр\технология программирования\lab4\5\project1\x64\debug\project1.tlog\masm.read.1u.tlog
d:\лекции\lp\2 курс\4 семестр\технология программирования\lab4\5\project1\x64\debug\project1.tlog\masm.write.1u.tlog
