Flow report for ALUPR
Mon Oct 24 12:07:27 2022
Quartus II Version 9.1 Build 350 03/24/2010 Service Pack 2 SJ Web Edition


---------------------
; Table of Contents ;
---------------------
  1. Legal Notice
  2. Flow Summary
  3. Flow Settings
  4. Flow Non-Default Global Settings
  5. Flow Elapsed Time
  6. Flow OS Summary
  7. Flow Log



----------------
; Legal Notice ;
----------------
Copyright (C) 1991-2010 Altera Corporation
Your use of Altera Corporation's design tools, logic functions 
and other software and tools, and its AMPP partner logic 
functions, and any output files from any of the foregoing 
(including device programming or simulation files), and any 
associated documentation or information are expressly subject 
to the terms and conditions of the Altera Program License 
Subscription Agreement, Altera MegaCore Function License 
Agreement, or other applicable license agreement, including, 
without limitation, that your use is for the sole purpose of 
programming logic devices manufactured by Altera and sold by 
Altera or its authorized distributors.  Please refer to the 
applicable agreement for further details.



+-----------------------------------------------------------------------------------+
; Flow Summary                                                                      ;
+------------------------------------+----------------------------------------------+
; Flow Status                        ; Successful - Mon Oct 24 12:07:23 2022        ;
; Quartus II Version                 ; 9.1 Build 350 03/24/2010 SP 2 SJ Web Edition ;
; Revision Name                      ; ALUPR                                        ;
; Top-level Entity Name              ; ALUPR                                        ;
; Family                             ; Cyclone III                                  ;
; Device                             ; EP3C5E144C7                                  ;
; Timing Models                      ; Final                                        ;
; Met timing requirements            ; N/A                                          ;
; Total logic elements               ; 592 / 5,136 ( 12 % )                         ;
;     Total combinational functions  ; 540 / 5,136 ( 11 % )                         ;
;     Dedicated logic registers      ; 302 / 5,136 ( 6 % )                          ;
; Total registers                    ; 302                                          ;
; Total pins                         ; 24 / 95 ( 25 % )                             ;
; Total virtual pins                 ; 0                                            ;
; Total memory bits                  ; 0 / 423,936 ( 0 % )                          ;
; Embedded Multiplier 9-bit elements ; 0 / 46 ( 0 % )                               ;
; Total PLLs                         ; 1 / 2 ( 50 % )                               ;
+------------------------------------+----------------------------------------------+


+-----------------------------------------+
; Flow Settings                           ;
+-------------------+---------------------+
; Option            ; Setting             ;
+-------------------+---------------------+
; Start date & time ; 10/24/2022 12:07:08 ;
; Main task         ; Compilation         ;
; Revision Name     ; ALUPR               ;
+-------------------+---------------------+


+------------------------------------------------------------------------------------------------------------------------------------+
; Flow Non-Default Global Settings                                                                                                   ;
+-------------------------------------+-----------------------------------------------+---------------+-------------+----------------+
; Assignment Name                     ; Value                                         ; Default Value ; Entity Name ; Section Id     ;
+-------------------------------------+-----------------------------------------------+---------------+-------------+----------------+
; COMPILER_SIGNATURE_ID               ; 242895771743426.166660242818456               ; --            ; --          ; --             ;
; IP_TOOL_NAME                        ; LPM_FF                                        ; --            ; --          ; --             ;
; IP_TOOL_NAME                        ; LPM_MUX                                       ; --            ; --          ; --             ;
; IP_TOOL_NAME                        ; LPM_AND                                       ; --            ; --          ; --             ;
; IP_TOOL_NAME                        ; LPM_COUNTER                                   ; --            ; --          ; --             ;
; IP_TOOL_NAME                        ; LPM_COUNTER                                   ; --            ; --          ; --             ;
; IP_TOOL_NAME                        ; LPM_OR                                        ; --            ; --          ; --             ;
; IP_TOOL_NAME                        ; LPM_XOR                                       ; --            ; --          ; --             ;
; IP_TOOL_NAME                        ; LPM_XOR                                       ; --            ; --          ; --             ;
; IP_TOOL_NAME                        ; LPM_OR                                        ; --            ; --          ; --             ;
; IP_TOOL_NAME                        ; LPM_OR                                        ; --            ; --          ; --             ;
; IP_TOOL_NAME                        ; LPM_COMPARE                                   ; --            ; --          ; --             ;
; IP_TOOL_NAME                        ; LPM_OR                                        ; --            ; --          ; --             ;
; IP_TOOL_NAME                        ; LPM_SHIFTREG                                  ; --            ; --          ; --             ;
; IP_TOOL_NAME                        ; LPM_SHIFTREG                                  ; --            ; --          ; --             ;
; IP_TOOL_NAME                        ; LPM_FF                                        ; --            ; --          ; --             ;
; IP_TOOL_NAME                        ; LPM_CLSHIFT                                   ; --            ; --          ; --             ;
; IP_TOOL_NAME                        ; LPM_ADD_SUB                                   ; --            ; --          ; --             ;
; IP_TOOL_NAME                        ; LPM_ADD_SUB                                   ; --            ; --          ; --             ;
; IP_TOOL_VERSION                     ; 9.1                                           ; --            ; --          ; --             ;
; IP_TOOL_VERSION                     ; 9.1                                           ; --            ; --          ; --             ;
; IP_TOOL_VERSION                     ; 9.1                                           ; --            ; --          ; --             ;
; IP_TOOL_VERSION                     ; 9.1                                           ; --            ; --          ; --             ;
; IP_TOOL_VERSION                     ; 9.1                                           ; --            ; --          ; --             ;
; IP_TOOL_VERSION                     ; 9.1                                           ; --            ; --          ; --             ;
; IP_TOOL_VERSION                     ; 9.1                                           ; --            ; --          ; --             ;
; IP_TOOL_VERSION                     ; 9.1                                           ; --            ; --          ; --             ;
; IP_TOOL_VERSION                     ; 9.1                                           ; --            ; --          ; --             ;
; IP_TOOL_VERSION                     ; 9.1                                           ; --            ; --          ; --             ;
; IP_TOOL_VERSION                     ; 9.1                                           ; --            ; --          ; --             ;
; IP_TOOL_VERSION                     ; 9.1                                           ; --            ; --          ; --             ;
; IP_TOOL_VERSION                     ; 9.1                                           ; --            ; --          ; --             ;
; IP_TOOL_VERSION                     ; 9.1                                           ; --            ; --          ; --             ;
; IP_TOOL_VERSION                     ; 9.1                                           ; --            ; --          ; --             ;
; IP_TOOL_VERSION                     ; 9.1                                           ; --            ; --          ; --             ;
; IP_TOOL_VERSION                     ; 9.1                                           ; --            ; --          ; --             ;
; IP_TOOL_VERSION                     ; 9.1                                           ; --            ; --          ; --             ;
; MAX_CORE_JUNCTION_TEMP              ; 85                                            ; --            ; --          ; --             ;
; MIN_CORE_JUNCTION_TEMP              ; 0                                             ; --            ; --          ; --             ;
; MISC_FILE                           ; ../ALU/gon.bsf                                ; --            ; --          ; --             ;
; MISC_FILE                           ; ../ALU/gon_inst.v                             ; --            ; --          ; --             ;
; MISC_FILE                           ; ../ALU/gon_bb.v                               ; --            ; --          ; --             ;
; MISC_FILE                           ; ../ALU/gon.inc                                ; --            ; --          ; --             ;
; MISC_FILE                           ; ../ALU/My.bsf                                 ; --            ; --          ; --             ;
; MISC_FILE                           ; ../ALU/My_inst.v                              ; --            ; --          ; --             ;
; MISC_FILE                           ; ../ALU/My_bb.v                                ; --            ; --          ; --             ;
; MISC_FILE                           ; ../ALU/My.inc                                 ; --            ; --          ; --             ;
; MISC_FILE                           ; ../ALU/And32.bsf                              ; --            ; --          ; --             ;
; MISC_FILE                           ; ../ALU/And32_bb.v                             ; --            ; --          ; --             ;
; MISC_FILE                           ; ../ALU/And32.cmp                              ; --            ; --          ; --             ;
; MISC_FILE                           ; ../ALU/CT1.bsf                                ; --            ; --          ; --             ;
; MISC_FILE                           ; ../ALU/CT1_inst.v                             ; --            ; --          ; --             ;
; MISC_FILE                           ; ../ALU/CT1_bb.v                               ; --            ; --          ; --             ;
; MISC_FILE                           ; ../ALU/CT1.inc                                ; --            ; --          ; --             ;
; MISC_FILE                           ; ../ALU/CT1_syn.v                              ; --            ; --          ; --             ;
; MISC_FILE                           ; ../ALU/CT2.bsf                                ; --            ; --          ; --             ;
; MISC_FILE                           ; ../ALU/CT2_inst.v                             ; --            ; --          ; --             ;
; MISC_FILE                           ; ../ALU/CT2_bb.v                               ; --            ; --          ; --             ;
; MISC_FILE                           ; ../ALU/CT2.inc                                ; --            ; --          ; --             ;
; MISC_FILE                           ; ../ALU/KC3.tdf                                ; --            ; --          ; --             ;
; MISC_FILE                           ; ../ALU/KC3.bsf                                ; --            ; --          ; --             ;
; MISC_FILE                           ; ../ALU/KC3_inst.v                             ; --            ; --          ; --             ;
; MISC_FILE                           ; ../ALU/KC3_bb.v                               ; --            ; --          ; --             ;
; MISC_FILE                           ; ../ALU/KC3.inc                                ; --            ; --          ; --             ;
; MISC_FILE                           ; ../ALU/KS1.bsf                                ; --            ; --          ; --             ;
; MISC_FILE                           ; ../ALU/KS1_inst.v                             ; --            ; --          ; --             ;
; MISC_FILE                           ; ../ALU/KS1_bb.v                               ; --            ; --          ; --             ;
; MISC_FILE                           ; ../ALU/KS1.inc                                ; --            ; --          ; --             ;
; MISC_FILE                           ; ../ALU/KS2.bsf                                ; --            ; --          ; --             ;
; MISC_FILE                           ; ../ALU/KS2_inst.v                             ; --            ; --          ; --             ;
; MISC_FILE                           ; ../ALU/KS2_bb.v                               ; --            ; --          ; --             ;
; MISC_FILE                           ; ../ALU/KS2.inc                                ; --            ; --          ; --             ;
; MISC_FILE                           ; ../ALU/KS4.tdf                                ; --            ; --          ; --             ;
; MISC_FILE                           ; ../ALU/KS4.bsf                                ; --            ; --          ; --             ;
; MISC_FILE                           ; ../ALU/KS4_inst.v                             ; --            ; --          ; --             ;
; MISC_FILE                           ; ../ALU/KS4_bb.v                               ; --            ; --          ; --             ;
; MISC_FILE                           ; ../ALU/KS4.inc                                ; --            ; --          ; --             ;
; MISC_FILE                           ; ../ALU/KS5.tdf                                ; --            ; --          ; --             ;
; MISC_FILE                           ; ../ALU/KS5.bsf                                ; --            ; --          ; --             ;
; MISC_FILE                           ; ../ALU/KS5_inst.v                             ; --            ; --          ; --             ;
; MISC_FILE                           ; ../ALU/KS5_bb.v                               ; --            ; --          ; --             ;
; MISC_FILE                           ; ../ALU/KS5.inc                                ; --            ; --          ; --             ;
; MISC_FILE                           ; ../ALU/lpm_compare0.bsf                       ; --            ; --          ; --             ;
; MISC_FILE                           ; ../ALU/lpm_compare0_inst.v                    ; --            ; --          ; --             ;
; MISC_FILE                           ; ../ALU/lpm_compare0_bb.v                      ; --            ; --          ; --             ;
; MISC_FILE                           ; ../ALU/lpm_compare0.inc                       ; --            ; --          ; --             ;
; MISC_FILE                           ; ../ALU/Or32.bsf                               ; --            ; --          ; --             ;
; MISC_FILE                           ; ../ALU/Or32_bb.v                              ; --            ; --          ; --             ;
; MISC_FILE                           ; ../ALU/Or32.cmp                               ; --            ; --          ; --             ;
; MISC_FILE                           ; ../ALU/RG1.bsf                                ; --            ; --          ; --             ;
; MISC_FILE                           ; ../ALU/RG1_inst.v                             ; --            ; --          ; --             ;
; MISC_FILE                           ; ../ALU/RG1_bb.v                               ; --            ; --          ; --             ;
; MISC_FILE                           ; ../ALU/RG1.inc                                ; --            ; --          ; --             ;
; MISC_FILE                           ; ../ALU/RG2.bsf                                ; --            ; --          ; --             ;
; MISC_FILE                           ; ../ALU/RG2_inst.v                             ; --            ; --          ; --             ;
; MISC_FILE                           ; ../ALU/RG2_bb.v                               ; --            ; --          ; --             ;
; MISC_FILE                           ; ../ALU/RG2.inc                                ; --            ; --          ; --             ;
; MISC_FILE                           ; ../ALU/RG3.bsf                                ; --            ; --          ; --             ;
; MISC_FILE                           ; ../ALU/RG3_inst.v                             ; --            ; --          ; --             ;
; MISC_FILE                           ; ../ALU/RG3_bb.v                               ; --            ; --          ; --             ;
; MISC_FILE                           ; ../ALU/RG3.inc                                ; --            ; --          ; --             ;
; MISC_FILE                           ; ../ALU/RG3S.bsf                               ; --            ; --          ; --             ;
; MISC_FILE                           ; ../ALU/RG3S_inst.v                            ; --            ; --          ; --             ;
; MISC_FILE                           ; ../ALU/RG3S_bb.v                              ; --            ; --          ; --             ;
; MISC_FILE                           ; ../ALU/RG3S.inc                               ; --            ; --          ; --             ;
; MISC_FILE                           ; ../ALU/SM1.bsf                                ; --            ; --          ; --             ;
; MISC_FILE                           ; ../ALU/SM1_inst.v                             ; --            ; --          ; --             ;
; MISC_FILE                           ; ../ALU/SM1_bb.v                               ; --            ; --          ; --             ;
; MISC_FILE                           ; ../ALU/SM1.inc                                ; --            ; --          ; --             ;
; MISC_FILE                           ; ../ALU/SM2.bsf                                ; --            ; --          ; --             ;
; MISC_FILE                           ; ../ALU/SM2_inst.v                             ; --            ; --          ; --             ;
; MISC_FILE                           ; ../ALU/SM2_bb.v                               ; --            ; --          ; --             ;
; MISC_FILE                           ; ../ALU/SM2.inc                                ; --            ; --          ; --             ;
; MISC_FILE                           ; C:/Users/student/Desktop/333/ALU PR/ALUPR.dpf ; --            ; --          ; --             ;
; NOMINAL_CORE_SUPPLY_VOLTAGE         ; 1.2V                                          ; --            ; --          ; --             ;
; PARTITION_COLOR                     ; 16764057                                      ; --            ; --          ; Top            ;
; PARTITION_COLOR                     ; 16764057                                      ; --            ; test3       ; Top            ;
; PARTITION_FITTER_PRESERVATION_LEVEL ; PLACEMENT_AND_ROUTING                         ; --            ; test3       ; Top            ;
; PARTITION_NETLIST_TYPE              ; SOURCE                                        ; --            ; --          ; Top            ;
; PARTITION_NETLIST_TYPE              ; SOURCE                                        ; --            ; test3       ; Top            ;
; USE_GENERATED_PHYSICAL_CONSTRAINTS  ; Off                                           ; --            ; --          ; eda_blast_fpga ;
+-------------------------------------+-----------------------------------------------+---------------+-------------+----------------+


+-------------------------------------------------------------------------------------------------------------------------------+
; Flow Elapsed Time                                                                                                             ;
+---------------------------+--------------+-------------------------+---------------------+------------------------------------+
; Module Name               ; Elapsed Time ; Average Processors Used ; Peak Virtual Memory ; Total CPU Time (on all processors) ;
+---------------------------+--------------+-------------------------+---------------------+------------------------------------+
; Analysis & Synthesis      ; 00:00:07     ; 1.0                     ; 267 MB              ; 00:00:09                           ;
; Fitter                    ; 00:00:04     ; 1.0                     ; 274 MB              ; 00:00:05                           ;
; TimeQuest Timing Analyzer ; 00:00:04     ; 1.0                     ; 242 MB              ; 00:00:04                           ;
; Assembler                 ; 00:00:00     ; 1.0                     ; 211 MB              ; 00:00:01                           ;
; Total                     ; 00:00:15     ; --                      ; --                  ; 00:00:18                           ;
+---------------------------+--------------+-------------------------+---------------------+------------------------------------+


+--------------------------------------------------------------------------------------------+
; Flow OS Summary                                                                            ;
+---------------------------+------------------+---------------+------------+----------------+
; Module Name               ; Machine Hostname ; OS Name       ; OS Version ; Processor type ;
+---------------------------+------------------+---------------+------------+----------------+
; Analysis & Synthesis      ; DESKTOP-PVL4P4H  ; Windows Vista ; 6.2        ; x86_64         ;
; Fitter                    ; DESKTOP-PVL4P4H  ; Windows Vista ; 6.2        ; x86_64         ;
; Assembler                 ; DESKTOP-PVL4P4H  ; Windows Vista ; 6.2        ; x86_64         ;
; TimeQuest Timing Analyzer ; DESKTOP-PVL4P4H  ; Windows Vista ; 6.2        ; x86_64         ;
+---------------------------+------------------+---------------+------------+----------------+


------------
; Flow Log ;
------------
quartus_map --read_settings_files=on --write_settings_files=off ALUPR -c ALUPR
quartus_fit --read_settings_files=off --write_settings_files=off ALUPR -c ALUPR
quartus_asm --read_settings_files=off --write_settings_files=off ALUPR -c ALUPR
quartus_sta ALUPR -c ALUPR



