Flow report for Ob
Sat Mar 10 15:12:24 2018
Quartus II Version 9.1 Build 350 03/24/2010 Service Pack 2 SJ Web Edition


---------------------
; Table of Contents ;
---------------------
  1. Legal Notice
  2. Flow Summary
  3. Flow Settings
  4. Flow Non-Default Global Settings
  5. Flow Elapsed Time
  6. Flow OS Summary
  7. Flow Log



----------------
; Legal Notice ;
----------------
Copyright (C) 1991-2010 Altera Corporation
Your use of Altera Corporation's design tools, logic functions 
and other software and tools, and its AMPP partner logic 
functions, and any output files from any of the foregoing 
(including device programming or simulation files), and any 
associated documentation or information are expressly subject 
to the terms and conditions of the Altera Program License 
Subscription Agreement, Altera MegaCore Function License 
Agreement, or other applicable license agreement, including, 
without limitation, that your use is for the sole purpose of 
programming logic devices manufactured by Altera and sold by 
Altera or its authorized distributors.  Please refer to the 
applicable agreement for further details.



+-----------------------------------------------------------------------------------+
; Flow Summary                                                                      ;
+------------------------------------+----------------------------------------------+
; Flow Status                        ; Successful - Sat Mar 10 15:12:23 2018        ;
; Quartus II Version                 ; 9.1 Build 350 03/24/2010 SP 2 SJ Web Edition ;
; Revision Name                      ; Ob                                           ;
; Top-level Entity Name              ; Ob                                           ;
; Family                             ; Cyclone III                                  ;
; Device                             ; EP3C5F256C6                                  ;
; Timing Models                      ; Final                                        ;
; Met timing requirements            ; N/A                                          ;
; Total logic elements               ; 1,638                                        ;
;     Total combinational functions  ; 1,635                                        ;
;     Dedicated logic registers      ; 199                                          ;
; Total registers                    ; 199                                          ;
; Total pins                         ; 114                                          ;
; Total virtual pins                 ; 0                                            ;
; Total memory bits                  ; 0                                            ;
; Embedded Multiplier 9-bit elements ; 0                                            ;
; Total PLLs                         ; 0                                            ;
+------------------------------------+----------------------------------------------+


+-----------------------------------------+
; Flow Settings                           ;
+-------------------+---------------------+
; Option            ; Setting             ;
+-------------------+---------------------+
; Start date & time ; 03/10/2018 15:11:53 ;
; Main task         ; Compilation         ;
; Revision Name     ; Ob                  ;
+-------------------+---------------------+


+--------------------------------------------------------------------------------------------------------------------+
; Flow Non-Default Global Settings                                                                                   ;
+------------------------------------+--------------------------------+---------------+-------------+----------------+
; Assignment Name                    ; Value                          ; Default Value ; Entity Name ; Section Id     ;
+------------------------------------+--------------------------------+---------------+-------------+----------------+
; COMPILER_SIGNATURE_ID              ; 18111110765106.152068391303964 ; --            ; --          ; --             ;
; IP_TOOL_NAME                       ; LPM_SHIFTREG                   ; --            ; --          ; --             ;
; IP_TOOL_NAME                       ; LPM_XOR                        ; --            ; --          ; --             ;
; IP_TOOL_NAME                       ; LPM_ADD_SUB                    ; --            ; --          ; --             ;
; IP_TOOL_NAME                       ; LPM_MUX                        ; --            ; --          ; --             ;
; IP_TOOL_NAME                       ; LPM_FF                         ; --            ; --          ; --             ;
; IP_TOOL_NAME                       ; LPM_CLSHIFT                    ; --            ; --          ; --             ;
; IP_TOOL_NAME                       ; LPM_OR                         ; --            ; --          ; --             ;
; IP_TOOL_NAME                       ; LPM_SHIFTREG                   ; --            ; --          ; --             ;
; IP_TOOL_NAME                       ; LPM_OR                         ; --            ; --          ; --             ;
; IP_TOOL_NAME                       ; LPM_COUNTER                    ; --            ; --          ; --             ;
; IP_TOOL_NAME                       ; LPM_XOR                        ; --            ; --          ; --             ;
; IP_TOOL_NAME                       ; LPM_ADD_SUB                    ; --            ; --          ; --             ;
; IP_TOOL_NAME                       ; LPM_COUNTER                    ; --            ; --          ; --             ;
; IP_TOOL_NAME                       ; LPM_OR                         ; --            ; --          ; --             ;
; IP_TOOL_NAME                       ; LPM_COMPARE                    ; --            ; --          ; --             ;
; IP_TOOL_NAME                       ; LPM_OR                         ; --            ; --          ; --             ;
; IP_TOOL_NAME                       ; LPM_AND                        ; --            ; --          ; --             ;
; IP_TOOL_NAME                       ; LPM_AND                        ; --            ; --          ; --             ;
; IP_TOOL_NAME                       ; LPM_FF                         ; --            ; --          ; --             ;
; IP_TOOL_NAME                       ; LPM_FF                         ; --            ; --          ; --             ;
; IP_TOOL_VERSION                    ; 9.1                            ; --            ; --          ; --             ;
; IP_TOOL_VERSION                    ; 9.1                            ; --            ; --          ; --             ;
; IP_TOOL_VERSION                    ; 9.1                            ; --            ; --          ; --             ;
; IP_TOOL_VERSION                    ; 9.1                            ; --            ; --          ; --             ;
; IP_TOOL_VERSION                    ; 9.1                            ; --            ; --          ; --             ;
; IP_TOOL_VERSION                    ; 9.1                            ; --            ; --          ; --             ;
; IP_TOOL_VERSION                    ; 9.1                            ; --            ; --          ; --             ;
; IP_TOOL_VERSION                    ; 9.1                            ; --            ; --          ; --             ;
; IP_TOOL_VERSION                    ; 9.1                            ; --            ; --          ; --             ;
; IP_TOOL_VERSION                    ; 9.1                            ; --            ; --          ; --             ;
; IP_TOOL_VERSION                    ; 9.1                            ; --            ; --          ; --             ;
; IP_TOOL_VERSION                    ; 9.1                            ; --            ; --          ; --             ;
; IP_TOOL_VERSION                    ; 9.1                            ; --            ; --          ; --             ;
; IP_TOOL_VERSION                    ; 9.1                            ; --            ; --          ; --             ;
; IP_TOOL_VERSION                    ; 9.1                            ; --            ; --          ; --             ;
; IP_TOOL_VERSION                    ; 9.1                            ; --            ; --          ; --             ;
; IP_TOOL_VERSION                    ; 9.1                            ; --            ; --          ; --             ;
; IP_TOOL_VERSION                    ; 9.1                            ; --            ; --          ; --             ;
; IP_TOOL_VERSION                    ; 9.1                            ; --            ; --          ; --             ;
; IP_TOOL_VERSION                    ; 9.1                            ; --            ; --          ; --             ;
; MAX_CORE_JUNCTION_TEMP             ; 85                             ; --            ; --          ; --             ;
; MIN_CORE_JUNCTION_TEMP             ; 0                              ; --            ; --          ; --             ;
; MISC_FILE                          ; RG1.bsf                        ; --            ; --          ; --             ;
; MISC_FILE                          ; RG1_inst.v                     ; --            ; --          ; --             ;
; MISC_FILE                          ; RG1_bb.v                       ; --            ; --          ; --             ;
; MISC_FILE                          ; RG1.inc                        ; --            ; --          ; --             ;
; MISC_FILE                          ; KS2.bsf                        ; --            ; --          ; --             ;
; MISC_FILE                          ; KS2_inst.v                     ; --            ; --          ; --             ;
; MISC_FILE                          ; KS2_bb.v                       ; --            ; --          ; --             ;
; MISC_FILE                          ; KS2.inc                        ; --            ; --          ; --             ;
; MISC_FILE                          ; SM1.bsf                        ; --            ; --          ; --             ;
; MISC_FILE                          ; SM1_inst.v                     ; --            ; --          ; --             ;
; MISC_FILE                          ; SM1_bb.v                       ; --            ; --          ; --             ;
; MISC_FILE                          ; SM1.inc                        ; --            ; --          ; --             ;
; MISC_FILE                          ; My.bsf                         ; --            ; --          ; --             ;
; MISC_FILE                          ; My_inst.v                      ; --            ; --          ; --             ;
; MISC_FILE                          ; My_bb.v                        ; --            ; --          ; --             ;
; MISC_FILE                          ; My.inc                         ; --            ; --          ; --             ;
; MISC_FILE                          ; RG3.bsf                        ; --            ; --          ; --             ;
; MISC_FILE                          ; RG3_inst.v                     ; --            ; --          ; --             ;
; MISC_FILE                          ; RG3_bb.v                       ; --            ; --          ; --             ;
; MISC_FILE                          ; RG3.inc                        ; --            ; --          ; --             ;
; MISC_FILE                          ; RG3S.bsf                       ; --            ; --          ; --             ;
; MISC_FILE                          ; RG3S_inst.v                    ; --            ; --          ; --             ;
; MISC_FILE                          ; RG3S_bb.v                      ; --            ; --          ; --             ;
; MISC_FILE                          ; RG3S.inc                       ; --            ; --          ; --             ;
; MISC_FILE                          ; KC3.tdf                        ; --            ; --          ; --             ;
; MISC_FILE                          ; KC3.bsf                        ; --            ; --          ; --             ;
; MISC_FILE                          ; KC3_inst.v                     ; --            ; --          ; --             ;
; MISC_FILE                          ; KC3_bb.v                       ; --            ; --          ; --             ;
; MISC_FILE                          ; KC3.inc                        ; --            ; --          ; --             ;
; MISC_FILE                          ; RG2.bsf                        ; --            ; --          ; --             ;
; MISC_FILE                          ; RG2_inst.v                     ; --            ; --          ; --             ;
; MISC_FILE                          ; RG2_bb.v                       ; --            ; --          ; --             ;
; MISC_FILE                          ; RG2.inc                        ; --            ; --          ; --             ;
; MISC_FILE                          ; KS5.tdf                        ; --            ; --          ; --             ;
; MISC_FILE                          ; KS5.bsf                        ; --            ; --          ; --             ;
; MISC_FILE                          ; KS5_inst.v                     ; --            ; --          ; --             ;
; MISC_FILE                          ; KS5_bb.v                       ; --            ; --          ; --             ;
; MISC_FILE                          ; KS5.inc                        ; --            ; --          ; --             ;
; MISC_FILE                          ; CT1.bsf                        ; --            ; --          ; --             ;
; MISC_FILE                          ; CT1_inst.v                     ; --            ; --          ; --             ;
; MISC_FILE                          ; CT1_bb.v                       ; --            ; --          ; --             ;
; MISC_FILE                          ; CT1.inc                        ; --            ; --          ; --             ;
; MISC_FILE                          ; CT1_syn.v                      ; --            ; --          ; --             ;
; MISC_FILE                          ; KS1.bsf                        ; --            ; --          ; --             ;
; MISC_FILE                          ; KS1_inst.v                     ; --            ; --          ; --             ;
; MISC_FILE                          ; KS1_bb.v                       ; --            ; --          ; --             ;
; MISC_FILE                          ; KS1.inc                        ; --            ; --          ; --             ;
; MISC_FILE                          ; SM2.bsf                        ; --            ; --          ; --             ;
; MISC_FILE                          ; SM2_inst.v                     ; --            ; --          ; --             ;
; MISC_FILE                          ; SM2_bb.v                       ; --            ; --          ; --             ;
; MISC_FILE                          ; SM2.inc                        ; --            ; --          ; --             ;
; MISC_FILE                          ; CT2.bsf                        ; --            ; --          ; --             ;
; MISC_FILE                          ; CT2_inst.v                     ; --            ; --          ; --             ;
; MISC_FILE                          ; CT2_bb.v                       ; --            ; --          ; --             ;
; MISC_FILE                          ; CT2.inc                        ; --            ; --          ; --             ;
; MISC_FILE                          ; KS4.tdf                        ; --            ; --          ; --             ;
; MISC_FILE                          ; KS4.bsf                        ; --            ; --          ; --             ;
; MISC_FILE                          ; KS4_inst.v                     ; --            ; --          ; --             ;
; MISC_FILE                          ; KS4_bb.v                       ; --            ; --          ; --             ;
; MISC_FILE                          ; KS4.inc                        ; --            ; --          ; --             ;
; MISC_FILE                          ; lpm_compare0.bsf               ; --            ; --          ; --             ;
; MISC_FILE                          ; lpm_compare0_inst.v            ; --            ; --          ; --             ;
; MISC_FILE                          ; lpm_compare0_bb.v              ; --            ; --          ; --             ;
; MISC_FILE                          ; lpm_compare0.inc               ; --            ; --          ; --             ;
; MISC_FILE                          ; Or32.bsf                       ; --            ; --          ; --             ;
; MISC_FILE                          ; Or32_bb.v                      ; --            ; --          ; --             ;
; MISC_FILE                          ; Or32.cmp                       ; --            ; --          ; --             ;
; MISC_FILE                          ; And32.bsf                      ; --            ; --          ; --             ;
; MISC_FILE                          ; And32_bb.v                     ; --            ; --          ; --             ;
; MISC_FILE                          ; And32.cmp                      ; --            ; --          ; --             ;
; MISC_FILE                          ; AND33.bsf                      ; --            ; --          ; --             ;
; MISC_FILE                          ; AND33_inst.v                   ; --            ; --          ; --             ;
; MISC_FILE                          ; AND33_bb.v                     ; --            ; --          ; --             ;
; MISC_FILE                          ; AND33.inc                      ; --            ; --          ; --             ;
; MISC_FILE                          ; FF.bsf                         ; --            ; --          ; --             ;
; MISC_FILE                          ; FF_inst.v                      ; --            ; --          ; --             ;
; MISC_FILE                          ; FF_bb.v                        ; --            ; --          ; --             ;
; MISC_FILE                          ; FF.inc                         ; --            ; --          ; --             ;
; MISC_FILE                          ; gon.bsf                        ; --            ; --          ; --             ;
; MISC_FILE                          ; gon_inst.v                     ; --            ; --          ; --             ;
; MISC_FILE                          ; gon_bb.v                       ; --            ; --          ; --             ;
; MISC_FILE                          ; gon.inc                        ; --            ; --          ; --             ;
; NOMINAL_CORE_SUPPLY_VOLTAGE        ; 1.2V                           ; --            ; --          ; --             ;
; PARTITION_COLOR                    ; 16764057                       ; --            ; --          ; Top            ;
; PARTITION_NETLIST_TYPE             ; SOURCE                         ; --            ; --          ; Top            ;
; USE_GENERATED_PHYSICAL_CONSTRAINTS ; Off                            ; --            ; --          ; eda_blast_fpga ;
+------------------------------------+--------------------------------+---------------+-------------+----------------+


+--------------------------------------------------------------------------------------------------------------------------+
; Flow Elapsed Time                                                                                                        ;
+----------------------+--------------+-------------------------+---------------------+------------------------------------+
; Module Name          ; Elapsed Time ; Average Processors Used ; Peak Virtual Memory ; Total CPU Time (on all processors) ;
+----------------------+--------------+-------------------------+---------------------+------------------------------------+
; Analysis & Synthesis ; 00:00:29     ; 1.0                     ; 222 MB              ; 00:00:10                           ;
; Total                ; 00:00:29     ; --                      ; --                  ; 00:00:10                           ;
+----------------------+--------------+-------------------------+---------------------+------------------------------------+


+---------------------------------------------------------------------------------------+
; Flow OS Summary                                                                       ;
+----------------------+------------------+---------------+------------+----------------+
; Module Name          ; Machine Hostname ; OS Name       ; OS Version ; Processor type ;
+----------------------+------------------+---------------+------------+----------------+
; Analysis & Synthesis ; PC1-239-2        ; Windows Vista ; 6.1        ; x86_64         ;
+----------------------+------------------+---------------+------------+----------------+


------------
; Flow Log ;
------------
quartus_map --read_settings_files=on --write_settings_files=off Ob -c Ob



