Flow report for project
Tue Sep 27 18:36:40 2022
Quartus II Version 9.1 Build 350 03/24/2010 Service Pack 2 SJ Web Edition


---------------------
; Table of Contents ;
---------------------
  1. Legal Notice
  2. Flow Summary
  3. Flow Settings
  4. Flow Non-Default Global Settings
  5. Flow Elapsed Time
  6. Flow OS Summary
  7. Flow Log



----------------
; Legal Notice ;
----------------
Copyright (C) 1991-2010 Altera Corporation
Your use of Altera Corporation's design tools, logic functions 
and other software and tools, and its AMPP partner logic 
functions, and any output files from any of the foregoing 
(including device programming or simulation files), and any 
associated documentation or information are expressly subject 
to the terms and conditions of the Altera Program License 
Subscription Agreement, Altera MegaCore Function License 
Agreement, or other applicable license agreement, including, 
without limitation, that your use is for the sole purpose of 
programming logic devices manufactured by Altera and sold by 
Altera or its authorized distributors.  Please refer to the 
applicable agreement for further details.



+-----------------------------------------------------------------------------------+
; Flow Summary                                                                      ;
+------------------------------------+----------------------------------------------+
; Flow Status                        ; Successful - Tue Sep 27 18:36:37 2022        ;
; Quartus II Version                 ; 9.1 Build 350 03/24/2010 SP 2 SJ Web Edition ;
; Revision Name                      ; project                                      ;
; Top-level Entity Name              ; project                                      ;
; Family                             ; Cyclone III                                  ;
; Device                             ; EP3C5E144C8                                  ;
; Timing Models                      ; Final                                        ;
; Met timing requirements            ; N/A                                          ;
; Total logic elements               ; 195 / 5,136 ( 4 % )                          ;
;     Total combinational functions  ; 157 / 5,136 ( 3 % )                          ;
;     Dedicated logic registers      ; 125 / 5,136 ( 2 % )                          ;
; Total registers                    ; 125                                          ;
; Total pins                         ; 22 / 95 ( 23 % )                             ;
; Total virtual pins                 ; 0                                            ;
; Total memory bits                  ; 0 / 423,936 ( 0 % )                          ;
; Embedded Multiplier 9-bit elements ; 0 / 46 ( 0 % )                               ;
; Total PLLs                         ; 1 / 2 ( 50 % )                               ;
+------------------------------------+----------------------------------------------+


+-----------------------------------------+
; Flow Settings                           ;
+-------------------+---------------------+
; Option            ; Setting             ;
+-------------------+---------------------+
; Start date & time ; 09/27/2022 18:36:23 ;
; Main task         ; Compilation         ;
; Revision Name     ; project             ;
+-------------------+---------------------+


+---------------------------------------------------------------------------------------------------------------------+
; Flow Non-Default Global Settings                                                                                    ;
+-------------------------------------+--------------------------------+---------------+-------------+----------------+
; Assignment Name                     ; Value                          ; Default Value ; Entity Name ; Section Id     ;
+-------------------------------------+--------------------------------+---------------+-------------+----------------+
; COMPILER_SIGNATURE_ID               ; 36074248130228.166429298201048 ; --            ; --          ; --             ;
; IP_TOOL_NAME                        ; ALTPLL                         ; --            ; --          ; --             ;
; IP_TOOL_VERSION                     ; 9.1                            ; --            ; --          ; --             ;
; MAX_CORE_JUNCTION_TEMP              ; 85                             ; --            ; --          ; --             ;
; MIN_CORE_JUNCTION_TEMP              ; 0                              ; --            ; --          ; --             ;
; MISC_FILE                           ; PLL1.bsf                       ; --            ; --          ; --             ;
; MISC_FILE                           ; PLL1.cmp                       ; --            ; --          ; --             ;
; MISC_FILE                           ; PLL1.ppf                       ; --            ; --          ; --             ;
; NOMINAL_CORE_SUPPLY_VOLTAGE         ; 1.2V                           ; --            ; --          ; --             ;
; PARTITION_COLOR                     ; 16764057                       ; --            ; --          ; Top            ;
; PARTITION_COLOR                     ; 16764057                       ; --            ; test3       ; Top            ;
; PARTITION_FITTER_PRESERVATION_LEVEL ; PLACEMENT_AND_ROUTING          ; --            ; test3       ; Top            ;
; PARTITION_NETLIST_TYPE              ; SOURCE                         ; --            ; --          ; Top            ;
; PARTITION_NETLIST_TYPE              ; SOURCE                         ; --            ; test3       ; Top            ;
; USE_GENERATED_PHYSICAL_CONSTRAINTS  ; Off                            ; --            ; --          ; eda_blast_fpga ;
+-------------------------------------+--------------------------------+---------------+-------------+----------------+


+-------------------------------------------------------------------------------------------------------------------------------+
; Flow Elapsed Time                                                                                                             ;
+---------------------------+--------------+-------------------------+---------------------+------------------------------------+
; Module Name               ; Elapsed Time ; Average Processors Used ; Peak Virtual Memory ; Total CPU Time (on all processors) ;
+---------------------------+--------------+-------------------------+---------------------+------------------------------------+
; Analysis & Synthesis      ; 00:00:05     ; 1.0                     ; 233 MB              ; 00:00:05                           ;
; Fitter                    ; 00:00:06     ; 1.0                     ; 237 MB              ; 00:00:06                           ;
; TimeQuest Timing Analyzer ; 00:00:03     ; 1.0                     ; 206 MB              ; 00:00:04                           ;
; Assembler                 ; 00:00:01     ; 1.0                     ; 187 MB              ; 00:00:01                           ;
; Total                     ; 00:00:14     ; --                      ; --                  ; 00:00:15                           ;
+---------------------------+--------------+-------------------------+---------------------+------------------------------------+


+--------------------------------------------------------------------------------------------+
; Flow OS Summary                                                                            ;
+---------------------------+------------------+---------------+------------+----------------+
; Module Name               ; Machine Hostname ; OS Name       ; OS Version ; Processor type ;
+---------------------------+------------------+---------------+------------+----------------+
; Analysis & Synthesis      ; Intel_HZ         ; Windows Vista ; 6.1        ; i686           ;
; Fitter                    ; Intel_HZ         ; Windows Vista ; 6.1        ; i686           ;
; Assembler                 ; Intel_HZ         ; Windows Vista ; 6.1        ; i686           ;
; TimeQuest Timing Analyzer ; Intel_HZ         ; Windows Vista ; 6.1        ; i686           ;
+---------------------------+------------------+---------------+------------+----------------+


------------
; Flow Log ;
------------
quartus_map --read_settings_files=on --write_settings_files=off project -c project
quartus_fit --read_settings_files=off --write_settings_files=off project -c project
quartus_asm --read_settings_files=off --write_settings_files=off project -c project
quartus_sta project -c project



