;  LST file generated by mikroListExporter - v.2.0 
; Date/Time: 15.11.2022 10:54:54
;----------------------------------------------

;Address Opcode 	ASM
0x0000	0x02002E  	LJMP 46
0x0003	0x020000  	LJMP 0
0x0006	0x00      	NOP
0x0007	0x00      	NOP
0x0008	0x00      	NOP
0x0009	0x00      	NOP
0x000A	0x00      	NOP
0x000B	0x020000  	LJMP 0
0x000E	0x00      	NOP
0x000F	0x00      	NOP
0x0010	0x00      	NOP
0x0011	0x00      	NOP
0x0012	0x00      	NOP
0x0013	0x020000  	LJMP 0
0x0016	0x00      	NOP
0x0017	0x00      	NOP
0x0018	0x00      	NOP
0x0019	0x00      	NOP
0x001A	0x00      	NOP
0x001B	0x020000  	LJMP 0
0x001E	0x00      	NOP
0x001F	0x00      	NOP
0x0020	0x00      	NOP
0x0021	0x00      	NOP
0x0022	0x00      	NOP
0x0023	0x020000  	LJMP 0
0x0026	0x00      	NOP
0x0027	0x00      	NOP
0x0028	0x00      	NOP
0x0029	0x00      	NOP
0x002A	0x00      	NOP
0x002B	0x020000  	LJMP 0
_main:
0x002E	0x758180  	MOV SP, #128
;LED_Blinking.c,26 :: 		void main() {
;LED_Blinking.c,27 :: 		do {
L_main0:
;LED_Blinking.c,28 :: 		P0 = 0x00;        // Turn ON diodes on PORT0
0x0031	0x758000  	MOV P0, #0
;LED_Blinking.c,29 :: 		P1 = 0x00;        // Turn ON diodes on PORT1
0x0034	0x759000  	MOV P1, #0
;LED_Blinking.c,30 :: 		P2 = 0x00;        // Turn ON diodes on PORT2
0x0037	0x75A000  	MOV P2, #0
;LED_Blinking.c,31 :: 		P3 = 0x00;        // Turn ON diodes on PORT3
0x003A	0x75B000  	MOV P3, #0
;LED_Blinking.c,32 :: 		Delay_ms(1000);   // 1 second delay
0x003D	0x7D07    	MOV R5, 7
0x003F	0x7E56    	MOV R6, 86
0x0041	0x7F3C    	MOV R7, 60
0x0043	0xDFFE    	DJNZ R7, PC-2
0x0045	0xDEFC    	DJNZ R6, PC-4
0x0047	0xDDFA    	DJNZ R5, PC-6
;LED_Blinking.c,34 :: 		P0 = 0xFF;        // Turn OFF diodes on PORT0
0x0049	0x7580FF  	MOV P0, #255
;LED_Blinking.c,35 :: 		P1 = 0xFF;        // Turn OFF diodes on PORT1
0x004C	0x7590FF  	MOV P1, #255
;LED_Blinking.c,36 :: 		P2 = 0xFF;        // Turn OFF diodes on PORT2
0x004F	0x75A0FF  	MOV P2, #255
;LED_Blinking.c,37 :: 		P3 = 0xFF;        // Turn OFF diodes on PORT3
0x0052	0x75B0FF  	MOV P3, #255
;LED_Blinking.c,38 :: 		Delay_ms(1000);   // 1 second delay
0x0055	0x7D07    	MOV R5, 7
0x0057	0x7E56    	MOV R6, 86
0x0059	0x7F3C    	MOV R7, 60
0x005B	0xDFFE    	DJNZ R7, PC-2
0x005D	0xDEFC    	DJNZ R6, PC-4
0x005F	0xDDFA    	DJNZ R5, PC-6
;LED_Blinking.c,40 :: 		} while(1);         // Endless loop
0x0061	0x80CE    	SJMP L_main0
;LED_Blinking.c,41 :: 		}
0x0063	0x80FE    	SJMP #254
; end of _main
Symbol List:
//** Routines locations **
//ADDRESS    SIZE    PROCEDURE
//----------------------------------------------
0x002E      [55]    _main
//** Variables locations ** 
//ADDRESS    SIZE    VARIABLE
//----------------------------------------------
0x0000       [1]    R0
0x0001       [1]    R1
0x0002       [1]    R2
0x0003       [1]    R3
0x0004       [1]    R4
0x0005       [1]    R5
0x0006       [1]    R6
0x0007       [1]    R7
0x0080       [1]    P0
0x0081       [1]    SP
0x0082       [1]    DPL
0x0083       [1]    DPH
0x0090       [1]    P1
0x00A0       [1]    P2
0x00B0       [1]    P3
0x00D0       [1]    PSW
0x00E0       [1]    ACC
0x00F0       [1]    B
//** Label List: ** 
//----------------------------------------------
  L_main0
  L_main1
  L_main2
  _main
