Flow report for Mult_DK_1
Tue Oct 25 19:41:10 2022
Quartus II Version 9.1 Build 350 03/24/2010 Service Pack 2 SJ Web Edition


---------------------
; Table of Contents ;
---------------------
  1. Legal Notice
  2. Flow Summary
  3. Flow Settings
  4. Flow Non-Default Global Settings
  5. Flow Elapsed Time
  6. Flow OS Summary
  7. Flow Log



----------------
; Legal Notice ;
----------------
Copyright (C) 1991-2010 Altera Corporation
Your use of Altera Corporation's design tools, logic functions 
and other software and tools, and its AMPP partner logic 
functions, and any output files from any of the foregoing 
(including device programming or simulation files), and any 
associated documentation or information are expressly subject 
to the terms and conditions of the Altera Program License 
Subscription Agreement, Altera MegaCore Function License 
Agreement, or other applicable license agreement, including, 
without limitation, that your use is for the sole purpose of 
programming logic devices manufactured by Altera and sold by 
Altera or its authorized distributors.  Please refer to the 
applicable agreement for further details.



+-----------------------------------------------------------------------------------+
; Flow Summary                                                                      ;
+------------------------------------+----------------------------------------------+
; Flow Status                        ; Successful - Tue Oct 25 19:41:09 2022        ;
; Quartus II Version                 ; 9.1 Build 350 03/24/2010 SP 2 SJ Web Edition ;
; Revision Name                      ; Mult_DK_1                                    ;
; Top-level Entity Name              ; Mult_DK_1                                    ;
; Family                             ; Cyclone III                                  ;
; Device                             ; EP3C5E144C8                                  ;
; Timing Models                      ; Final                                        ;
; Met timing requirements            ; N/A                                          ;
; Total logic elements               ; 172 / 5,136 ( 3 % )                          ;
;     Total combinational functions  ; 165 / 5,136 ( 3 % )                          ;
;     Dedicated logic registers      ; 109 / 5,136 ( 2 % )                          ;
; Total registers                    ; 109                                          ;
; Total pins                         ; 89 / 95 ( 94 % )                             ;
; Total virtual pins                 ; 0                                            ;
; Total memory bits                  ; 0 / 423,936 ( 0 % )                          ;
; Embedded Multiplier 9-bit elements ; 0 / 46 ( 0 % )                               ;
; Total PLLs                         ; 0 / 2 ( 0 % )                                ;
+------------------------------------+----------------------------------------------+


+-----------------------------------------+
; Flow Settings                           ;
+-------------------+---------------------+
; Option            ; Setting             ;
+-------------------+---------------------+
; Start date & time ; 10/25/2022 19:41:02 ;
; Main task         ; Compilation         ;
; Revision Name     ; Mult_DK_1           ;
+-------------------+---------------------+


+---------------------------------------------------------------------------------------------------------------------+
; Flow Non-Default Global Settings                                                                                    ;
+------------------------------------+---------------------------------+---------------+-------------+----------------+
; Assignment Name                    ; Value                           ; Default Value ; Entity Name ; Section Id     ;
+------------------------------------+---------------------------------+---------------+-------------+----------------+
; COMPILER_SIGNATURE_ID              ; 229044587278718.166671606103384 ; --            ; --          ; --             ;
; IP_TOOL_NAME                       ; LPM_FF                          ; --            ; --          ; --             ;
; IP_TOOL_NAME                       ; LPM_FF                          ; --            ; --          ; --             ;
; IP_TOOL_NAME                       ; LPM_FF                          ; --            ; --          ; --             ;
; IP_TOOL_NAME                       ; LPM_COUNTER                     ; --            ; --          ; --             ;
; IP_TOOL_NAME                       ; LPM_COUNTER                     ; --            ; --          ; --             ;
; IP_TOOL_NAME                       ; LPM_ADD_SUB                     ; --            ; --          ; --             ;
; IP_TOOL_NAME                       ; LPM_ADD_SUB                     ; --            ; --          ; --             ;
; IP_TOOL_NAME                       ; LPM_COUNTER                     ; --            ; --          ; --             ;
; IP_TOOL_NAME                       ; LPM_SHIFTREG                    ; --            ; --          ; --             ;
; IP_TOOL_NAME                       ; LPM_OR                          ; --            ; --          ; --             ;
; IP_TOOL_NAME                       ; LPM_OR                          ; --            ; --          ; --             ;
; IP_TOOL_NAME                       ; LPM_FF                          ; --            ; --          ; --             ;
; IP_TOOL_NAME                       ; LPM_FF                          ; --            ; --          ; --             ;
; IP_TOOL_NAME                       ; LPM_MUX                         ; --            ; --          ; --             ;
; IP_TOOL_NAME                       ; LPM_CLSHIFT                     ; --            ; --          ; --             ;
; IP_TOOL_NAME                       ; LPM_MUX                         ; --            ; --          ; --             ;
; IP_TOOL_NAME                       ; LPM_ADD_SUB                     ; --            ; --          ; --             ;
; IP_TOOL_NAME                       ; LPM_MUX                         ; --            ; --          ; --             ;
; IP_TOOL_NAME                       ; LPM_INV                         ; --            ; --          ; --             ;
; IP_TOOL_NAME                       ; LPM_OR                          ; --            ; --          ; --             ;
; IP_TOOL_NAME                       ; LPM_CLSHIFT                     ; --            ; --          ; --             ;
; IP_TOOL_NAME                       ; LPM_XOR                         ; --            ; --          ; --             ;
; IP_TOOL_NAME                       ; LPM_FF                          ; --            ; --          ; --             ;
; IP_TOOL_NAME                       ; LPM_MUX                         ; --            ; --          ; --             ;
; IP_TOOL_NAME                       ; LPM_FF                          ; --            ; --          ; --             ;
; IP_TOOL_NAME                       ; LPM_OR                          ; --            ; --          ; --             ;
; IP_TOOL_VERSION                    ; 9.1                             ; --            ; --          ; --             ;
; IP_TOOL_VERSION                    ; 9.1                             ; --            ; --          ; --             ;
; IP_TOOL_VERSION                    ; 9.1                             ; --            ; --          ; --             ;
; IP_TOOL_VERSION                    ; 9.1                             ; --            ; --          ; --             ;
; IP_TOOL_VERSION                    ; 9.1                             ; --            ; --          ; --             ;
; IP_TOOL_VERSION                    ; 9.1                             ; --            ; --          ; --             ;
; IP_TOOL_VERSION                    ; 9.1                             ; --            ; --          ; --             ;
; IP_TOOL_VERSION                    ; 9.1                             ; --            ; --          ; --             ;
; IP_TOOL_VERSION                    ; 9.1                             ; --            ; --          ; --             ;
; IP_TOOL_VERSION                    ; 9.1                             ; --            ; --          ; --             ;
; IP_TOOL_VERSION                    ; 9.1                             ; --            ; --          ; --             ;
; IP_TOOL_VERSION                    ; 9.1                             ; --            ; --          ; --             ;
; IP_TOOL_VERSION                    ; 9.1                             ; --            ; --          ; --             ;
; IP_TOOL_VERSION                    ; 9.1                             ; --            ; --          ; --             ;
; IP_TOOL_VERSION                    ; 9.1                             ; --            ; --          ; --             ;
; IP_TOOL_VERSION                    ; 9.1                             ; --            ; --          ; --             ;
; IP_TOOL_VERSION                    ; 9.1                             ; --            ; --          ; --             ;
; IP_TOOL_VERSION                    ; 9.1                             ; --            ; --          ; --             ;
; IP_TOOL_VERSION                    ; 9.1                             ; --            ; --          ; --             ;
; IP_TOOL_VERSION                    ; 9.1                             ; --            ; --          ; --             ;
; IP_TOOL_VERSION                    ; 9.1                             ; --            ; --          ; --             ;
; IP_TOOL_VERSION                    ; 9.1                             ; --            ; --          ; --             ;
; IP_TOOL_VERSION                    ; 9.1                             ; --            ; --          ; --             ;
; IP_TOOL_VERSION                    ; 9.1                             ; --            ; --          ; --             ;
; IP_TOOL_VERSION                    ; 9.1                             ; --            ; --          ; --             ;
; IP_TOOL_VERSION                    ; 9.1                             ; --            ; --          ; --             ;
; MAX_CORE_JUNCTION_TEMP             ; 85                              ; --            ; --          ; --             ;
; MIN_CORE_JUNCTION_TEMP             ; 0                               ; --            ; --          ; --             ;
; MISC_FILE                          ; RG1.bsf                         ; --            ; --          ; --             ;
; MISC_FILE                          ; RG1.cmp                         ; --            ; --          ; --             ;
; MISC_FILE                          ; lpm_ff0.bsf                     ; --            ; --          ; --             ;
; MISC_FILE                          ; lpm_ff0.cmp                     ; --            ; --          ; --             ;
; MISC_FILE                          ; RG3.bsf                         ; --            ; --          ; --             ;
; MISC_FILE                          ; RG3.cmp                         ; --            ; --          ; --             ;
; MISC_FILE                          ; lpm_counter0.bsf                ; --            ; --          ; --             ;
; MISC_FILE                          ; lpm_counter0.cmp                ; --            ; --          ; --             ;
; MISC_FILE                          ; CT1.bsf                         ; --            ; --          ; --             ;
; MISC_FILE                          ; CT1.cmp                         ; --            ; --          ; --             ;
; MISC_FILE                          ; lpm_add_sub0.bsf                ; --            ; --          ; --             ;
; MISC_FILE                          ; lpm_add_sub0.cmp                ; --            ; --          ; --             ;
; MISC_FILE                          ; SM2.bsf                         ; --            ; --          ; --             ;
; MISC_FILE                          ; SM2.cmp                         ; --            ; --          ; --             ;
; MISC_FILE                          ; CT2.bsf                         ; --            ; --          ; --             ;
; MISC_FILE                          ; CT2.cmp                         ; --            ; --          ; --             ;
; MISC_FILE                          ; RG4.bsf                         ; --            ; --          ; --             ;
; MISC_FILE                          ; RG4.cmp                         ; --            ; --          ; --             ;
; MISC_FILE                          ; lpm_or0.bsf                     ; --            ; --          ; --             ;
; MISC_FILE                          ; lpm_or0.cmp                     ; --            ; --          ; --             ;
; MISC_FILE                          ; LG_OR_7.bsf                     ; --            ; --          ; --             ;
; MISC_FILE                          ; LG_OR_7.cmp                     ; --            ; --          ; --             ;
; MISC_FILE                          ; SH_RG1.bsf                      ; --            ; --          ; --             ;
; MISC_FILE                          ; SH_RG1.cmp                      ; --            ; --          ; --             ;
; MISC_FILE                          ; RG2.bsf                         ; --            ; --          ; --             ;
; MISC_FILE                          ; RG2.cmp                         ; --            ; --          ; --             ;
; MISC_FILE                          ; Mux_shift.bsf                   ; --            ; --          ; --             ;
; MISC_FILE                          ; Mux_shift.cmp                   ; --            ; --          ; --             ;
; MISC_FILE                          ; WHAT.bsf                        ; --            ; --          ; --             ;
; MISC_FILE                          ; WHAT.cmp                        ; --            ; --          ; --             ;
; MISC_FILE                          ; SMUX.bsf                        ; --            ; --          ; --             ;
; MISC_FILE                          ; SMUX.cmp                        ; --            ; --          ; --             ;
; MISC_FILE                          ; SM1.bsf                         ; --            ; --          ; --             ;
; MISC_FILE                          ; SM1.cmp                         ; --            ; --          ; --             ;
; MISC_FILE                          ; MS.bsf                          ; --            ; --          ; --             ;
; MISC_FILE                          ; MS.cmp                          ; --            ; --          ; --             ;
; MISC_FILE                          ; INV1.bsf                        ; --            ; --          ; --             ;
; MISC_FILE                          ; INV1.cmp                        ; --            ; --          ; --             ;
; MISC_FILE                          ; zero_chk.bsf                    ; --            ; --          ; --             ;
; MISC_FILE                          ; zero_chk.cmp                    ; --            ; --          ; --             ;
; MISC_FILE                          ; SHLREG4.bsf                     ; --            ; --          ; --             ;
; MISC_FILE                          ; SHLREG4.cmp                     ; --            ; --          ; --             ;
; MISC_FILE                          ; INVERT.bsf                      ; --            ; --          ; --             ;
; MISC_FILE                          ; INVERT.cmp                      ; --            ; --          ; --             ;
; MISC_FILE                          ; RG41.bsf                        ; --            ; --          ; --             ;
; MISC_FILE                          ; RG41.cmp                        ; --            ; --          ; --             ;
; MISC_FILE                          ; lpm_mux2.tdf                    ; --            ; --          ; --             ;
; MISC_FILE                          ; lpm_mux2.bsf                    ; --            ; --          ; --             ;
; MISC_FILE                          ; lpm_mux2.cmp                    ; --            ; --          ; --             ;
; MISC_FILE                          ; REG_Y.tdf                       ; --            ; --          ; --             ;
; MISC_FILE                          ; REG_Y.bsf                       ; --            ; --          ; --             ;
; MISC_FILE                          ; REG_Y.cmp                       ; --            ; --          ; --             ;
; MISC_FILE                          ; lpm_or11.tdf                    ; --            ; --          ; --             ;
; MISC_FILE                          ; lpm_or11.bsf                    ; --            ; --          ; --             ;
; MISC_FILE                          ; lpm_or11.cmp                    ; --            ; --          ; --             ;
; NOMINAL_CORE_SUPPLY_VOLTAGE        ; 1.2V                            ; --            ; --          ; --             ;
; PARTITION_COLOR                    ; 16764057                        ; --            ; --          ; Top            ;
; PARTITION_NETLIST_TYPE             ; SOURCE                          ; --            ; --          ; Top            ;
; SEARCH_PATH                        ; d:\2\oa+ua+quartus\ua\elements  ; --            ; --          ; --             ;
; SEARCH_PATH                        ; d:\2\ua3                        ; --            ; --          ; --             ;
; SEARCH_PATH                        ; c:\2\oa+ua+quartus\ua\elements  ; --            ; --          ; --             ;
; SEARCH_PATH                        ; c:\2\ua3                        ; --            ; --          ; --             ;
; USE_GENERATED_PHYSICAL_CONSTRAINTS ; Off                             ; --            ; --          ; eda_blast_fpga ;
+------------------------------------+---------------------------------+---------------+-------------+----------------+


+-------------------------------------------------------------------------------------------------------------------------------+
; Flow Elapsed Time                                                                                                             ;
+---------------------------+--------------+-------------------------+---------------------+------------------------------------+
; Module Name               ; Elapsed Time ; Average Processors Used ; Peak Virtual Memory ; Total CPU Time (on all processors) ;
+---------------------------+--------------+-------------------------+---------------------+------------------------------------+
; Analysis & Synthesis      ; 00:00:02     ; 1.0                     ; 249 MB              ; 00:00:02                           ;
; Fitter                    ; 00:00:04     ; 1.0                     ; 269 MB              ; 00:00:04                           ;
; TimeQuest Timing Analyzer ; 00:00:01     ; 1.0                     ; 239 MB              ; 00:00:02                           ;
; Assembler                 ; 00:00:00     ; 1.0                     ; 208 MB              ; 00:00:01                           ;
; Total                     ; 00:00:07     ; --                      ; --                  ; 00:00:08                           ;
+---------------------------+--------------+-------------------------+---------------------+------------------------------------+


+--------------------------------------------------------------------------------------------+
; Flow OS Summary                                                                            ;
+---------------------------+------------------+---------------+------------+----------------+
; Module Name               ; Machine Hostname ; OS Name       ; OS Version ; Processor type ;
+---------------------------+------------------+---------------+------------+----------------+
; Analysis & Synthesis      ; NK3              ; Windows Vista ; 6.2        ; x86_64         ;
; Fitter                    ; NK3              ; Windows Vista ; 6.2        ; x86_64         ;
; Assembler                 ; NK3              ; Windows Vista ; 6.2        ; x86_64         ;
; TimeQuest Timing Analyzer ; NK3              ; Windows Vista ; 6.2        ; x86_64         ;
+---------------------------+------------------+---------------+------------+----------------+


------------
; Flow Log ;
------------
quartus_map --read_settings_files=on --write_settings_files=off Mult_DK_1 -c Mult_DK_1
quartus_fit --read_settings_files=off --write_settings_files=off Mult_DK_1 -c Mult_DK_1
quartus_asm --read_settings_files=off --write_settings_files=off Mult_DK_1 -c Mult_DK_1
quartus_sta Mult_DK_1 -c Mult_DK_1



