Analysis & Synthesis report for Mult_DK_1
Tue Oct 25 19:41:03 2022
Quartus II Version 9.1 Build 350 03/24/2010 Service Pack 2 SJ Web Edition


---------------------
; Table of Contents ;
---------------------
  1. Legal Notice
  2. Analysis & Synthesis Summary
  3. Analysis & Synthesis Settings
  4. Parallel Compilation
  5. Analysis & Synthesis Source Files Read
  6. Analysis & Synthesis Resource Usage Summary
  7. Analysis & Synthesis Resource Utilization by Entity
  8. General Register Statistics
  9. Source assignments for CT2:inst12|lpm_counter:lpm_counter_component
 10. Source assignments for CT1:inst29|lpm_counter:lpm_counter_component
 11. Parameter Settings for User Entity Instance: REG_Y:inst1|lpm_ff:lpm_ff_component
 12. Parameter Settings for User Entity Instance: lpm_or11:inst23|lpm_or:lpm_or_component
 13. Parameter Settings for User Entity Instance: RG1:inst32|lpm_ff:lpm_ff_component
 14. Parameter Settings for User Entity Instance: MS:inst25|LPM_MUX:lpm_mux_component
 15. Parameter Settings for User Entity Instance: RG2:inst9|lpm_ff:lpm_ff_component
 16. Parameter Settings for User Entity Instance: CT2:inst12|lpm_counter:lpm_counter_component
 17. Parameter Settings for User Entity Instance: SM2:inst11|lpm_add_sub:lpm_add_sub_component
 18. Parameter Settings for User Entity Instance: RG3:inst|lpm_ff:lpm_ff_component
 19. Parameter Settings for User Entity Instance: RG41:inst2|lpm_ff:lpm_ff_component
 20. Parameter Settings for User Entity Instance: WHAT:inst18|lpm_clshift:lpm_clshift_component
 21. Parameter Settings for User Entity Instance: SMUX:inst20|LPM_MUX:lpm_mux_component
 22. Parameter Settings for User Entity Instance: SM1:inst21|lpm_add_sub:lpm_add_sub_component
 23. Parameter Settings for User Entity Instance: lpm_mux2:inst27|LPM_MUX:lpm_mux_component
 24. Parameter Settings for User Entity Instance: CT1:inst29|lpm_counter:lpm_counter_component
 25. Parameter Settings for User Entity Instance: LG_OR_7:inst10|lpm_or:lpm_or_component
 26. Analysis & Synthesis Messages



----------------
; Legal Notice ;
----------------
Copyright (C) 1991-2010 Altera Corporation
Your use of Altera Corporation's design tools, logic functions 
and other software and tools, and its AMPP partner logic 
functions, and any output files from any of the foregoing 
(including device programming or simulation files), and any 
associated documentation or information are expressly subject 
to the terms and conditions of the Altera Program License 
Subscription Agreement, Altera MegaCore Function License 
Agreement, or other applicable license agreement, including, 
without limitation, that your use is for the sole purpose of 
programming logic devices manufactured by Altera and sold by 
Altera or its authorized distributors.  Please refer to the 
applicable agreement for further details.



+-----------------------------------------------------------------------------------+
; Analysis & Synthesis Summary                                                      ;
+------------------------------------+----------------------------------------------+
; Analysis & Synthesis Status        ; Successful - Tue Oct 25 19:41:03 2022        ;
; Quartus II Version                 ; 9.1 Build 350 03/24/2010 SP 2 SJ Web Edition ;
; Revision Name                      ; Mult_DK_1                                    ;
; Top-level Entity Name              ; Mult_DK_1                                    ;
; Family                             ; Cyclone III                                  ;
; Total logic elements               ; 210                                          ;
;     Total combinational functions  ; 165                                          ;
;     Dedicated logic registers      ; 109                                          ;
; Total registers                    ; 109                                          ;
; Total pins                         ; 89                                           ;
; Total virtual pins                 ; 0                                            ;
; Total memory bits                  ; 0                                            ;
; Embedded Multiplier 9-bit elements ; 0                                            ;
; Total PLLs                         ; 0                                            ;
+------------------------------------+----------------------------------------------+


+----------------------------------------------------------------------------------------------------------------------+
; Analysis & Synthesis Settings                                                                                        ;
+----------------------------------------------------------------------------+--------------------+--------------------+
; Option                                                                     ; Setting            ; Default Value      ;
+----------------------------------------------------------------------------+--------------------+--------------------+
; Device                                                                     ; EP3C5E144C8        ;                    ;
; Top-level entity name                                                      ; Mult_DK_1          ; Mult_DK_1          ;
; Family name                                                                ; Cyclone III        ; Stratix II         ;
; Use Generated Physical Constraints File                                    ; Off                ;                    ;
; Use smart compilation                                                      ; Off                ; Off                ;
; Enable parallel Assembler and TimeQuest Timing Analyzer during compilation ; On                 ; On                 ;
; Enable compact report table                                                ; Off                ; Off                ;
; Restructure Multiplexers                                                   ; Auto               ; Auto               ;
; Create Debugging Nodes for IP Cores                                        ; Off                ; Off                ;
; Preserve fewer node names                                                  ; On                 ; On                 ;
; Disable OpenCore Plus hardware evaluation                                  ; Off                ; Off                ;
; Verilog Version                                                            ; Verilog_2001       ; Verilog_2001       ;
; VHDL Version                                                               ; VHDL_1993          ; VHDL_1993          ;
; State Machine Processing                                                   ; Auto               ; Auto               ;
; Safe State Machine                                                         ; Off                ; Off                ;
; Extract Verilog State Machines                                             ; On                 ; On                 ;
; Extract VHDL State Machines                                                ; On                 ; On                 ;
; Ignore Verilog initial constructs                                          ; Off                ; Off                ;
; Iteration limit for constant Verilog loops                                 ; 5000               ; 5000               ;
; Iteration limit for non-constant Verilog loops                             ; 250                ; 250                ;
; Add Pass-Through Logic to Inferred RAMs                                    ; On                 ; On                 ;
; Parallel Synthesis                                                         ; On                 ; On                 ;
; DSP Block Balancing                                                        ; Auto               ; Auto               ;
; NOT Gate Push-Back                                                         ; On                 ; On                 ;
; Power-Up Don't Care                                                        ; On                 ; On                 ;
; Remove Redundant Logic Cells                                               ; Off                ; Off                ;
; Remove Duplicate Registers                                                 ; On                 ; On                 ;
; Ignore CARRY Buffers                                                       ; Off                ; Off                ;
; Ignore CASCADE Buffers                                                     ; Off                ; Off                ;
; Ignore GLOBAL Buffers                                                      ; Off                ; Off                ;
; Ignore ROW GLOBAL Buffers                                                  ; Off                ; Off                ;
; Ignore LCELL Buffers                                                       ; Off                ; Off                ;
; Ignore SOFT Buffers                                                        ; On                 ; On                 ;
; Limit AHDL Integers to 32 Bits                                             ; Off                ; Off                ;
; Optimization Technique                                                     ; Balanced           ; Balanced           ;
; Carry Chain Length                                                         ; 70                 ; 70                 ;
; Auto Carry Chains                                                          ; On                 ; On                 ;
; Auto Open-Drain Pins                                                       ; On                 ; On                 ;
; Perform WYSIWYG Primitive Resynthesis                                      ; Off                ; Off                ;
; Auto ROM Replacement                                                       ; On                 ; On                 ;
; Auto RAM Replacement                                                       ; On                 ; On                 ;
; Auto DSP Block Replacement                                                 ; On                 ; On                 ;
; Auto Shift Register Replacement                                            ; Auto               ; Auto               ;
; Auto Clock Enable Replacement                                              ; On                 ; On                 ;
; Strict RAM Replacement                                                     ; Off                ; Off                ;
; Allow Synchronous Control Signals                                          ; On                 ; On                 ;
; Force Use of Synchronous Clear Signals                                     ; Off                ; Off                ;
; Auto RAM Block Balancing                                                   ; On                 ; On                 ;
; Auto RAM to Logic Cell Conversion                                          ; Off                ; Off                ;
; Auto Resource Sharing                                                      ; Off                ; Off                ;
; Allow Any RAM Size For Recognition                                         ; Off                ; Off                ;
; Allow Any ROM Size For Recognition                                         ; Off                ; Off                ;
; Allow Any Shift Register Size For Recognition                              ; Off                ; Off                ;
; Use LogicLock Constraints during Resource Balancing                        ; On                 ; On                 ;
; Ignore translate_off and synthesis_off directives                          ; Off                ; Off                ;
; Timing-Driven Synthesis                                                    ; On                 ; On                 ;
; Show Parameter Settings Tables in Synthesis Report                         ; On                 ; On                 ;
; Ignore Maximum Fan-Out Assignments                                         ; Off                ; Off                ;
; Synchronization Register Chain Length                                      ; 2                  ; 2                  ;
; PowerPlay Power Optimization                                               ; Normal compilation ; Normal compilation ;
; HDL message level                                                          ; Level2             ; Level2             ;
; Suppress Register Optimization Related Messages                            ; Off                ; Off                ;
; Number of Removed Registers Reported in Synthesis Report                   ; 5000               ; 5000               ;
; Number of Inverted Registers Reported in Synthesis Report                  ; 100                ; 100                ;
; Clock MUX Protection                                                       ; On                 ; On                 ;
; Auto Gated Clock Conversion                                                ; Off                ; Off                ;
; Block Design Naming                                                        ; Auto               ; Auto               ;
; SDC constraint protection                                                  ; Off                ; Off                ;
; Synthesis Effort                                                           ; Auto               ; Auto               ;
; Shift Register Replacement - Allow Asynchronous Clear Signal               ; On                 ; On                 ;
; Analysis & Synthesis Message Level                                         ; Medium             ; Medium             ;
; Disable Register Merging Across Hierarchies                                ; Auto               ; Auto               ;
; Resource Aware Inference For Block RAM                                     ; On                 ; On                 ;
+----------------------------------------------------------------------------+--------------------+--------------------+


Parallel compilation was disabled, but you have multiple processors available. Enable parallel compilation to reduce compilation time.
+-------------------------------------+
; Parallel Compilation                ;
+----------------------------+--------+
; Processors                 ; Number ;
+----------------------------+--------+
; Number detected on machine ; 4      ;
; Maximum allowed            ; 1      ;
+----------------------------+--------+


+-----------------------------------------------------------------------------------------------------------------------------------------------------+
; Analysis & Synthesis Source Files Read                                                                                                              ;
+----------------------------------+-----------------+------------------------------------+-----------------------------------------------------------+
; File Name with User-Entered Path ; Used in Netlist ; File Type                          ; File Name with Absolute Path                              ;
+----------------------------------+-----------------+------------------------------------+-----------------------------------------------------------+
; RG1.vhd                          ; yes             ; User Wizard-Generated File         ; D:/PZU_1/CursachV2/RG1.vhd                                ;
; RG3.vhd                          ; yes             ; User Wizard-Generated File         ; D:/PZU_1/CursachV2/RG3.vhd                                ;
; CT1.vhd                          ; yes             ; User Wizard-Generated File         ; D:/PZU_1/CursachV2/CT1.vhd                                ;
; SM2.vhd                          ; yes             ; User Wizard-Generated File         ; D:/PZU_1/CursachV2/SM2.vhd                                ;
; CT2.vhd                          ; yes             ; User Wizard-Generated File         ; D:/PZU_1/CursachV2/CT2.vhd                                ;
; LG_OR_7.vhd                      ; yes             ; User Wizard-Generated File         ; D:/PZU_1/CursachV2/LG_OR_7.vhd                            ;
; RG2.vhd                          ; yes             ; User Wizard-Generated File         ; D:/PZU_1/CursachV2/RG2.vhd                                ;
; WHAT.vhd                         ; yes             ; User Wizard-Generated File         ; D:/PZU_1/CursachV2/WHAT.vhd                               ;
; SMUX.vhd                         ; yes             ; User Wizard-Generated File         ; D:/PZU_1/CursachV2/SMUX.vhd                               ;
; SM1.vhd                          ; yes             ; User Wizard-Generated File         ; D:/PZU_1/CursachV2/SM1.vhd                                ;
; MS.vhd                           ; yes             ; User Wizard-Generated File         ; D:/PZU_1/CursachV2/MS.vhd                                 ;
; RG41.vhd                         ; yes             ; User Wizard-Generated File         ; D:/PZU_1/CursachV2/RG41.vhd                               ;
; Mult_DK_1.bdf                    ; yes             ; User Block Diagram/Schematic File  ; D:/PZU_1/CursachV2/Mult_DK_1.bdf                          ;
; INVERT4.bdf                      ; yes             ; User Block Diagram/Schematic File  ; D:/PZU_1/CursachV2/INVERT4.bdf                            ;
; INVERT24.bdf                     ; yes             ; User Block Diagram/Schematic File  ; D:/PZU_1/CursachV2/INVERT24.bdf                           ;
; reg_y.tdf                        ; yes             ; Auto-Found Wizard-Generated File   ; D:/PZU_1/CursachV2/reg_y.tdf                              ;
; lpm_ff.inc                       ; yes             ; Auto-Found AHDL File               ; d:/altera/quartus/libraries/megafunctions/lpm_ff.inc      ;
; lpm_ff.tdf                       ; yes             ; Megafunction                       ; d:/altera/quartus/libraries/megafunctions/lpm_ff.tdf      ;
; lpm_or11.tdf                     ; yes             ; Auto-Found Wizard-Generated File   ; D:/PZU_1/CursachV2/lpm_or11.tdf                           ;
; lpm_or.inc                       ; yes             ; Auto-Found AHDL File               ; d:/altera/quartus/libraries/megafunctions/lpm_or.inc      ;
; lpm_or.tdf                       ; yes             ; Megafunction                       ; d:/altera/quartus/libraries/megafunctions/lpm_or.tdf      ;
; lpm_mux.tdf                      ; yes             ; Megafunction                       ; d:/altera/quartus/libraries/megafunctions/lpm_mux.tdf     ;
; db/mux_u7e.tdf                   ; yes             ; Auto-Generated Megafunction        ; D:/PZU_1/CursachV2/db/mux_u7e.tdf                         ;
; lpm_counter.tdf                  ; yes             ; Megafunction                       ; d:/altera/quartus/libraries/megafunctions/lpm_counter.tdf ;
; db/cntr_g1k.tdf                  ; yes             ; Auto-Generated Megafunction        ; D:/PZU_1/CursachV2/db/cntr_g1k.tdf                        ;
; lpm_add_sub.tdf                  ; yes             ; Megafunction                       ; d:/altera/quartus/libraries/megafunctions/lpm_add_sub.tdf ;
; db/add_sub_g6i.tdf               ; yes             ; Auto-Generated Megafunction        ; D:/PZU_1/CursachV2/db/add_sub_g6i.tdf                     ;
; lpm_clshift.tdf                  ; yes             ; Megafunction                       ; d:/altera/quartus/libraries/megafunctions/lpm_clshift.tdf ;
; db/lpm_clshift_sjc.tdf           ; yes             ; Auto-Generated Megafunction        ; D:/PZU_1/CursachV2/db/lpm_clshift_sjc.tdf                 ;
; db/add_sub_nii.tdf               ; yes             ; Auto-Generated Megafunction        ; D:/PZU_1/CursachV2/db/add_sub_nii.tdf                     ;
; lpm_mux2.tdf                     ; yes             ; Auto-Found Wizard-Generated File   ; D:/PZU_1/CursachV2/lpm_mux2.tdf                           ;
; lpm_mux.inc                      ; yes             ; Auto-Found AHDL File               ; d:/altera/quartus/libraries/megafunctions/lpm_mux.inc     ;
; db/mux_irc.tdf                   ; yes             ; Auto-Generated Megafunction        ; D:/PZU_1/CursachV2/db/mux_irc.tdf                         ;
; db/cntr_62k.tdf                  ; yes             ; Auto-Generated Megafunction        ; D:/PZU_1/CursachV2/db/cntr_62k.tdf                        ;
+----------------------------------+-----------------+------------------------------------+-----------------------------------------------------------+


+---------------------------------------------------------+
; Analysis & Synthesis Resource Usage Summary             ;
+---------------------------------------------+-----------+
; Resource                                    ; Usage     ;
+---------------------------------------------+-----------+
; Estimated Total logic elements              ; 210       ;
;                                             ;           ;
; Total combinational functions               ; 165       ;
; Logic element usage by number of LUT inputs ;           ;
;     -- 4 input functions                    ; 53        ;
;     -- 3 input functions                    ; 79        ;
;     -- <=2 input functions                  ; 33        ;
;                                             ;           ;
; Logic elements by mode                      ;           ;
;     -- normal mode                          ; 121       ;
;     -- arithmetic mode                      ; 44        ;
;                                             ;           ;
; Total registers                             ; 109       ;
;     -- Dedicated logic registers            ; 109       ;
;     -- I/O registers                        ; 0         ;
;                                             ;           ;
; I/O pins                                    ; 89        ;
; Maximum fan-out node                        ; clk~input ;
; Maximum fan-out                             ; 96        ;
; Total fan-out                               ; 1015      ;
; Average fan-out                             ; 2.25      ;
+---------------------------------------------+-----------+


+----------------------------------------------------------------------------------------------------------------------------------------------------------------------------------------------------------------------------------------------------------------+
; Analysis & Synthesis Resource Utilization by Entity                                                                                                                                                                                                            ;
+-------------------------------------------+-------------------+--------------+-------------+--------------+---------+-----------+------+--------------+-----------------------------------------------------------------------------------------+--------------+
; Compilation Hierarchy Node                ; LC Combinationals ; LC Registers ; Memory Bits ; DSP Elements ; DSP 9x9 ; DSP 18x18 ; Pins ; Virtual Pins ; Full Hierarchy Name                                                                     ; Library Name ;
+-------------------------------------------+-------------------+--------------+-------------+--------------+---------+-----------+------+--------------+-----------------------------------------------------------------------------------------+--------------+
; |Mult_DK_1                                ; 165 (11)          ; 109 (4)      ; 0           ; 0            ; 0       ; 0         ; 89   ; 0            ; |Mult_DK_1                                                                              ; work         ;
;    |CT1:inst29|                           ; 6 (0)             ; 6 (0)        ; 0           ; 0            ; 0       ; 0         ; 0    ; 0            ; |Mult_DK_1|CT1:inst29                                                                   ; work         ;
;       |lpm_counter:lpm_counter_component| ; 6 (0)             ; 6 (0)        ; 0           ; 0            ; 0       ; 0         ; 0    ; 0            ; |Mult_DK_1|CT1:inst29|lpm_counter:lpm_counter_component                                 ; work         ;
;          |cntr_62k:auto_generated|        ; 6 (6)             ; 6 (6)        ; 0           ; 0            ; 0       ; 0         ; 0    ; 0            ; |Mult_DK_1|CT1:inst29|lpm_counter:lpm_counter_component|cntr_62k:auto_generated         ; work         ;
;    |CT2:inst12|                           ; 18 (0)            ; 8 (0)        ; 0           ; 0            ; 0       ; 0         ; 0    ; 0            ; |Mult_DK_1|CT2:inst12                                                                   ; work         ;
;       |lpm_counter:lpm_counter_component| ; 18 (0)            ; 8 (0)        ; 0           ; 0            ; 0       ; 0         ; 0    ; 0            ; |Mult_DK_1|CT2:inst12|lpm_counter:lpm_counter_component                                 ; work         ;
;          |cntr_g1k:auto_generated|        ; 18 (18)           ; 8 (8)        ; 0           ; 0            ; 0       ; 0         ; 0    ; 0            ; |Mult_DK_1|CT2:inst12|lpm_counter:lpm_counter_component|cntr_g1k:auto_generated         ; work         ;
;    |INVERT24:inst26|                      ; 23 (0)            ; 0 (0)        ; 0           ; 0            ; 0       ; 0         ; 0    ; 0            ; |Mult_DK_1|INVERT24:inst26                                                              ; work         ;
;       |INVERT4:inst3|                     ; 4 (4)             ; 0 (0)        ; 0           ; 0            ; 0       ; 0         ; 0    ; 0            ; |Mult_DK_1|INVERT24:inst26|INVERT4:inst3                                                ; work         ;
;       |INVERT4:inst4|                     ; 4 (4)             ; 0 (0)        ; 0           ; 0            ; 0       ; 0         ; 0    ; 0            ; |Mult_DK_1|INVERT24:inst26|INVERT4:inst4                                                ; work         ;
;       |INVERT4:inst5|                     ; 4 (4)             ; 0 (0)        ; 0           ; 0            ; 0       ; 0         ; 0    ; 0            ; |Mult_DK_1|INVERT24:inst26|INVERT4:inst5                                                ; work         ;
;       |INVERT4:inst6|                     ; 4 (4)             ; 0 (0)        ; 0           ; 0            ; 0       ; 0         ; 0    ; 0            ; |Mult_DK_1|INVERT24:inst26|INVERT4:inst6                                                ; work         ;
;       |INVERT4:inst7|                     ; 3 (3)             ; 0 (0)        ; 0           ; 0            ; 0       ; 0         ; 0    ; 0            ; |Mult_DK_1|INVERT24:inst26|INVERT4:inst7                                                ; work         ;
;       |INVERT4:inst|                      ; 4 (4)             ; 0 (0)        ; 0           ; 0            ; 0       ; 0         ; 0    ; 0            ; |Mult_DK_1|INVERT24:inst26|INVERT4:inst                                                 ; work         ;
;    |MS:inst25|                            ; 24 (0)            ; 0 (0)        ; 0           ; 0            ; 0       ; 0         ; 0    ; 0            ; |Mult_DK_1|MS:inst25                                                                    ; work         ;
;       |lpm_mux:lpm_mux_component|         ; 24 (0)            ; 0 (0)        ; 0           ; 0            ; 0       ; 0         ; 0    ; 0            ; |Mult_DK_1|MS:inst25|lpm_mux:lpm_mux_component                                          ; work         ;
;          |mux_u7e:auto_generated|         ; 24 (24)           ; 0 (0)        ; 0           ; 0            ; 0       ; 0         ; 0    ; 0            ; |Mult_DK_1|MS:inst25|lpm_mux:lpm_mux_component|mux_u7e:auto_generated                   ; work         ;
;    |REG_Y:inst1|                          ; 0 (0)             ; 11 (0)       ; 0           ; 0            ; 0       ; 0         ; 0    ; 0            ; |Mult_DK_1|REG_Y:inst1                                                                  ;              ;
;       |lpm_ff:lpm_ff_component|           ; 0 (0)             ; 11 (11)      ; 0           ; 0            ; 0       ; 0         ; 0    ; 0            ; |Mult_DK_1|REG_Y:inst1|lpm_ff:lpm_ff_component                                          ; work         ;
;    |RG1:inst32|                           ; 0 (0)             ; 24 (0)       ; 0           ; 0            ; 0       ; 0         ; 0    ; 0            ; |Mult_DK_1|RG1:inst32                                                                   ; work         ;
;       |lpm_ff:lpm_ff_component|           ; 0 (0)             ; 24 (24)      ; 0           ; 0            ; 0       ; 0         ; 0    ; 0            ; |Mult_DK_1|RG1:inst32|lpm_ff:lpm_ff_component                                           ; work         ;
;    |RG2:inst9|                            ; 0 (0)             ; 24 (0)       ; 0           ; 0            ; 0       ; 0         ; 0    ; 0            ; |Mult_DK_1|RG2:inst9                                                                    ; work         ;
;       |lpm_ff:lpm_ff_component|           ; 0 (0)             ; 24 (24)      ; 0           ; 0            ; 0       ; 0         ; 0    ; 0            ; |Mult_DK_1|RG2:inst9|lpm_ff:lpm_ff_component                                            ; work         ;
;    |RG3:inst|                             ; 0 (0)             ; 8 (0)        ; 0           ; 0            ; 0       ; 0         ; 0    ; 0            ; |Mult_DK_1|RG3:inst                                                                     ; work         ;
;       |lpm_ff:lpm_ff_component|           ; 0 (0)             ; 8 (8)        ; 0           ; 0            ; 0       ; 0         ; 0    ; 0            ; |Mult_DK_1|RG3:inst|lpm_ff:lpm_ff_component                                             ; work         ;
;    |RG41:inst2|                           ; 0 (0)             ; 24 (0)       ; 0           ; 0            ; 0       ; 0         ; 0    ; 0            ; |Mult_DK_1|RG41:inst2                                                                   ; work         ;
;       |lpm_ff:lpm_ff_component|           ; 0 (0)             ; 24 (24)      ; 0           ; 0            ; 0       ; 0         ; 0    ; 0            ; |Mult_DK_1|RG41:inst2|lpm_ff:lpm_ff_component                                           ; work         ;
;    |SM1:inst21|                           ; 25 (0)            ; 0 (0)        ; 0           ; 0            ; 0       ; 0         ; 0    ; 0            ; |Mult_DK_1|SM1:inst21                                                                   ; work         ;
;       |lpm_add_sub:lpm_add_sub_component| ; 25 (0)            ; 0 (0)        ; 0           ; 0            ; 0       ; 0         ; 0    ; 0            ; |Mult_DK_1|SM1:inst21|lpm_add_sub:lpm_add_sub_component                                 ; work         ;
;          |add_sub_nii:auto_generated|     ; 25 (25)           ; 0 (0)        ; 0           ; 0            ; 0       ; 0         ; 0    ; 0            ; |Mult_DK_1|SM1:inst21|lpm_add_sub:lpm_add_sub_component|add_sub_nii:auto_generated      ; work         ;
;    |SM2:inst11|                           ; 9 (0)             ; 0 (0)        ; 0           ; 0            ; 0       ; 0         ; 0    ; 0            ; |Mult_DK_1|SM2:inst11                                                                   ; work         ;
;       |lpm_add_sub:lpm_add_sub_component| ; 9 (0)             ; 0 (0)        ; 0           ; 0            ; 0       ; 0         ; 0    ; 0            ; |Mult_DK_1|SM2:inst11|lpm_add_sub:lpm_add_sub_component                                 ; work         ;
;          |add_sub_g6i:auto_generated|     ; 9 (9)             ; 0 (0)        ; 0           ; 0            ; 0       ; 0         ; 0    ; 0            ; |Mult_DK_1|SM2:inst11|lpm_add_sub:lpm_add_sub_component|add_sub_g6i:auto_generated      ; work         ;
;    |WHAT:inst18|                          ; 46 (0)            ; 0 (0)        ; 0           ; 0            ; 0       ; 0         ; 0    ; 0            ; |Mult_DK_1|WHAT:inst18                                                                  ; work         ;
;       |lpm_clshift:lpm_clshift_component| ; 46 (0)            ; 0 (0)        ; 0           ; 0            ; 0       ; 0         ; 0    ; 0            ; |Mult_DK_1|WHAT:inst18|lpm_clshift:lpm_clshift_component                                ; work         ;
;          |lpm_clshift_sjc:auto_generated| ; 46 (46)           ; 0 (0)        ; 0           ; 0            ; 0       ; 0         ; 0    ; 0            ; |Mult_DK_1|WHAT:inst18|lpm_clshift:lpm_clshift_component|lpm_clshift_sjc:auto_generated ; work         ;
;    |lpm_or11:inst23|                      ; 3 (0)             ; 0 (0)        ; 0           ; 0            ; 0       ; 0         ; 0    ; 0            ; |Mult_DK_1|lpm_or11:inst23                                                              ; work         ;
;       |lpm_or:lpm_or_component|           ; 3 (3)             ; 0 (0)        ; 0           ; 0            ; 0       ; 0         ; 0    ; 0            ; |Mult_DK_1|lpm_or11:inst23|lpm_or:lpm_or_component                                      ; work         ;
+-------------------------------------------+-------------------+--------------+-------------+--------------+---------+-----------+------+--------------+-----------------------------------------------------------------------------------------+--------------+
Note: For table entries with two numbers listed, the numbers in parentheses indicate the number of resources of the given type used by the specific entity alone. The numbers listed outside of parentheses indicate the total resources of the given type used by the specific entity and all of its sub-entities in the hierarchy.


+------------------------------------------------------+
; General Register Statistics                          ;
+----------------------------------------------+-------+
; Statistic                                    ; Value ;
+----------------------------------------------+-------+
; Total registers                              ; 109   ;
; Number of registers using Synchronous Clear  ; 24    ;
; Number of registers using Synchronous Load   ; 14    ;
; Number of registers using Asynchronous Clear ; 13    ;
; Number of registers using Asynchronous Load  ; 0     ;
; Number of registers using Clock Enable       ; 94    ;
; Number of registers using Preset             ; 0     ;
+----------------------------------------------+-------+


+---------------------------------------------------------------------+
; Source assignments for CT2:inst12|lpm_counter:lpm_counter_component ;
+---------------------------+-------+------+--------------------------+
; Assignment                ; Value ; From ; To                       ;
+---------------------------+-------+------+--------------------------+
; SUPPRESS_DA_RULE_INTERNAL ; a101  ; -    ; -                        ;
; SUPPRESS_DA_RULE_INTERNAL ; s102  ; -    ; -                        ;
; SUPPRESS_DA_RULE_INTERNAL ; s103  ; -    ; -                        ;
+---------------------------+-------+------+--------------------------+


+---------------------------------------------------------------------+
; Source assignments for CT1:inst29|lpm_counter:lpm_counter_component ;
+---------------------------+-------+------+--------------------------+
; Assignment                ; Value ; From ; To                       ;
+---------------------------+-------+------+--------------------------+
; SUPPRESS_DA_RULE_INTERNAL ; a101  ; -    ; -                        ;
; SUPPRESS_DA_RULE_INTERNAL ; s102  ; -    ; -                        ;
; SUPPRESS_DA_RULE_INTERNAL ; s103  ; -    ; -                        ;
+---------------------------+-------+------+--------------------------+


+----------------------------------------------------------------------------------+
; Parameter Settings for User Entity Instance: REG_Y:inst1|lpm_ff:lpm_ff_component ;
+------------------------+-------------+-------------------------------------------+
; Parameter Name         ; Value       ; Type                                      ;
+------------------------+-------------+-------------------------------------------+
; LPM_WIDTH              ; 11          ; Untyped                                   ;
; LPM_AVALUE             ; UNUSED      ; Untyped                                   ;
; LPM_SVALUE             ; UNUSED      ; Untyped                                   ;
; LPM_FFTYPE             ; DFF         ; Untyped                                   ;
; DEVICE_FAMILY          ; Cyclone III ; Untyped                                   ;
; CBXI_PARAMETER         ; NOTHING     ; Untyped                                   ;
; AUTO_CARRY_CHAINS      ; ON          ; AUTO_CARRY                                ;
; IGNORE_CARRY_BUFFERS   ; OFF         ; IGNORE_CARRY                              ;
; AUTO_CASCADE_CHAINS    ; ON          ; AUTO_CASCADE                              ;
; IGNORE_CASCADE_BUFFERS ; OFF         ; IGNORE_CASCADE                            ;
+------------------------+-------------+-------------------------------------------+
Note: In order to hide this table in the UI and the text report file, please set the "Show Parameter Settings Tables in Synthesis Report" option in "Analysis and Synthesis Settings -> More Settings" to "Off".


+--------------------------------------------------------------------------------------+
; Parameter Settings for User Entity Instance: lpm_or11:inst23|lpm_or:lpm_or_component ;
+------------------------+-------------+-----------------------------------------------+
; Parameter Name         ; Value       ; Type                                          ;
+------------------------+-------------+-----------------------------------------------+
; AUTO_CARRY_CHAINS      ; ON          ; AUTO_CARRY                                    ;
; IGNORE_CARRY_BUFFERS   ; OFF         ; IGNORE_CARRY                                  ;
; AUTO_CASCADE_CHAINS    ; ON          ; AUTO_CASCADE                                  ;
; IGNORE_CASCADE_BUFFERS ; OFF         ; IGNORE_CASCADE                                ;
; LPM_WIDTH              ; 1           ; Untyped                                       ;
; LPM_SIZE               ; 11          ; Untyped                                       ;
; CARRY_CHAIN_LENGTH     ; 48          ; CARRY_CHAIN_LENGTH                            ;
; CARRY_CHAIN            ; MANUAL      ; Untyped                                       ;
; CASCADE_CHAIN          ; MANUAL      ; Untyped                                       ;
; DEVICE_FAMILY          ; Cyclone III ; Untyped                                       ;
+------------------------+-------------+-----------------------------------------------+
Note: In order to hide this table in the UI and the text report file, please set the "Show Parameter Settings Tables in Synthesis Report" option in "Analysis and Synthesis Settings -> More Settings" to "Off".


+---------------------------------------------------------------------------------+
; Parameter Settings for User Entity Instance: RG1:inst32|lpm_ff:lpm_ff_component ;
+------------------------+-------------+------------------------------------------+
; Parameter Name         ; Value       ; Type                                     ;
+------------------------+-------------+------------------------------------------+
; LPM_WIDTH              ; 24          ; Signed Integer                           ;
; LPM_AVALUE             ; UNUSED      ; Untyped                                  ;
; LPM_SVALUE             ; UNUSED      ; Untyped                                  ;
; LPM_FFTYPE             ; DFF         ; Untyped                                  ;
; DEVICE_FAMILY          ; Cyclone III ; Untyped                                  ;
; CBXI_PARAMETER         ; NOTHING     ; Untyped                                  ;
; AUTO_CARRY_CHAINS      ; ON          ; AUTO_CARRY                               ;
; IGNORE_CARRY_BUFFERS   ; OFF         ; IGNORE_CARRY                             ;
; AUTO_CASCADE_CHAINS    ; ON          ; AUTO_CASCADE                             ;
; IGNORE_CASCADE_BUFFERS ; OFF         ; IGNORE_CASCADE                           ;
+------------------------+-------------+------------------------------------------+
Note: In order to hide this table in the UI and the text report file, please set the "Show Parameter Settings Tables in Synthesis Report" option in "Analysis and Synthesis Settings -> More Settings" to "Off".


+----------------------------------------------------------------------------------+
; Parameter Settings for User Entity Instance: MS:inst25|LPM_MUX:lpm_mux_component ;
+------------------------+-------------+-------------------------------------------+
; Parameter Name         ; Value       ; Type                                      ;
+------------------------+-------------+-------------------------------------------+
; AUTO_CARRY_CHAINS      ; ON          ; AUTO_CARRY                                ;
; IGNORE_CARRY_BUFFERS   ; OFF         ; IGNORE_CARRY                              ;
; AUTO_CASCADE_CHAINS    ; ON          ; AUTO_CASCADE                              ;
; IGNORE_CASCADE_BUFFERS ; OFF         ; IGNORE_CASCADE                            ;
; LPM_WIDTH              ; 24          ; Signed Integer                            ;
; LPM_SIZE               ; 2           ; Signed Integer                            ;
; LPM_WIDTHS             ; 1           ; Signed Integer                            ;
; LPM_PIPELINE           ; 0           ; Signed Integer                            ;
; CBXI_PARAMETER         ; mux_u7e     ; Untyped                                   ;
; DEVICE_FAMILY          ; Cyclone III ; Untyped                                   ;
+------------------------+-------------+-------------------------------------------+
Note: In order to hide this table in the UI and the text report file, please set the "Show Parameter Settings Tables in Synthesis Report" option in "Analysis and Synthesis Settings -> More Settings" to "Off".


+--------------------------------------------------------------------------------+
; Parameter Settings for User Entity Instance: RG2:inst9|lpm_ff:lpm_ff_component ;
+------------------------+-------------+-----------------------------------------+
; Parameter Name         ; Value       ; Type                                    ;
+------------------------+-------------+-----------------------------------------+
; LPM_WIDTH              ; 24          ; Signed Integer                          ;
; LPM_AVALUE             ; UNUSED      ; Untyped                                 ;
; LPM_SVALUE             ; UNUSED      ; Untyped                                 ;
; LPM_FFTYPE             ; DFF         ; Untyped                                 ;
; DEVICE_FAMILY          ; Cyclone III ; Untyped                                 ;
; CBXI_PARAMETER         ; NOTHING     ; Untyped                                 ;
; AUTO_CARRY_CHAINS      ; ON          ; AUTO_CARRY                              ;
; IGNORE_CARRY_BUFFERS   ; OFF         ; IGNORE_CARRY                            ;
; AUTO_CASCADE_CHAINS    ; ON          ; AUTO_CASCADE                            ;
; IGNORE_CASCADE_BUFFERS ; OFF         ; IGNORE_CASCADE                          ;
+------------------------+-------------+-----------------------------------------+
Note: In order to hide this table in the UI and the text report file, please set the "Show Parameter Settings Tables in Synthesis Report" option in "Analysis and Synthesis Settings -> More Settings" to "Off".


+-------------------------------------------------------------------------------------------+
; Parameter Settings for User Entity Instance: CT2:inst12|lpm_counter:lpm_counter_component ;
+------------------------+-------------+----------------------------------------------------+
; Parameter Name         ; Value       ; Type                                               ;
+------------------------+-------------+----------------------------------------------------+
; AUTO_CARRY_CHAINS      ; ON          ; AUTO_CARRY                                         ;
; IGNORE_CARRY_BUFFERS   ; OFF         ; IGNORE_CARRY                                       ;
; AUTO_CASCADE_CHAINS    ; ON          ; AUTO_CASCADE                                       ;
; IGNORE_CASCADE_BUFFERS ; OFF         ; IGNORE_CASCADE                                     ;
; LPM_WIDTH              ; 8           ; Signed Integer                                     ;
; LPM_DIRECTION          ; DOWN        ; Untyped                                            ;
; LPM_MODULUS            ; 0           ; Untyped                                            ;
; LPM_AVALUE             ; UNUSED      ; Untyped                                            ;
; LPM_SVALUE             ; UNUSED      ; Untyped                                            ;
; LPM_PORT_UPDOWN        ; PORT_UNUSED ; Untyped                                            ;
; DEVICE_FAMILY          ; Cyclone III ; Untyped                                            ;
; CARRY_CHAIN            ; MANUAL      ; Untyped                                            ;
; CARRY_CHAIN_LENGTH     ; 48          ; CARRY_CHAIN_LENGTH                                 ;
; NOT_GATE_PUSH_BACK     ; ON          ; NOT_GATE_PUSH_BACK                                 ;
; CARRY_CNT_EN           ; SMART       ; Untyped                                            ;
; LABWIDE_SCLR           ; ON          ; Untyped                                            ;
; USE_NEW_VERSION        ; TRUE        ; Untyped                                            ;
; CBXI_PARAMETER         ; cntr_g1k    ; Untyped                                            ;
+------------------------+-------------+----------------------------------------------------+
Note: In order to hide this table in the UI and the text report file, please set the "Show Parameter Settings Tables in Synthesis Report" option in "Analysis and Synthesis Settings -> More Settings" to "Off".


+-------------------------------------------------------------------------------------------+
; Parameter Settings for User Entity Instance: SM2:inst11|lpm_add_sub:lpm_add_sub_component ;
+------------------------+-------------+----------------------------------------------------+
; Parameter Name         ; Value       ; Type                                               ;
+------------------------+-------------+----------------------------------------------------+
; LPM_WIDTH              ; 8           ; Signed Integer                                     ;
; LPM_REPRESENTATION     ; UNSIGNED    ; Untyped                                            ;
; LPM_DIRECTION          ; ADD         ; Untyped                                            ;
; ONE_INPUT_IS_CONSTANT  ; NO          ; Untyped                                            ;
; LPM_PIPELINE           ; 0           ; Untyped                                            ;
; MAXIMIZE_SPEED         ; 5           ; Untyped                                            ;
; REGISTERED_AT_END      ; 0           ; Untyped                                            ;
; OPTIMIZE_FOR_SPEED     ; 5           ; Untyped                                            ;
; USE_CS_BUFFERS         ; 1           ; Untyped                                            ;
; CARRY_CHAIN            ; MANUAL      ; Untyped                                            ;
; CARRY_CHAIN_LENGTH     ; 48          ; CARRY_CHAIN_LENGTH                                 ;
; DEVICE_FAMILY          ; Cyclone III ; Untyped                                            ;
; USE_WYS                ; OFF         ; Untyped                                            ;
; STYLE                  ; FAST        ; Untyped                                            ;
; CBXI_PARAMETER         ; add_sub_g6i ; Untyped                                            ;
; AUTO_CARRY_CHAINS      ; ON          ; AUTO_CARRY                                         ;
; IGNORE_CARRY_BUFFERS   ; OFF         ; IGNORE_CARRY                                       ;
; AUTO_CASCADE_CHAINS    ; ON          ; AUTO_CASCADE                                       ;
; IGNORE_CASCADE_BUFFERS ; OFF         ; IGNORE_CASCADE                                     ;
+------------------------+-------------+----------------------------------------------------+
Note: In order to hide this table in the UI and the text report file, please set the "Show Parameter Settings Tables in Synthesis Report" option in "Analysis and Synthesis Settings -> More Settings" to "Off".


+-------------------------------------------------------------------------------+
; Parameter Settings for User Entity Instance: RG3:inst|lpm_ff:lpm_ff_component ;
+------------------------+-------------+----------------------------------------+
; Parameter Name         ; Value       ; Type                                   ;
+------------------------+-------------+----------------------------------------+
; LPM_WIDTH              ; 8           ; Signed Integer                         ;
; LPM_AVALUE             ; UNUSED      ; Untyped                                ;
; LPM_SVALUE             ; UNUSED      ; Untyped                                ;
; LPM_FFTYPE             ; DFF         ; Untyped                                ;
; DEVICE_FAMILY          ; Cyclone III ; Untyped                                ;
; CBXI_PARAMETER         ; NOTHING     ; Untyped                                ;
; AUTO_CARRY_CHAINS      ; ON          ; AUTO_CARRY                             ;
; IGNORE_CARRY_BUFFERS   ; OFF         ; IGNORE_CARRY                           ;
; AUTO_CASCADE_CHAINS    ; ON          ; AUTO_CASCADE                           ;
; IGNORE_CASCADE_BUFFERS ; OFF         ; IGNORE_CASCADE                         ;
+------------------------+-------------+----------------------------------------+
Note: In order to hide this table in the UI and the text report file, please set the "Show Parameter Settings Tables in Synthesis Report" option in "Analysis and Synthesis Settings -> More Settings" to "Off".


+---------------------------------------------------------------------------------+
; Parameter Settings for User Entity Instance: RG41:inst2|lpm_ff:lpm_ff_component ;
+------------------------+-------------+------------------------------------------+
; Parameter Name         ; Value       ; Type                                     ;
+------------------------+-------------+------------------------------------------+
; LPM_WIDTH              ; 24          ; Signed Integer                           ;
; LPM_AVALUE             ; UNUSED      ; Untyped                                  ;
; LPM_SVALUE             ; UNUSED      ; Untyped                                  ;
; LPM_FFTYPE             ; DFF         ; Untyped                                  ;
; DEVICE_FAMILY          ; Cyclone III ; Untyped                                  ;
; CBXI_PARAMETER         ; NOTHING     ; Untyped                                  ;
; AUTO_CARRY_CHAINS      ; ON          ; AUTO_CARRY                               ;
; IGNORE_CARRY_BUFFERS   ; OFF         ; IGNORE_CARRY                             ;
; AUTO_CASCADE_CHAINS    ; ON          ; AUTO_CASCADE                             ;
; IGNORE_CASCADE_BUFFERS ; OFF         ; IGNORE_CASCADE                           ;
+------------------------+-------------+------------------------------------------+
Note: In order to hide this table in the UI and the text report file, please set the "Show Parameter Settings Tables in Synthesis Report" option in "Analysis and Synthesis Settings -> More Settings" to "Off".


+--------------------------------------------------------------------------------------------+
; Parameter Settings for User Entity Instance: WHAT:inst18|lpm_clshift:lpm_clshift_component ;
+----------------+-----------------+---------------------------------------------------------+
; Parameter Name ; Value           ; Type                                                    ;
+----------------+-----------------+---------------------------------------------------------+
; LPM_PIPELINE   ; 0               ; Untyped                                                 ;
; LPM_SHIFTTYPE  ; LOGICAL         ; Untyped                                                 ;
; LPM_WIDTH      ; 24              ; Signed Integer                                          ;
; LPM_WIDTHDIST  ; 1               ; Signed Integer                                          ;
; CBXI_PARAMETER ; lpm_clshift_sjc ; Untyped                                                 ;
+----------------+-----------------+---------------------------------------------------------+
Note: In order to hide this table in the UI and the text report file, please set the "Show Parameter Settings Tables in Synthesis Report" option in "Analysis and Synthesis Settings -> More Settings" to "Off".


+------------------------------------------------------------------------------------+
; Parameter Settings for User Entity Instance: SMUX:inst20|LPM_MUX:lpm_mux_component ;
+------------------------+-------------+---------------------------------------------+
; Parameter Name         ; Value       ; Type                                        ;
+------------------------+-------------+---------------------------------------------+
; AUTO_CARRY_CHAINS      ; ON          ; AUTO_CARRY                                  ;
; IGNORE_CARRY_BUFFERS   ; OFF         ; IGNORE_CARRY                                ;
; AUTO_CASCADE_CHAINS    ; ON          ; AUTO_CASCADE                                ;
; IGNORE_CASCADE_BUFFERS ; OFF         ; IGNORE_CASCADE                              ;
; LPM_WIDTH              ; 24          ; Signed Integer                              ;
; LPM_SIZE               ; 2           ; Signed Integer                              ;
; LPM_WIDTHS             ; 1           ; Signed Integer                              ;
; LPM_PIPELINE           ; 0           ; Signed Integer                              ;
; CBXI_PARAMETER         ; mux_u7e     ; Untyped                                     ;
; DEVICE_FAMILY          ; Cyclone III ; Untyped                                     ;
+------------------------+-------------+---------------------------------------------+
Note: In order to hide this table in the UI and the text report file, please set the "Show Parameter Settings Tables in Synthesis Report" option in "Analysis and Synthesis Settings -> More Settings" to "Off".


+-------------------------------------------------------------------------------------------+
; Parameter Settings for User Entity Instance: SM1:inst21|lpm_add_sub:lpm_add_sub_component ;
+------------------------+-------------+----------------------------------------------------+
; Parameter Name         ; Value       ; Type                                               ;
+------------------------+-------------+----------------------------------------------------+
; LPM_WIDTH              ; 23          ; Signed Integer                                     ;
; LPM_REPRESENTATION     ; UNSIGNED    ; Untyped                                            ;
; LPM_DIRECTION          ; ADD         ; Untyped                                            ;
; ONE_INPUT_IS_CONSTANT  ; NO          ; Untyped                                            ;
; LPM_PIPELINE           ; 0           ; Untyped                                            ;
; MAXIMIZE_SPEED         ; 5           ; Untyped                                            ;
; REGISTERED_AT_END      ; 0           ; Untyped                                            ;
; OPTIMIZE_FOR_SPEED     ; 5           ; Untyped                                            ;
; USE_CS_BUFFERS         ; 1           ; Untyped                                            ;
; CARRY_CHAIN            ; MANUAL      ; Untyped                                            ;
; CARRY_CHAIN_LENGTH     ; 48          ; CARRY_CHAIN_LENGTH                                 ;
; DEVICE_FAMILY          ; Cyclone III ; Untyped                                            ;
; USE_WYS                ; OFF         ; Untyped                                            ;
; STYLE                  ; FAST        ; Untyped                                            ;
; CBXI_PARAMETER         ; add_sub_nii ; Untyped                                            ;
; AUTO_CARRY_CHAINS      ; ON          ; AUTO_CARRY                                         ;
; IGNORE_CARRY_BUFFERS   ; OFF         ; IGNORE_CARRY                                       ;
; AUTO_CASCADE_CHAINS    ; ON          ; AUTO_CASCADE                                       ;
; IGNORE_CASCADE_BUFFERS ; OFF         ; IGNORE_CASCADE                                     ;
+------------------------+-------------+----------------------------------------------------+
Note: In order to hide this table in the UI and the text report file, please set the "Show Parameter Settings Tables in Synthesis Report" option in "Analysis and Synthesis Settings -> More Settings" to "Off".


+----------------------------------------------------------------------------------------+
; Parameter Settings for User Entity Instance: lpm_mux2:inst27|LPM_MUX:lpm_mux_component ;
+------------------------+-------------+-------------------------------------------------+
; Parameter Name         ; Value       ; Type                                            ;
+------------------------+-------------+-------------------------------------------------+
; AUTO_CARRY_CHAINS      ; ON          ; AUTO_CARRY                                      ;
; IGNORE_CARRY_BUFFERS   ; OFF         ; IGNORE_CARRY                                    ;
; AUTO_CASCADE_CHAINS    ; ON          ; AUTO_CASCADE                                    ;
; IGNORE_CASCADE_BUFFERS ; OFF         ; IGNORE_CASCADE                                  ;
; LPM_WIDTH              ; 23          ; Untyped                                         ;
; LPM_SIZE               ; 2           ; Untyped                                         ;
; LPM_WIDTHS             ; 1           ; Untyped                                         ;
; LPM_PIPELINE           ; 0           ; Untyped                                         ;
; CBXI_PARAMETER         ; mux_irc     ; Untyped                                         ;
; DEVICE_FAMILY          ; Cyclone III ; Untyped                                         ;
+------------------------+-------------+-------------------------------------------------+
Note: In order to hide this table in the UI and the text report file, please set the "Show Parameter Settings Tables in Synthesis Report" option in "Analysis and Synthesis Settings -> More Settings" to "Off".


+-------------------------------------------------------------------------------------------+
; Parameter Settings for User Entity Instance: CT1:inst29|lpm_counter:lpm_counter_component ;
+------------------------+-------------+----------------------------------------------------+
; Parameter Name         ; Value       ; Type                                               ;
+------------------------+-------------+----------------------------------------------------+
; AUTO_CARRY_CHAINS      ; ON          ; AUTO_CARRY                                         ;
; IGNORE_CARRY_BUFFERS   ; OFF         ; IGNORE_CARRY                                       ;
; AUTO_CASCADE_CHAINS    ; ON          ; AUTO_CASCADE                                       ;
; IGNORE_CASCADE_BUFFERS ; OFF         ; IGNORE_CASCADE                                     ;
; LPM_WIDTH              ; 6           ; Signed Integer                                     ;
; LPM_DIRECTION          ; UP          ; Untyped                                            ;
; LPM_MODULUS            ; 0           ; Untyped                                            ;
; LPM_AVALUE             ; UNUSED      ; Untyped                                            ;
; LPM_SVALUE             ; 8           ; Untyped                                            ;
; LPM_PORT_UPDOWN        ; PORT_UNUSED ; Untyped                                            ;
; DEVICE_FAMILY          ; Cyclone III ; Untyped                                            ;
; CARRY_CHAIN            ; MANUAL      ; Untyped                                            ;
; CARRY_CHAIN_LENGTH     ; 48          ; CARRY_CHAIN_LENGTH                                 ;
; NOT_GATE_PUSH_BACK     ; ON          ; NOT_GATE_PUSH_BACK                                 ;
; CARRY_CNT_EN           ; SMART       ; Untyped                                            ;
; LABWIDE_SCLR           ; ON          ; Untyped                                            ;
; USE_NEW_VERSION        ; TRUE        ; Untyped                                            ;
; CBXI_PARAMETER         ; cntr_62k    ; Untyped                                            ;
+------------------------+-------------+----------------------------------------------------+
Note: In order to hide this table in the UI and the text report file, please set the "Show Parameter Settings Tables in Synthesis Report" option in "Analysis and Synthesis Settings -> More Settings" to "Off".


+-------------------------------------------------------------------------------------+
; Parameter Settings for User Entity Instance: LG_OR_7:inst10|lpm_or:lpm_or_component ;
+------------------------+-------------+----------------------------------------------+
; Parameter Name         ; Value       ; Type                                         ;
+------------------------+-------------+----------------------------------------------+
; AUTO_CARRY_CHAINS      ; ON          ; AUTO_CARRY                                   ;
; IGNORE_CARRY_BUFFERS   ; OFF         ; IGNORE_CARRY                                 ;
; AUTO_CASCADE_CHAINS    ; ON          ; AUTO_CASCADE                                 ;
; IGNORE_CASCADE_BUFFERS ; OFF         ; IGNORE_CASCADE                               ;
; LPM_WIDTH              ; 1           ; Signed Integer                               ;
; LPM_SIZE               ; 7           ; Signed Integer                               ;
; CARRY_CHAIN_LENGTH     ; 48          ; CARRY_CHAIN_LENGTH                           ;
; CARRY_CHAIN            ; MANUAL      ; Untyped                                      ;
; CASCADE_CHAIN          ; MANUAL      ; Untyped                                      ;
; DEVICE_FAMILY          ; Cyclone III ; Untyped                                      ;
+------------------------+-------------+----------------------------------------------+
Note: In order to hide this table in the UI and the text report file, please set the "Show Parameter Settings Tables in Synthesis Report" option in "Analysis and Synthesis Settings -> More Settings" to "Off".


+-------------------------------+
; Analysis & Synthesis Messages ;
+-------------------------------+
Info: *******************************************************************
Info: Running Quartus II Analysis & Synthesis
    Info: Version 9.1 Build 350 03/24/2010 Service Pack 2 SJ Web Edition
    Info: Processing started: Tue Oct 25 19:41:01 2022
Info: Command: quartus_map --read_settings_files=on --write_settings_files=off Mult_DK_1 -c Mult_DK_1
Info: Found 2 design units, including 1 entities, in source file rg1.vhd
    Info: Found design unit 1: rg1-SYN
    Info: Found entity 1: RG1
Info: Found 1 design units, including 1 entities, in source file ctrl_a.v
    Info: Found entity 1: Ctrl_A
Info: Found 2 design units, including 1 entities, in source file lpm_ff0.vhd
    Info: Found design unit 1: lpm_ff0-SYN
    Info: Found entity 1: lpm_ff0
Info: Found 2 design units, including 1 entities, in source file rg3.vhd
    Info: Found design unit 1: rg3-SYN
    Info: Found entity 1: RG3
Info: Found 2 design units, including 1 entities, in source file lpm_counter0.vhd
    Info: Found design unit 1: lpm_counter0-SYN
    Info: Found entity 1: lpm_counter0
Info: Found 2 design units, including 1 entities, in source file ct1.vhd
    Info: Found design unit 1: ct1-SYN
    Info: Found entity 1: CT1
Info: Found 2 design units, including 1 entities, in source file lpm_add_sub0.vhd
    Info: Found design unit 1: lpm_add_sub0-SYN
    Info: Found entity 1: lpm_add_sub0
Info: Found 2 design units, including 1 entities, in source file sm2.vhd
    Info: Found design unit 1: sm2-SYN
    Info: Found entity 1: SM2
Info: Found 2 design units, including 1 entities, in source file ct2.vhd
    Info: Found design unit 1: ct2-SYN
    Info: Found entity 1: CT2
Info: Found 2 design units, including 1 entities, in source file rg4.vhd
    Info: Found design unit 1: rg4-SYN
    Info: Found entity 1: RG4
Info: Found 2 design units, including 1 entities, in source file lpm_or0.vhd
    Info: Found design unit 1: lpm_or0-SYN
    Info: Found entity 1: lpm_or0
Info: Found 2 design units, including 1 entities, in source file lg_or_7.vhd
    Info: Found design unit 1: lg_or_7-SYN
    Info: Found entity 1: LG_OR_7
Info: Found 2 design units, including 1 entities, in source file sh_rg1.vhd
    Info: Found design unit 1: sh_rg1-SYN
    Info: Found entity 1: SH_RG1
Info: Found 2 design units, including 1 entities, in source file rg2.vhd
    Info: Found design unit 1: rg2-SYN
    Info: Found entity 1: RG2
Info: Found 2 design units, including 1 entities, in source file mux_shift.vhd
    Info: Found design unit 1: mux_shift-SYN
    Info: Found entity 1: Mux_shift
Info: Found 2 design units, including 1 entities, in source file what.vhd
    Info: Found design unit 1: what-SYN
    Info: Found entity 1: WHAT
Info: Found 2 design units, including 1 entities, in source file smux.vhd
    Info: Found design unit 1: smux-SYN
    Info: Found entity 1: SMUX
Info: Found 2 design units, including 1 entities, in source file sm1.vhd
    Info: Found design unit 1: sm1-SYN
    Info: Found entity 1: SM1
Info: Found 2 design units, including 1 entities, in source file ms.vhd
    Info: Found design unit 1: ms-SYN
    Info: Found entity 1: MS
Info: Found 2 design units, including 1 entities, in source file inv1.vhd
    Info: Found design unit 1: inv1-SYN
    Info: Found entity 1: INV1
Info: Found 2 design units, including 1 entities, in source file zero_chk.vhd
    Info: Found design unit 1: zero_chk-SYN
    Info: Found entity 1: zero_chk
Info: Found 2 design units, including 1 entities, in source file shlreg4.vhd
    Info: Found design unit 1: shlreg4-SYN
    Info: Found entity 1: SHLREG4
Info: Found 2 design units, including 1 entities, in source file invert.vhd
    Info: Found design unit 1: invert-SYN
    Info: Found entity 1: INVERT
Info: Found 2 design units, including 1 entities, in source file rg41.vhd
    Info: Found design unit 1: rg41-SYN
    Info: Found entity 1: RG41
Info: Found 1 design units, including 1 entities, in source file mult_dk_1.bdf
    Info: Found entity 1: Mult_DK_1
Info: Found 1 design units, including 1 entities, in source file invert4.bdf
    Info: Found entity 1: INVERT4
Info: Found 1 design units, including 1 entities, in source file invert24.bdf
    Info: Found entity 1: INVERT24
Info: Elaborating entity "Mult_DK_1" for the top level hierarchy
Warning: Using design file reg_y.tdf, which is not specified as a design file for the current project, but contains definitions for 1 design units and 1 entities in project
    Info: Found entity 1: REG_Y
Info: Elaborating entity "REG_Y" for hierarchy "REG_Y:inst1"
Info: Elaborating entity "lpm_ff" for hierarchy "REG_Y:inst1|lpm_ff:lpm_ff_component"
Info: Elaborated megafunction instantiation "REG_Y:inst1|lpm_ff:lpm_ff_component"
Info: Instantiated megafunction "REG_Y:inst1|lpm_ff:lpm_ff_component" with the following parameter:
    Info: Parameter "LPM_TYPE" = "LPM_FF"
    Info: Parameter "LPM_WIDTH" = "11"
    Info: Parameter "LPM_FFTYPE" = "DFF"
Warning: Using design file lpm_or11.tdf, which is not specified as a design file for the current project, but contains definitions for 1 design units and 1 entities in project
    Info: Found entity 1: lpm_or11
Info: Elaborating entity "lpm_or11" for hierarchy "lpm_or11:inst23"
Info: Elaborating entity "lpm_or" for hierarchy "lpm_or11:inst23|lpm_or:lpm_or_component"
Info: Elaborated megafunction instantiation "lpm_or11:inst23|lpm_or:lpm_or_component"
Info: Instantiated megafunction "lpm_or11:inst23|lpm_or:lpm_or_component" with the following parameter:
    Info: Parameter "LPM_TYPE" = "LPM_OR"
    Info: Parameter "LPM_WIDTH" = "1"
    Info: Parameter "LPM_SIZE" = "11"
Info: Elaborating entity "RG1" for hierarchy "RG1:inst32"
Info: Elaborating entity "lpm_ff" for hierarchy "RG1:inst32|lpm_ff:lpm_ff_component"
Info: Elaborated megafunction instantiation "RG1:inst32|lpm_ff:lpm_ff_component"
Info: Instantiated megafunction "RG1:inst32|lpm_ff:lpm_ff_component" with the following parameter:
    Info: Parameter "lpm_fftype" = "DFF"
    Info: Parameter "lpm_type" = "LPM_FF"
    Info: Parameter "lpm_width" = "24"
Info: Elaborating entity "MS" for hierarchy "MS:inst25"
Info: Elaborating entity "LPM_MUX" for hierarchy "MS:inst25|LPM_MUX:lpm_mux_component"
Info: Elaborated megafunction instantiation "MS:inst25|LPM_MUX:lpm_mux_component"
Info: Instantiated megafunction "MS:inst25|LPM_MUX:lpm_mux_component" with the following parameter:
    Info: Parameter "LPM_WIDTH" = "24"
    Info: Parameter "LPM_SIZE" = "2"
    Info: Parameter "LPM_WIDTHS" = "1"
    Info: Parameter "LPM_PIPELINE" = "0"
    Info: Parameter "LPM_TYPE" = "LPM_MUX"
    Info: Parameter "LPM_HINT" = "UNUSED"
Info: Found 1 design units, including 1 entities, in source file db/mux_u7e.tdf
    Info: Found entity 1: mux_u7e
Info: Elaborating entity "mux_u7e" for hierarchy "MS:inst25|LPM_MUX:lpm_mux_component|mux_u7e:auto_generated"
Info: Elaborating entity "RG2" for hierarchy "RG2:inst9"
Info: Elaborating entity "CT2" for hierarchy "CT2:inst12"
Info: Elaborating entity "lpm_counter" for hierarchy "CT2:inst12|lpm_counter:lpm_counter_component"
Info: Elaborated megafunction instantiation "CT2:inst12|lpm_counter:lpm_counter_component"
Info: Instantiated megafunction "CT2:inst12|lpm_counter:lpm_counter_component" with the following parameter:
    Info: Parameter "lpm_direction" = "DOWN"
    Info: Parameter "lpm_port_updown" = "PORT_UNUSED"
    Info: Parameter "lpm_type" = "LPM_COUNTER"
    Info: Parameter "lpm_width" = "8"
Info: Found 1 design units, including 1 entities, in source file db/cntr_g1k.tdf
    Info: Found entity 1: cntr_g1k
Info: Elaborating entity "cntr_g1k" for hierarchy "CT2:inst12|lpm_counter:lpm_counter_component|cntr_g1k:auto_generated"
Info: Elaborating entity "SM2" for hierarchy "SM2:inst11"
Info: Elaborating entity "lpm_add_sub" for hierarchy "SM2:inst11|lpm_add_sub:lpm_add_sub_component"
Info: Elaborated megafunction instantiation "SM2:inst11|lpm_add_sub:lpm_add_sub_component"
Info: Instantiated megafunction "SM2:inst11|lpm_add_sub:lpm_add_sub_component" with the following parameter:
    Info: Parameter "lpm_direction" = "ADD"
    Info: Parameter "lpm_hint" = "ONE_INPUT_IS_CONSTANT=NO,CIN_USED=NO"
    Info: Parameter "lpm_representation" = "UNSIGNED"
    Info: Parameter "lpm_type" = "LPM_ADD_SUB"
    Info: Parameter "lpm_width" = "8"
Info: Found 1 design units, including 1 entities, in source file db/add_sub_g6i.tdf
    Info: Found entity 1: add_sub_g6i
Info: Elaborating entity "add_sub_g6i" for hierarchy "SM2:inst11|lpm_add_sub:lpm_add_sub_component|add_sub_g6i:auto_generated"
Info: Elaborating entity "RG3" for hierarchy "RG3:inst"
Info: Elaborating entity "lpm_ff" for hierarchy "RG3:inst|lpm_ff:lpm_ff_component"
Info: Elaborated megafunction instantiation "RG3:inst|lpm_ff:lpm_ff_component"
Info: Instantiated megafunction "RG3:inst|lpm_ff:lpm_ff_component" with the following parameter:
    Info: Parameter "lpm_fftype" = "DFF"
    Info: Parameter "lpm_type" = "LPM_FF"
    Info: Parameter "lpm_width" = "8"
Info: Elaborating entity "RG41" for hierarchy "RG41:inst2"
Info: Elaborating entity "lpm_ff" for hierarchy "RG41:inst2|lpm_ff:lpm_ff_component"
Info: Elaborated megafunction instantiation "RG41:inst2|lpm_ff:lpm_ff_component"
Info: Instantiated megafunction "RG41:inst2|lpm_ff:lpm_ff_component" with the following parameter:
    Info: Parameter "lpm_fftype" = "DFF"
    Info: Parameter "lpm_type" = "LPM_FF"
    Info: Parameter "lpm_width" = "24"
Info: Elaborating entity "WHAT" for hierarchy "WHAT:inst18"
Info: Elaborating entity "lpm_clshift" for hierarchy "WHAT:inst18|lpm_clshift:lpm_clshift_component"
Info: Elaborated megafunction instantiation "WHAT:inst18|lpm_clshift:lpm_clshift_component"
Info: Instantiated megafunction "WHAT:inst18|lpm_clshift:lpm_clshift_component" with the following parameter:
    Info: Parameter "lpm_shifttype" = "LOGICAL"
    Info: Parameter "lpm_type" = "LPM_CLSHIFT"
    Info: Parameter "lpm_width" = "24"
    Info: Parameter "lpm_widthdist" = "1"
Info: Found 1 design units, including 1 entities, in source file db/lpm_clshift_sjc.tdf
    Info: Found entity 1: lpm_clshift_sjc
Info: Elaborating entity "lpm_clshift_sjc" for hierarchy "WHAT:inst18|lpm_clshift:lpm_clshift_component|lpm_clshift_sjc:auto_generated"
Info: Elaborating entity "SMUX" for hierarchy "SMUX:inst20"
Info: Elaborating entity "SM1" for hierarchy "SM1:inst21"
Info: Elaborating entity "lpm_add_sub" for hierarchy "SM1:inst21|lpm_add_sub:lpm_add_sub_component"
Info: Elaborated megafunction instantiation "SM1:inst21|lpm_add_sub:lpm_add_sub_component"
Info: Instantiated megafunction "SM1:inst21|lpm_add_sub:lpm_add_sub_component" with the following parameter:
    Info: Parameter "lpm_direction" = "ADD"
    Info: Parameter "lpm_hint" = "ONE_INPUT_IS_CONSTANT=NO,CIN_USED=YES"
    Info: Parameter "lpm_representation" = "UNSIGNED"
    Info: Parameter "lpm_type" = "LPM_ADD_SUB"
    Info: Parameter "lpm_width" = "23"
Info: Found 1 design units, including 1 entities, in source file db/add_sub_nii.tdf
    Info: Found entity 1: add_sub_nii
Info: Elaborating entity "add_sub_nii" for hierarchy "SM1:inst21|lpm_add_sub:lpm_add_sub_component|add_sub_nii:auto_generated"
Info: Elaborating entity "INVERT24" for hierarchy "INVERT24:inst26"
Info: Elaborating entity "INVERT4" for hierarchy "INVERT24:inst26|INVERT4:inst7"
Warning: Using design file lpm_mux2.tdf, which is not specified as a design file for the current project, but contains definitions for 1 design units and 1 entities in project
    Info: Found entity 1: lpm_mux2
Info: Elaborating entity "lpm_mux2" for hierarchy "lpm_mux2:inst27"
Info: Elaborating entity "LPM_MUX" for hierarchy "lpm_mux2:inst27|LPM_MUX:lpm_mux_component"
Info: Elaborated megafunction instantiation "lpm_mux2:inst27|LPM_MUX:lpm_mux_component"
Info: Instantiated megafunction "lpm_mux2:inst27|LPM_MUX:lpm_mux_component" with the following parameter:
    Info: Parameter "LPM_TYPE" = "LPM_MUX"
    Info: Parameter "LPM_WIDTH" = "23"
    Info: Parameter "LPM_SIZE" = "2"
    Info: Parameter "LPM_WIDTHS" = "1"
Info: Found 1 design units, including 1 entities, in source file db/mux_irc.tdf
    Info: Found entity 1: mux_irc
Info: Elaborating entity "mux_irc" for hierarchy "lpm_mux2:inst27|LPM_MUX:lpm_mux_component|mux_irc:auto_generated"
Info: Elaborating entity "CT1" for hierarchy "CT1:inst29"
Info: Elaborating entity "lpm_counter" for hierarchy "CT1:inst29|lpm_counter:lpm_counter_component"
Info: Elaborated megafunction instantiation "CT1:inst29|lpm_counter:lpm_counter_component"
Info: Instantiated megafunction "CT1:inst29|lpm_counter:lpm_counter_component" with the following parameter:
    Info: Parameter "lpm_direction" = "UP"
    Info: Parameter "lpm_port_updown" = "PORT_UNUSED"
    Info: Parameter "lpm_svalue" = "8"
    Info: Parameter "lpm_type" = "LPM_COUNTER"
    Info: Parameter "lpm_width" = "6"
Info: Found 1 design units, including 1 entities, in source file db/cntr_62k.tdf
    Info: Found entity 1: cntr_62k
Info: Elaborating entity "cntr_62k" for hierarchy "CT1:inst29|lpm_counter:lpm_counter_component|cntr_62k:auto_generated"
Info: Elaborating entity "LG_OR_7" for hierarchy "LG_OR_7:inst10"
Info: Elaborating entity "lpm_or" for hierarchy "LG_OR_7:inst10|lpm_or:lpm_or_component"
Info: Elaborated megafunction instantiation "LG_OR_7:inst10|lpm_or:lpm_or_component"
Info: Instantiated megafunction "LG_OR_7:inst10|lpm_or:lpm_or_component" with the following parameter:
    Info: Parameter "LPM_WIDTH" = "1"
    Info: Parameter "LPM_SIZE" = "7"
    Info: Parameter "LPM_TYPE" = "LPM_OR"
    Info: Parameter "LPM_HINT" = "UNUSED"
Info: Timing-Driven Synthesis is running
Info: Implemented 299 device resources after synthesis - the final resource count might be different
    Info: Implemented 46 input pins
    Info: Implemented 43 output pins
    Info: Implemented 210 logic cells
Info: Quartus II Analysis & Synthesis was successful. 0 errors, 3 warnings
    Info: Peak virtual memory: 249 megabytes
    Info: Processing ended: Tue Oct 25 19:41:03 2022
    Info: Elapsed time: 00:00:02
    Info: Total CPU time (on all processors): 00:00:02


